<?xml version="1.0" encoding="utf-8"?>
<TestRun id="a802969e-79e6-4e2f-9f71-0d472f3e335a" name="Martin@DESKTOP-CM8OBSG 2026-09-26 05:47:06" runUser="DESKTOP-CM8OBSG\Martin" xmlns="http://microsoft.com/schemas/VisualStudio/TeamTest/2010">
  <Times creation="2026-09-26T05:47:06.2585090+02:00" queuing="2026-09-26T05:47:06.2585093+02:00" start="2026-09-26T05:46:17.2301374+02:00" finish="2026-09-26T05:50:13.7922233+02:00" />
  <TestSettings name="default" id="661c5379-3fd7-4328-95f1-4a83acae7fca">
    <Deployment runDeploymentRoot="Martin_DESKTOP-CM8OBSG_2026-09-26_05_47_06" />
  </TestSettings>
  <Results>
    <UnitTestResult executionId="642cf7cd-69d7-444c-8969-07e59bc1b655" testId="a257b6c2-da8f-3dc3-2338-c4a08e98ba31" testName="FinanceManager.Tests.E2E.ListNavigationPlaywrightTests.Create_Edit_Delete_BankAccount_ShouldWork_OnMobileViewport" computerName="DESKTOP-CM8OBSG" duration="00:00:01.5306888" startTime="2026-09-26T05:47:34.1724430+02:00" endTime="2026-09-26T05:47:35.7031664+02:00" testType="13cdc9d9-ddb5-4fa4-a97d-d965ccfc6d4b" outcome="Passed" testListId="8c84fa94-04c1-424b-9868-57a2d4851a1d" relativeResultsDirectory="642cf7cd-69d7-444c-8969-07e59bc1b655" />
    <UnitTestResult executionId="53c50dd0-24d7-4562-bdaa-c105c504d87d" testId="34b9688c-0f99-5da6-0b9f-fe58eeb20539" testName="FinanceManager.Tests.E2E.LoadingBarPlaywrightTests.BudgetReportInitialLoad_ShouldStartGlobalLoadingBar" computerName="DESKTOP-CM8OBSG" duration="00:00:01.4319040" startTime="2026-09-26T05:47:43.2540834+02:00" endTime="2026-09-26T05:47:44.6860247+02:00" testType="13cdc9d9-ddb5-4fa4-a97d-d965ccfc6d4b" outcome="Passed" testListId="8c84fa94-04c1-424b-9868-57a2d4851a1d" relativeResultsDirectory="53c50dd0-24d7-4562-bdaa-c105c504d87d" />
    <UnitTestResult executionId="dadb2da9-1472-4d62-a36a-a03133773f77" testId="84138ed5-db69-22da-5a6b-e2b06003b2e4" testName="FinanceManager.Tests.E2E.LoadingBarPlaywrightTests.FormSubmit_WithValidationMessage_ShouldNotLeaveLoadingBarVisible" computerName="DESKTOP-CM8OBSG" duration="00:00:00.6945477" startTime="2026-09-26T05:47:35.7037117+02:00" endTime="2026-09-26T05:47:36.3983010+02:00" testType="13cdc9d9-ddb5-4fa4-a97d-d965ccfc6d4b" outcome="Passed" testListId="8c84fa94-04c1-424b-9868-57a2d4851a1d" relativeResultsDirectory="dadb2da9-1472-4d62-a36a-a03133773f77" />
    <UnitTestResult executionId="a03841b6-df51-4069-9865-adfb61385da2" testId="f7b67e4b-d55c-7202-b524-e06aff1fdd36" testName="FinanceManager.Tests.E2E.ProfileSettingsLanguageTests.NewUser_WithoutLanguagePreference_UsesBrowserLanguage" computerName="DESKTOP-CM8OBSG" duration="00:00:01.4084161" startTime="2026-09-26T05:49:45.9649316+02:00" endTime="2026-09-26T05:49:47.3733567+02:00" testType="13cdc9d9-ddb5-4fa4-a97d-d965ccfc6d4b" outcome="Passed" testListId="8c84fa94-04c1-424b-9868-57a2d4851a1d" relativeResultsDirectory="a03841b6-df51-4069-9865-adfb61385da2" />
    <UnitTestResult executionId="e1780c20-e6d4-4bc8-b41b-1304d99d91c6" testId="c11595bb-0deb-cf3b-933e-8f70406e321f" testName="FinanceManager.Tests.E2E.WellKnownSetupPlaywrightTests.Admin_ConfiguresChangePasswordUrl_PublicEndpointRedirects" computerName="DESKTOP-CM8OBSG" duration="00:00:02.5618350" startTime="2026-09-26T05:48:46.5100517+02:00" endTime="2026-09-26T05:48:49.0719040+02:00" testType="13cdc9d9-ddb5-4fa4-a97d-d965ccfc6d4b" outcome="Passed" testListId="8c84fa94-04c1-424b-9868-57a2d4851a1d" relativeResultsDirectory="e1780c20-e6d4-4bc8-b41b-1304d99d91c6" />
    <UnitTestResult executionId="33513d79-4b8f-4d44-a474-bbb8d6840942" testId="0ed4cca4-236f-be33-60c5-158d488843bc" testName="FinanceManager.Tests.E2E.StatementDraftQuickEditValueTakeoverE2ETests.QuickEdit_CtrlArrowDown_ShouldSkipHiddenDeletedAndLockedRows" computerName="DESKTOP-CM8OBSG" duration="00:00:01.6254922" startTime="2026-09-26T05:48:12.2148043+02:00" endTime="2026-09-26T05:48:13.8403183+02:00" testType="13cdc9d9-ddb5-4fa4-a97d-d965ccfc6d4b" outcome="Passed" testListId="8c84fa94-04c1-424b-9868-57a2d4851a1d" relativeResultsDirectory="33513d79-4b8f-4d44-a474-bbb8d6840942" />
    <UnitTestResult executionId="2f014a02-0f46-4e21-9cf2-c328eca334e7" testId="bc9a0185-866f-17d2-3b18-8864797cfef8" testName="FinanceManager.Tests.E2E.CollectionAccountPlaywrightTests.AddLinkedIban_ViaUi_ShouldAppearInPanel" computerName="DESKTOP-CM8OBSG" duration="00:00:01.8700080" startTime="2026-09-26T05:47:58.1149320+02:00" endTime="2026-09-26T05:47:59.9849941+02:00" testType="13cdc9d9-ddb5-4fa4-a97d-d965ccfc6d4b" outcome="Passed" testListId="8c84fa94-04c1-424b-9868-57a2d4851a1d" relativeResultsDirectory="2f014a02-0f46-4e21-9cf2-c328eca334e7" />
    <UnitTestResult executionId="1c09e3c1-a6cb-45aa-b62e-7c55050a2a45" testId="10059853-0141-bba1-edda-754533735067" testName="FinanceManager.Tests.E2E.CollectionAccountImportPlaywrightTests.UploadWithLinkedIban_ViaUi_DraftShouldShowAutoAssignedAccount" computerName="DESKTOP-CM8OBSG" duration="00:00:01.7241611" startTime="2026-09-26T05:47:14.6090838+02:00" endTime="2026-09-26T05:47:16.3332938+02:00" testType="13cdc9d9-ddb5-4fa4-a97d-d965ccfc6d4b" outcome="Passed" testListId="8c84fa94-04c1-424b-9868-57a2d4851a1d" relativeResultsDirectory="1c09e3c1-a6cb-45aa-b62e-7c55050a2a45" />
    <UnitTestResult executionId="93bb07cf-ada6-4512-8951-53745f700d9e" testId="7d0dd463-4e9d-e2a0-15c3-6fe8c1b09a16" testName="FinanceManager.Tests.E2E.StatementDraftQuickEditValueTakeoverE2ETests.QuickEdit_Blur_ShouldSendKeepaliveAndKeepLocalInputValue" computerName="DESKTOP-CM8OBSG" duration="00:00:06.8856120" startTime="2026-09-26T05:48:15.4090189+02:00" endTime="2026-09-26T05:48:22.2987037+02:00" testType="13cdc9d9-ddb5-4fa4-a97d-d965ccfc6d4b" outcome="Failed" testListId="8c84fa94-04c1-424b-9868-57a2d4851a1d" relativeResultsDirectory="93bb07cf-ada6-4512-8951-53745f700d9e">
      <Output>
        <ErrorInfo>
          <Message>Expected response.Status to be 204, but found 401 (difference of 197).</Message>
          <StackTrace>   at FluentAssertions.Numeric.NumericAssertionsBase`3.Be(T expected, String because, Object[] becauseArgs)&#xD;
   at FinanceManager.Tests.E2E.StatementDraftQuickEditValueTakeoverE2ETests.QuickEdit_Blur_ShouldSendKeepaliveAndKeepLocalInputValue() in C:\Users\Martin\AppData\Local\Temp\softwareschmiede\6649a26a-e4f6-4584-a4d6-3cb840b22d7d\FinanceManager.Tests.E2E\Tests\StatementDrafts\StatementDraftQuickEditValueTakeoverE2ETests.cs:line 534&#xD;
   at FinanceManager.Tests.E2E.StatementDraftQuickEditValueTakeoverE2ETests.QuickEdit_Blur_ShouldSendKeepaliveAndKeepLocalInputValue() in C:\Users\Martin\AppData\Local\Temp\softwareschmiede\6649a26a-e4f6-4584-a4d6-3cb840b22d7d\FinanceManager.Tests.E2E\Tests\StatementDrafts\StatementDraftQuickEditValueTakeoverE2ETests.cs:line 539&#xD;
--- End of stack trace from previous location ---</StackTrace>
        </ErrorInfo>
      </Output>
    </UnitTestResult>
    <UnitTestResult executionId="2a124408-90fc-486a-aaa3-bd7bd5eb642f" testId="4d723844-d6ef-9583-0bf8-6a1dd3f99f82" testName="FinanceManager.Tests.E2E.UpdateSetupPlaywrightTests.Admin_OpensUpdateTab_ShowsStatus" computerName="DESKTOP-CM8OBSG" duration="00:00:01.0620723" startTime="2026-09-26T05:48:07.8914663+02:00" endTime="2026-09-26T05:48:08.9535666+02:00" testType="13cdc9d9-ddb5-4fa4-a97d-d965ccfc6d4b" outcome="Passed" testListId="8c84fa94-04c1-424b-9868-57a2d4851a1d" relativeResultsDirectory="2a124408-90fc-486a-aaa3-bd7bd5eb642f" />
    <UnitTestResult executionId="5bb63827-b13c-4f59-a849-b32790be80fd" testId="1caaaa9f-98d6-8946-6f63-3d325dc3f1ae" testName="FinanceManager.Tests.E2E.StatementDraftQuickEditValueTakeoverE2ETests.CtrlArrowNavigation_OutsideQuickEdit_ShouldNotChangeFocus" computerName="DESKTOP-CM8OBSG" duration="00:00:01.4987117" startTime="2026-09-26T05:48:41.7667750+02:00" endTime="2026-09-26T05:48:43.2655096+02:00" testType="13cdc9d9-ddb5-4fa4-a97d-d965ccfc6d4b" outcome="Passed" testListId="8c84fa94-04c1-424b-9868-57a2d4851a1d" relativeResultsDirectory="5bb63827-b13c-4f59-a849-b32790be80fd" />
    <UnitTestResult executionId="cb21a3a5-f8b6-4db8-8cf9-5cc4443077da" testId="ca3d698e-7889-8533-bc06-26a204155876" testName="FinanceManager.Tests.E2E.StatementDraftQuickEditValueTakeoverE2ETests.QuickEdit_PressesCtrlF8_ShouldCopyAllFieldsFromRowAboveAndOverwriteExisting" computerName="DESKTOP-CM8OBSG" duration="00:00:01.7297363" startTime="2026-09-26T05:48:40.0366833+02:00" endTime="2026-09-26T05:48:41.7664438+02:00" testType="13cdc9d9-ddb5-4fa4-a97d-d965ccfc6d4b" outcome="Passed" testListId="8c84fa94-04c1-424b-9868-57a2d4851a1d" relativeResultsDirectory="cb21a3a5-f8b6-4db8-8cf9-5cc4443077da" />
    <UnitTestResult executionId="84b64040-c6e9-4f64-a5b4-5e46e7645983" testId="b83c4930-e946-cbd7-cf72-df725f9b2947" testName="FinanceManager.Tests.E2E.AuthenticationFlowPlaywrightTests.Register_Login_Logout_Flow_ShouldWork" computerName="DESKTOP-CM8OBSG" duration="00:00:01.7984588" startTime="2026-09-26T05:49:12.7667023+02:00" endTime="2026-09-26T05:49:14.5651696+02:00" testType="13cdc9d9-ddb5-4fa4-a97d-d965ccfc6d4b" outcome="Passed" testListId="8c84fa94-04c1-424b-9868-57a2d4851a1d" relativeResultsDirectory="84b64040-c6e9-4f64-a5b4-5e46e7645983" />
    <UnitTestResult executionId="bb01485d-ccd2-472e-ad05-9614a70fdf1d" testId="ca30e4fb-a9ee-d984-76c4-fd258f8c3f18" testName="FinanceManager.Tests.E2E.ChangePasswordWellKnownPlaywrightTests.AuthenticatedUser_ChangesPassword_ViaUi" computerName="DESKTOP-CM8OBSG" duration="00:00:02.4883946" startTime="2026-09-26T05:48:55.9686090+02:00" endTime="2026-09-26T05:48:58.4570180+02:00" testType="13cdc9d9-ddb5-4fa4-a97d-d965ccfc6d4b" outcome="Passed" testListId="8c84fa94-04c1-424b-9868-57a2d4851a1d" relativeResultsDirectory="bb01485d-ccd2-472e-ad05-9614a70fdf1d" />
    <UnitTestResult executionId="fa2c66a1-b124-4615-80d1-24920b339204" testId="400063c0-bae3-e6a3-e723-4640e4af42ed" testName="FinanceManager.Tests.E2E.StatementDraftQuickEditValueTakeoverE2ETests.QuickEdit_CtrlArrowDownAtLastRow_ShouldKeepFocus" computerName="DESKTOP-CM8OBSG" duration="00:00:01.5563784" startTime="2026-09-26T05:48:36.7452431+02:00" endTime="2026-09-26T05:48:38.3016448+02:00" testType="13cdc9d9-ddb5-4fa4-a97d-d965ccfc6d4b" outcome="Passed" testListId="8c84fa94-04c1-424b-9868-57a2d4851a1d" relativeResultsDirectory="fa2c66a1-b124-4615-80d1-24920b339204" />
    <UnitTestResult executionId="9192ec0f-2085-48c8-b44f-9628d5fe3c08" testId="92145fce-0c4d-1947-4621-45750c58dd33" testName="FinanceManager.Tests.E2E.ListNavigationPlaywrightTests.CreateContact_FromStatementEntryPage_ShouldAssignContactDirectly" computerName="DESKTOP-CM8OBSG" duration="00:00:01.5705806" startTime="2026-09-26T05:47:16.3341031+02:00" endTime="2026-09-26T05:47:17.9047603+02:00" testType="13cdc9d9-ddb5-4fa4-a97d-d965ccfc6d4b" outcome="Passed" testListId="8c84fa94-04c1-424b-9868-57a2d4851a1d" relativeResultsDirectory="9192ec0f-2085-48c8-b44f-9628d5fe3c08" />
    <UnitTestResult executionId="89a3a2da-4a79-450c-94cf-0ace675f19dd" testId="0acff28c-0784-2190-12a9-abb1fccca4bb" testName="FinanceManager.Tests.E2E.ListNavigationPlaywrightTests.Create_Edit_Delete_BankAccount_ShouldWork" computerName="DESKTOP-CM8OBSG" duration="00:00:01.5793524" startTime="2026-09-26T05:47:30.9727434+02:00" endTime="2026-09-26T05:47:32.5521324+02:00" testType="13cdc9d9-ddb5-4fa4-a97d-d965ccfc6d4b" outcome="Passed" testListId="8c84fa94-04c1-424b-9868-57a2d4851a1d" relativeResultsDirectory="89a3a2da-4a79-450c-94cf-0ace675f19dd" />
    <UnitTestResult executionId="b471a3e7-8a95-412f-bf64-da1e10c6249a" testId="93d2aa20-2ab2-779b-98d7-b0df3ac3f2a3" testName="FinanceManager.Tests.E2E.ListNavigationPlaywrightTests.ClickAccountRow_ShouldNavigateToDetailPage" computerName="DESKTOP-CM8OBSG" duration="00:00:01.0154896" startTime="2026-09-26T05:47:17.9052598+02:00" endTime="2026-09-26T05:47:18.9208469+02:00" testType="13cdc9d9-ddb5-4fa4-a97d-d965ccfc6d4b" outcome="Passed" testListId="8c84fa94-04c1-424b-9868-57a2d4851a1d" relativeResultsDirectory="b471a3e7-8a95-412f-bf64-da1e10c6249a" />
    <UnitTestResult executionId="0e3b9d28-80e2-4356-ae7c-7cb465b5912b" testId="81987959-9b75-40e8-d553-5b3de0054f8d" testName="FinanceManager.Tests.E2E.AuthenticationFlowPlaywrightTests.ActiveNavigationAndInteraction_ShouldRefreshNearExpirySessionWithoutLoginRedirect" computerName="DESKTOP-CM8OBSG" duration="00:00:06.2337061" startTime="2026-09-26T05:49:06.5327395+02:00" endTime="2026-09-26T05:49:12.7664222+02:00" testType="13cdc9d9-ddb5-4fa4-a97d-d965ccfc6d4b" outcome="Passed" testListId="8c84fa94-04c1-424b-9868-57a2d4851a1d" relativeResultsDirectory="0e3b9d28-80e2-4356-ae7c-7cb465b5912b" />
    <UnitTestResult executionId="579ad0cd-113e-4348-8aa8-7993d0b95902" testId="0ccbe138-fd4f-0dcd-7239-cca9fd210592" testName="FinanceManager.Tests.E2E.ListNavigationPlaywrightTests.Create_Edit_Delete_Security_AndImportPrices_OnPricesPage_ShouldWork" computerName="DESKTOP-CM8OBSG" duration="00:00:02.2509125" startTime="2026-09-26T05:47:28.7214353+02:00" endTime="2026-09-26T05:47:30.9723889+02:00" testType="13cdc9d9-ddb5-4fa4-a97d-d965ccfc6d4b" outcome="Passed" testListId="8c84fa94-04c1-424b-9868-57a2d4851a1d" relativeResultsDirectory="579ad0cd-113e-4348-8aa8-7993d0b95902" />
    <UnitTestResult executionId="29fd6e59-0296-4847-9145-b1b185e6670b" testId="f7072f02-cf2e-5d49-54d7-c9da190f2765" testName="FinanceManager.Tests.E2E.ChangePasswordWellKnownPlaywrightTests.ChangePassword_WrongCurrent_ShowsError" computerName="DESKTOP-CM8OBSG" duration="00:00:02.4362263" startTime="2026-09-26T05:48:51.2464504+02:00" endTime="2026-09-26T05:48:53.6826963+02:00" testType="13cdc9d9-ddb5-4fa4-a97d-d965ccfc6d4b" outcome="Passed" testListId="8c84fa94-04c1-424b-9868-57a2d4851a1d" relativeResultsDirectory="29fd6e59-0296-4847-9145-b1b185e6670b" />
    <UnitTestResult executionId="8e8e3a3e-2db9-4be9-b707-e32dbb33eabd" testId="e51b5560-06bf-753a-dc2a-82f5dc6372e2" testName="FinanceManager.Tests.E2E.CollectionAccountPlaywrightTests.RemoveLinkedIban_ViaUi_ShouldDisappearFromPanel" computerName="DESKTOP-CM8OBSG" duration="00:00:02.3372563" startTime="2026-09-26T05:48:01.6469257+02:00" endTime="2026-09-26T05:48:03.9841989+02:00" testType="13cdc9d9-ddb5-4fa4-a97d-d965ccfc6d4b" outcome="Passed" testListId="8c84fa94-04c1-424b-9868-57a2d4851a1d" relativeResultsDirectory="8e8e3a3e-2db9-4be9-b707-e32dbb33eabd" />
    <UnitTestResult executionId="ac21f440-cf16-4585-97c0-cdc353a32435" testId="84d657fe-d2c5-78dc-d09e-ac7bc903eefe" testName="FinanceManager.Tests.E2E.AccountsOverviewStatisticsPlaywrightTests.AccountsOverview_MixedBalances_ShowsLosslessSignedDistribution" computerName="DESKTOP-CM8OBSG" duration="00:00:01.1041875" startTime="2026-09-26T05:50:01.9882014+02:00" endTime="2026-09-26T05:50:03.0924032+02:00" testType="13cdc9d9-ddb5-4fa4-a97d-d965ccfc6d4b" outcome="Passed" testListId="8c84fa94-04c1-424b-9868-57a2d4851a1d" relativeResultsDirectory="ac21f440-cf16-4585-97c0-cdc353a32435" />
    <UnitTestResult executionId="d13c5ae4-4660-451e-b9cf-5b103bc0f726" testId="86b93011-362c-1730-0413-6c9eadd327a3" testName="FinanceManager.Tests.E2E.KpiLocalStorageE2ETests.DisableCache_RemovesKpiDataFromLocalStorage" computerName="DESKTOP-CM8OBSG" duration="00:00:02.2230278" startTime="2026-09-26T05:48:05.6679032+02:00" endTime="2026-09-26T05:48:07.8909503+02:00" testType="13cdc9d9-ddb5-4fa4-a97d-d965ccfc6d4b" outcome="Passed" testListId="8c84fa94-04c1-424b-9868-57a2d4851a1d" relativeResultsDirectory="d13c5ae4-4660-451e-b9cf-5b103bc0f726" />
    <UnitTestResult executionId="ad8ff793-5ff4-4565-ac98-2ad6f7894186" testId="8d90f721-3459-f0c8-404c-7e067f85fc9d" testName="FinanceManager.Tests.E2E.CollectionAccountPlaywrightTests.CreateCollectionAccount_ViaUi_ShouldNavigateToDetailPage" computerName="DESKTOP-CM8OBSG" duration="00:00:01.6610301" startTime="2026-09-26T05:47:59.9854894+02:00" endTime="2026-09-26T05:48:01.6465566+02:00" testType="13cdc9d9-ddb5-4fa4-a97d-d965ccfc6d4b" outcome="Passed" testListId="8c84fa94-04c1-424b-9868-57a2d4851a1d" relativeResultsDirectory="ad8ff793-5ff4-4565-ac98-2ad6f7894186" />
    <UnitTestResult executionId="1f05a2aa-b183-4093-a056-ad41ea74ed1b" testId="37aa55e4-2631-9d8c-865b-e01afc030c48" testName="FinanceManager.Tests.E2E.StatementDraftQuickEditValueTakeoverE2ETests.QuickEdit_PressesF8_ShouldCopySingleFieldFromRowAbove" computerName="DESKTOP-CM8OBSG" duration="00:00:01.5643396" startTime="2026-09-26T05:48:44.9450687+02:00" endTime="2026-09-26T05:48:46.5094294+02:00" testType="13cdc9d9-ddb5-4fa4-a97d-d965ccfc6d4b" outcome="Passed" testListId="8c84fa94-04c1-424b-9868-57a2d4851a1d" relativeResultsDirectory="1f05a2aa-b183-4093-a056-ad41ea74ed1b" />
    <UnitTestResult executionId="a53594c2-af30-44f4-8e56-742066b22490" testId="a6b58e3e-e2f1-0ce3-4d0d-d63cbabd1fc7" testName="FinanceManager.Tests.E2E.AccountsOverviewStatisticsPlaywrightTests.AccountsOverview_ShowsTotalYearChangeAndMonthChange" computerName="DESKTOP-CM8OBSG" duration="00:00:00.9207832" startTime="2026-09-26T05:50:09.2636666+02:00" endTime="2026-09-26T05:50:10.1844671+02:00" testType="13cdc9d9-ddb5-4fa4-a97d-d965ccfc6d4b" outcome="Passed" testListId="8c84fa94-04c1-424b-9868-57a2d4851a1d" relativeResultsDirectory="a53594c2-af30-44f4-8e56-742066b22490" />
    <UnitTestResult executionId="7c4532b9-6c72-4d15-a4cb-327f87be930d" testId="c76b7d6d-7db7-04de-6c50-c18d1323a076" testName="FinanceManager.Tests.E2E.ProfileSettingsLanguageTests.ChangeLanguage_UpdatesAuthCookie_WithNewJwtToken" computerName="DESKTOP-CM8OBSG" duration="00:00:02.1268974" startTime="2026-09-26T05:49:53.5912813+02:00" endTime="2026-09-26T05:49:55.7181838+02:00" testType="13cdc9d9-ddb5-4fa4-a97d-d965ccfc6d4b" outcome="Passed" testListId="8c84fa94-04c1-424b-9868-57a2d4851a1d" relativeResultsDirectory="7c4532b9-6c72-4d15-a4cb-327f87be930d" />
    <UnitTestResult executionId="64d2c588-f673-49a8-be82-10271174d510" testId="cf61cd93-08e4-3743-3986-a7c6707319bd" testName="FinanceManager.Tests.E2E.AuthenticationFlowPlaywrightTests.LoginWithInvalidOrExternalReturnUrl_ShouldNavigateToHome(returnUrl: &quot;https://example.invalid/reports/dashboard&quot;)" computerName="DESKTOP-CM8OBSG" duration="00:00:00.9333569" startTime="2026-09-26T05:49:02.2952585+02:00" endTime="2026-09-26T05:49:03.2286432+02:00" testType="13cdc9d9-ddb5-4fa4-a97d-d965ccfc6d4b" outcome="Passed" testListId="8c84fa94-04c1-424b-9868-57a2d4851a1d" relativeResultsDirectory="64d2c588-f673-49a8-be82-10271174d510" />
    <UnitTestResult executionId="56e8bc2d-9b7a-4c45-b362-da5bdc972624" testId="67744182-0409-3cfd-c5be-b4fd48f59982" testName="FinanceManager.Tests.E2E.StatementDraftQuickEditValueTakeoverE2ETests.QuickEdit_CtrlArrowOnDateFields_ShouldMoveFocusWithoutChangingDate" computerName="DESKTOP-CM8OBSG" duration="00:00:01.7343514" startTime="2026-09-26T05:48:38.3019769+02:00" endTime="2026-09-26T05:48:40.0363622+02:00" testType="13cdc9d9-ddb5-4fa4-a97d-d965ccfc6d4b" outcome="Passed" testListId="8c84fa94-04c1-424b-9868-57a2d4851a1d" relativeResultsDirectory="56e8bc2d-9b7a-4c45-b362-da5bdc972624" />
    <UnitTestResult executionId="6a0a1ddd-66a2-434d-8042-142a69f05f70" testId="8cc884ba-4b5f-f418-0f10-97a7043a9d7c" testName="FinanceManager.Tests.E2E.LoadingBarPlaywrightTests.LoadingBar_ShouldSitBelowMobileTopbar_OnMobile" computerName="DESKTOP-CM8OBSG" duration="00:00:00.8863905" startTime="2026-09-26T05:47:37.2753601+02:00" endTime="2026-09-26T05:47:38.1617949+02:00" testType="13cdc9d9-ddb5-4fa4-a97d-d965ccfc6d4b" outcome="Passed" testListId="8c84fa94-04c1-424b-9868-57a2d4851a1d" relativeResultsDirectory="6a0a1ddd-66a2-434d-8042-142a69f05f70" />
    <UnitTestResult executionId="10be29d6-9ae8-41bc-b2c9-d87cc28713dc" testId="f1568b7c-64ea-01df-61c6-e0dc5ed1ce01" testName="FinanceManager.Tests.E2E.AccountsOverviewStatisticsPlaywrightTests.AccountsOverview_OtherUsersAccountsRemainInvisibleEverywhere" computerName="DESKTOP-CM8OBSG" duration="00:00:00.9835085" startTime="2026-09-26T05:49:57.9450802+02:00" endTime="2026-09-26T05:49:58.9286021+02:00" testType="13cdc9d9-ddb5-4fa4-a97d-d965ccfc6d4b" outcome="Passed" testListId="8c84fa94-04c1-424b-9868-57a2d4851a1d" relativeResultsDirectory="10be29d6-9ae8-41bc-b2c9-d87cc28713dc" />
    <UnitTestResult executionId="92cfd823-cd87-4771-9d85-0c73cd85fb79" testId="ef6f6cc2-7c5c-7ada-8b0b-344c1340120a" testName="FinanceManager.Tests.E2E.ChangePasswordWellKnownPlaywrightTests.AnonymousWellKnown_RedirectsThroughLoginToChangePassword" computerName="DESKTOP-CM8OBSG" duration="00:00:01.3679541" startTime="2026-09-26T05:48:53.6829935+02:00" endTime="2026-09-26T05:48:55.0509751+02:00" testType="13cdc9d9-ddb5-4fa4-a97d-d965ccfc6d4b" outcome="Passed" testListId="8c84fa94-04c1-424b-9868-57a2d4851a1d" relativeResultsDirectory="92cfd823-cd87-4771-9d85-0c73cd85fb79" />
    <UnitTestResult executionId="1a147431-47e4-44de-8ee8-adef46e49f78" testId="77a3e9df-4fa5-c09f-317d-da5a501ff014" testName="FinanceManager.Tests.E2E.AccountsOverviewStatisticsPlaywrightTests.AccountsOverview_StatisticsFailure_ShowsErrorAndLeavesTableUsable" computerName="DESKTOP-CM8OBSG" duration="00:00:01.0529303" startTime="2026-09-26T05:50:05.0584060+02:00" endTime="2026-09-26T05:50:06.1113517+02:00" testType="13cdc9d9-ddb5-4fa4-a97d-d965ccfc6d4b" outcome="Passed" testListId="8c84fa94-04c1-424b-9868-57a2d4851a1d" relativeResultsDirectory="1a147431-47e4-44de-8ee8-adef46e49f78" />
    <UnitTestResult executionId="89f5c0ad-a2ab-4694-ae9f-ac3ff9101ca8" testId="db6cecb1-0024-9446-c816-d5b77bc24f1c" testName="FinanceManager.Tests.E2E.ProfileSettingsLanguageTests.ChangeLanguage_ToAutomatic_RespectsBrowserLanguage" computerName="DESKTOP-CM8OBSG" duration="00:00:02.6634821" startTime="2026-09-26T05:49:47.3736182+02:00" endTime="2026-09-26T05:49:50.0371036+02:00" testType="13cdc9d9-ddb5-4fa4-a97d-d965ccfc6d4b" outcome="Passed" testListId="8c84fa94-04c1-424b-9868-57a2d4851a1d" relativeResultsDirectory="89f5c0ad-a2ab-4694-ae9f-ac3ff9101ca8" />
    <UnitTestResult executionId="96cb712a-748f-4d5a-8db8-d12aa00a0b39" testId="f8bfd664-6dba-2328-00f4-d2b52031bfd5" testName="FinanceManager.Tests.E2E.SecurityTxtSetupPlaywrightTests.Admin_EditsSecurityTxtSettings_EnableSaveAndPersist" computerName="DESKTOP-CM8OBSG" duration="00:00:02.2225149" startTime="2026-09-26T05:49:28.7586508+02:00" endTime="2026-09-26T05:49:30.9811740+02:00" testType="13cdc9d9-ddb5-4fa4-a97d-d965ccfc6d4b" outcome="Passed" testListId="8c84fa94-04c1-424b-9868-57a2d4851a1d" relativeResultsDirectory="96cb712a-748f-4d5a-8db8-d12aa00a0b39" />
    <UnitTestResult executionId="f549495a-dd49-4073-a9e5-8fd18265b0bf" testId="5eb81295-5d23-2272-5aae-c99d38f1e7ff" testName="FinanceManager.Tests.E2E.ListNavigationPlaywrightTests.ClickAccountRow_ShouldNavigateToDetailPage_OnMobileViewport" computerName="DESKTOP-CM8OBSG" duration="00:00:01.0338563" startTime="2026-09-26T05:47:18.9212729+02:00" endTime="2026-09-26T05:47:19.9551815+02:00" testType="13cdc9d9-ddb5-4fa4-a97d-d965ccfc6d4b" outcome="Passed" testListId="8c84fa94-04c1-424b-9868-57a2d4851a1d" relativeResultsDirectory="f549495a-dd49-4073-a9e5-8fd18265b0bf" />
    <UnitTestResult executionId="4202e1fb-a999-44d1-9054-ed9710c4fc90" testId="3af2a4a8-df57-d45b-78d2-2f5ee769dd4a" testName="FinanceManager.Tests.E2E.AuthenticationFlowPlaywrightTests.LoginWithInvalidOrExternalReturnUrl_ShouldNavigateToHome(returnUrl: &quot;%252Freports%252Fdashboard&quot;)" computerName="DESKTOP-CM8OBSG" duration="00:00:01.0964510" startTime="2026-09-26T05:49:01.1985074+02:00" endTime="2026-09-26T05:49:02.2950057+02:00" testType="13cdc9d9-ddb5-4fa4-a97d-d965ccfc6d4b" outcome="Passed" testListId="8c84fa94-04c1-424b-9868-57a2d4851a1d" relativeResultsDirectory="4202e1fb-a999-44d1-9054-ed9710c4fc90" />
    <UnitTestResult executionId="9ecaeb96-0355-4126-ad61-d34e1fb1a019" testId="db54793e-d1c2-4e39-eef9-d6d0cc871dbd" testName="FinanceManager.Tests.E2E.AccountsOverviewStatisticsPlaywrightTests.AccountsOverview_UnknownAndLongBankContact_RemainsReadable" computerName="DESKTOP-CM8OBSG" duration="00:00:01.8588500" startTime="2026-09-26T05:50:06.1116120+02:00" endTime="2026-09-26T05:50:07.9704696+02:00" testType="13cdc9d9-ddb5-4fa4-a97d-d965ccfc6d4b" outcome="Passed" testListId="8c84fa94-04c1-424b-9868-57a2d4851a1d" relativeResultsDirectory="9ecaeb96-0355-4126-ad61-d34e1fb1a019" />
    <UnitTestResult executionId="f6213457-eba7-407d-ba55-16359c40f0d2" testId="ee22168c-263c-604d-9498-bb2b43c0dcd7" testName="FinanceManager.Tests.E2E.AccountsOverviewStatisticsPlaywrightTests.AccountsOverview_ShowsAccountTypeAndBankContactDonuts" computerName="DESKTOP-CM8OBSG" duration="00:00:00.9432772" startTime="2026-09-26T05:49:58.9289030+02:00" endTime="2026-09-26T05:49:59.8721924+02:00" testType="13cdc9d9-ddb5-4fa4-a97d-d965ccfc6d4b" outcome="Passed" testListId="8c84fa94-04c1-424b-9868-57a2d4851a1d" relativeResultsDirectory="f6213457-eba7-407d-ba55-16359c40f0d2" />
    <UnitTestResult executionId="22c1f3d7-430f-4ca0-bfa4-baa350cb4166" testId="68123a91-8003-b218-5cec-07ad511a1615" testName="FinanceManager.Tests.E2E.StatementDraftQuickEditValueTakeoverE2ETests.QuickEdit_SaveButton_IsEnabledWhenAllRowsComplete" computerName="DESKTOP-CM8OBSG" duration="00:00:01.9753806" startTime="2026-09-26T05:48:23.9752813+02:00" endTime="2026-09-26T05:48:25.9506825+02:00" testType="13cdc9d9-ddb5-4fa4-a97d-d965ccfc6d4b" outcome="Passed" testListId="8c84fa94-04c1-424b-9868-57a2d4851a1d" relativeResultsDirectory="22c1f3d7-430f-4ca0-bfa4-baa350cb4166" />
    <UnitTestResult executionId="6fd1fdc5-2ba0-4f49-9e58-0c53d111344a" testId="fc214fcd-8001-c6d9-6dbb-53930b24747d" testName="FinanceManager.Tests.E2E.CollectionAccountImportPlaywrightTests.UploadCollectionAccountCsv_ViaUi_ShouldShowMultipleDraftsInList" computerName="DESKTOP-CM8OBSG" duration="00:00:02.4478678" startTime="2026-09-26T05:47:12.1607695+02:00" endTime="2026-09-26T05:47:14.6086866+02:00" testType="13cdc9d9-ddb5-4fa4-a97d-d965ccfc6d4b" outcome="Passed" testListId="8c84fa94-04c1-424b-9868-57a2d4851a1d" relativeResultsDirectory="6fd1fdc5-2ba0-4f49-9e58-0c53d111344a" />
    <UnitTestResult executionId="34c881e6-9beb-46e6-9ae1-822ae5f0551b" testId="e9b844bd-0abc-982d-37cc-7d94309277a3" testName="FinanceManager.Tests.E2E.PortfolioAnalysisReportE2ETests.RibbonNavigationScenario_ShouldNavigateFromSecuritiesList" computerName="DESKTOP-CM8OBSG" duration="00:00:01.6623117" startTime="2026-09-26T05:49:35.7595464+02:00" endTime="2026-09-26T05:49:37.4218700+02:00" testType="13cdc9d9-ddb5-4fa4-a97d-d965ccfc6d4b" outcome="Passed" testListId="8c84fa94-04c1-424b-9868-57a2d4851a1d" relativeResultsDirectory="34c881e6-9beb-46e6-9ae1-822ae5f0551b" />
    <UnitTestResult executionId="97006623-d906-45c7-ad0a-ac476ca57f3c" testId="a2fbb00a-f107-2664-d633-7eff551d589a" testName="FinanceManager.Tests.E2E.LoadingBarPlaywrightTests.LoadingBar_ShouldUseSingleDomNodeAndRestartSameInstance" computerName="DESKTOP-CM8OBSG" duration="00:00:00.8760911" startTime="2026-09-26T05:47:36.3987177+02:00" endTime="2026-09-26T05:47:37.2748795+02:00" testType="13cdc9d9-ddb5-4fa4-a97d-d965ccfc6d4b" outcome="Passed" testListId="8c84fa94-04c1-424b-9868-57a2d4851a1d" relativeResultsDirectory="97006623-d906-45c7-ad0a-ac476ca57f3c" />
    <UnitTestResult executionId="d4a16c21-320a-4b1b-b4cf-645f247f269c" testId="7d063830-ed87-9598-af11-80a8d0bc0d03" testName="FinanceManager.Tests.E2E.PreliminaryStatementDraftE2ETests.OpenPreliminaryDraft_Card_ShouldShowPreliminaryIndicator" computerName="DESKTOP-CM8OBSG" duration="00:00:01.4900678" startTime="2026-09-26T05:47:46.4587903+02:00" endTime="2026-09-26T05:47:47.9488977+02:00" testType="13cdc9d9-ddb5-4fa4-a97d-d965ccfc6d4b" outcome="Passed" testListId="8c84fa94-04c1-424b-9868-57a2d4851a1d" relativeResultsDirectory="d4a16c21-320a-4b1b-b4cf-645f247f269c" />
    <UnitTestResult executionId="86ad1a49-65ce-468f-abbf-80ec4bf84306" testId="9dec0b50-a03b-d3a8-d9d5-ccfad83de81c" testName="FinanceManager.Tests.E2E.SecurityTxtSetupPlaywrightTests.PublicSecurityTxt_ContainsConfiguredCanonical" computerName="DESKTOP-CM8OBSG" duration="00:00:01.5885556" startTime="2026-09-26T05:49:24.9645026+02:00" endTime="2026-09-26T05:49:26.5530720+02:00" testType="13cdc9d9-ddb5-4fa4-a97d-d965ccfc6d4b" outcome="Passed" testListId="8c84fa94-04c1-424b-9868-57a2d4851a1d" relativeResultsDirectory="86ad1a49-65ce-468f-abbf-80ec4bf84306" />
    <UnitTestResult executionId="bb30a4bf-2846-4462-b5dc-f982d39100dd" testId="914f708f-43f1-d1d1-e33d-9541fce1fdf7" testName="FinanceManager.Tests.E2E.AccountsOverviewStatisticsPlaywrightTests.AccountsOverview_ClickingAccountRow_StillNavigatesToCard" computerName="DESKTOP-CM8OBSG" duration="00:00:00.9832854" startTime="2026-09-26T05:50:03.0926734+02:00" endTime="2026-09-26T05:50:04.0759765+02:00" testType="13cdc9d9-ddb5-4fa4-a97d-d965ccfc6d4b" outcome="Passed" testListId="8c84fa94-04c1-424b-9868-57a2d4851a1d" relativeResultsDirectory="bb30a4bf-2846-4462-b5dc-f982d39100dd" />
    <UnitTestResult executionId="f55bb2c9-eb9e-4961-b7b2-ee9e7d0d4ca5" testId="190d16a5-86cf-c462-a5f0-8137c339a793" testName="FinanceManager.Tests.E2E.StatementDraftQuickEditValueTakeoverE2ETests.QuickEdit_CtrlArrowUpAtFirstRow_ShouldKeepFocus" computerName="DESKTOP-CM8OBSG" duration="00:00:01.6788819" startTime="2026-09-26T05:48:43.2658246+02:00" endTime="2026-09-26T05:48:44.9447296+02:00" testType="13cdc9d9-ddb5-4fa4-a97d-d965ccfc6d4b" outcome="Passed" testListId="8c84fa94-04c1-424b-9868-57a2d4851a1d" relativeResultsDirectory="f55bb2c9-eb9e-4961-b7b2-ee9e7d0d4ca5" />
    <UnitTestResult executionId="ed1dbec9-a6fa-4e15-9fc7-946f7c8d2e75" testId="2b72bb3b-9185-7f59-25af-b2fcc4afe1d1" testName="FinanceManager.Tests.E2E.KpiLocalStorageE2ETests.EnableCache_HomeKpiDataIsPersistedInLocalStorage" computerName="DESKTOP-CM8OBSG" duration="00:00:01.6827513" startTime="2026-09-26T05:48:03.9848154+02:00" endTime="2026-09-26T05:48:05.6675926+02:00" testType="13cdc9d9-ddb5-4fa4-a97d-d965ccfc6d4b" outcome="Passed" testListId="8c84fa94-04c1-424b-9868-57a2d4851a1d" relativeResultsDirectory="ed1dbec9-a6fa-4e15-9fc7-946f7c8d2e75" />
    <UnitTestResult executionId="dfde6544-bb80-4035-a1bd-b4fd3a1168c5" testId="e7b979b5-125b-cba4-d0eb-40aa749487ef" testName="FinanceManager.Tests.E2E.PreliminaryStatementDraftE2ETests.CreatePreliminaryDraft_ViaRibbon_ShouldCreateAndOpenDraftWithQuickEdit" computerName="DESKTOP-CM8OBSG" duration="00:00:01.7716550" startTime="2026-09-26T05:47:44.6867536+02:00" endTime="2026-09-26T05:47:46.4584515+02:00" testType="13cdc9d9-ddb5-4fa4-a97d-d965ccfc6d4b" outcome="Passed" testListId="8c84fa94-04c1-424b-9868-57a2d4851a1d" relativeResultsDirectory="dfde6544-bb80-4035-a1bd-b4fd3a1168c5" />
    <UnitTestResult executionId="7b8c2894-689c-4551-8e61-4a61b005af65" testId="a75a9da5-bc0c-b6bb-abdc-472fbd565771" testName="FinanceManager.Tests.E2E.StatementDraftQuickEditValueTakeoverE2ETests.QuickEdit_CtrlArrowDown_ShouldFocusSameFieldInNextVisibleRow" computerName="DESKTOP-CM8OBSG" duration="00:00:02.2696043" startTime="2026-09-26T05:48:25.9509912+02:00" endTime="2026-09-26T05:48:28.2206134+02:00" testType="13cdc9d9-ddb5-4fa4-a97d-d965ccfc6d4b" outcome="Passed" testListId="8c84fa94-04c1-424b-9868-57a2d4851a1d" relativeResultsDirectory="7b8c2894-689c-4551-8e61-4a61b005af65" />
    <UnitTestResult executionId="9b7000e5-c0a8-4ddb-9717-607eb06be4c8" testId="9048df6e-d1e1-96fd-5478-e1d38aed67cb" testName="FinanceManager.Tests.E2E.PreliminaryStatementDraftE2ETests.BookPreliminaryDraft_ShouldCreatePreliminaryPostings" computerName="DESKTOP-CM8OBSG" duration="00:00:01.6842788" startTime="2026-09-26T05:47:49.6712562+02:00" endTime="2026-09-26T05:47:51.3555645+02:00" testType="13cdc9d9-ddb5-4fa4-a97d-d965ccfc6d4b" outcome="Passed" testListId="8c84fa94-04c1-424b-9868-57a2d4851a1d" relativeResultsDirectory="9b7000e5-c0a8-4ddb-9717-607eb06be4c8" />
    <UnitTestResult executionId="3580e5cf-7ee3-41a3-adfa-2455b4ab8e84" testId="50f5856c-00e2-1549-3160-f1940be4d7af" testName="FinanceManager.Tests.E2E.HomeMassImportPlaywrightTests.UploadStatementFile_ShouldShowSuccess_WhenImportCompletes_OnMobileViewport" computerName="DESKTOP-CM8OBSG" duration="00:00:01.6059147" startTime="2026-09-26T05:49:38.8516647+02:00" endTime="2026-09-26T05:49:40.4575881+02:00" testType="13cdc9d9-ddb5-4fa4-a97d-d965ccfc6d4b" outcome="Passed" testListId="8c84fa94-04c1-424b-9868-57a2d4851a1d" relativeResultsDirectory="3580e5cf-7ee3-41a3-adfa-2455b4ab8e84" />
    <UnitTestResult executionId="091a8ad8-54d7-4f94-a04f-73c331015333" testId="7beb61a2-0f79-2670-27a3-90b0abcb64ee" testName="FinanceManager.Tests.E2E.AuthenticationFlowPlaywrightTests.ExpiredSession_OnProtectedRoute_ShouldRedirectToLoginWithReturnUrl_AndReturnAfterLogin" computerName="DESKTOP-CM8OBSG" duration="00:00:02.2246226" startTime="2026-09-26T05:49:21.1404373+02:00" endTime="2026-09-26T05:49:23.3650672+02:00" testType="13cdc9d9-ddb5-4fa4-a97d-d965ccfc6d4b" outcome="Passed" testListId="8c84fa94-04c1-424b-9868-57a2d4851a1d" relativeResultsDirectory="091a8ad8-54d7-4f94-a04f-73c331015333" />
    <UnitTestResult executionId="2a9ee030-4cb2-4e63-8312-8dfde5a421cc" testId="597d8c8a-e076-d303-9c4e-34cf0e52f1a8" testName="FinanceManager.Tests.E2E.AuthenticationFlowPlaywrightTests.LoginWithoutReturnUrl_ShouldNavigateToHome" computerName="DESKTOP-CM8OBSG" duration="00:00:00.9433430" startTime="2026-09-26T05:49:05.5890712+02:00" endTime="2026-09-26T05:49:06.5324309+02:00" testType="13cdc9d9-ddb5-4fa4-a97d-d965ccfc6d4b" outcome="Passed" testListId="8c84fa94-04c1-424b-9868-57a2d4851a1d" relativeResultsDirectory="2a9ee030-4cb2-4e63-8312-8dfde5a421cc" />
    <UnitTestResult executionId="1568f6d9-0e20-4346-80ad-cefd2607f3d9" testId="cb786a86-253c-e34c-9067-a93696fcd946" testName="FinanceManager.Tests.E2E.WellKnownSetupPlaywrightTests.NonAdmin_SeesSectionButAdminOnlyMessage" computerName="DESKTOP-CM8OBSG" duration="00:00:02.1736673" startTime="2026-09-26T05:48:49.0721744+02:00" endTime="2026-09-26T05:48:51.2458641+02:00" testType="13cdc9d9-ddb5-4fa4-a97d-d965ccfc6d4b" outcome="Passed" testListId="8c84fa94-04c1-424b-9868-57a2d4851a1d" relativeResultsDirectory="1568f6d9-0e20-4346-80ad-cefd2607f3d9" />
    <UnitTestResult executionId="e9f335d8-6483-4e85-a2a5-ab4ac06cf954" testId="776df2ec-9eb7-ffd8-d794-ae4aea79f9d1" testName="FinanceManager.Tests.E2E.StatementDraftQuickEditValueTakeoverE2ETests.QuickEdit_Blur_ShouldCoalesceKeepaliveRequests" computerName="DESKTOP-CM8OBSG" duration="00:00:06.9669766" startTime="2026-09-26T05:48:29.7779721+02:00" endTime="2026-09-26T05:48:36.7449396+02:00" testType="13cdc9d9-ddb5-4fa4-a97d-d965ccfc6d4b" outcome="Passed" testListId="8c84fa94-04c1-424b-9868-57a2d4851a1d" relativeResultsDirectory="e9f335d8-6483-4e85-a2a5-ab4ac06cf954" />
    <UnitTestResult executionId="e5e3411d-97fe-4a93-9f9a-9d6320c7c9e4" testId="965d08e8-cbfe-5454-f5af-fec3b47ecdca" testName="FinanceManager.Tests.E2E.StatementDraftQuickEditValueTakeoverE2ETests.QuickEdit_RegularInputAndF8_ShouldRemainUnaffected" computerName="DESKTOP-CM8OBSG" duration="00:00:01.5561061" startTime="2026-09-26T05:48:28.2209192+02:00" endTime="2026-09-26T05:48:29.7770524+02:00" testType="13cdc9d9-ddb5-4fa4-a97d-d965ccfc6d4b" outcome="Passed" testListId="8c84fa94-04c1-424b-9868-57a2d4851a1d" relativeResultsDirectory="e5e3411d-97fe-4a93-9f9a-9d6320c7c9e4" />
    <UnitTestResult executionId="f58ca5aa-80be-4938-baaf-7fd4279edc66" testId="bf81c487-8eae-b245-9063-2179cb0ffda4" testName="FinanceManager.Tests.E2E.LoadingBarPlaywrightTests.SetupStatementSubmit_ShouldStopLoadingBarAfterNonNavigatingSave" computerName="DESKTOP-CM8OBSG" duration="00:00:01.6214286" startTime="2026-09-26T05:47:41.6322792+02:00" endTime="2026-09-26T05:47:43.2537478+02:00" testType="13cdc9d9-ddb5-4fa4-a97d-d965ccfc6d4b" outcome="Passed" testListId="8c84fa94-04c1-424b-9868-57a2d4851a1d" relativeResultsDirectory="f58ca5aa-80be-4938-baaf-7fd4279edc66" />
    <UnitTestResult executionId="2fcdf485-ee4d-4dfe-b79b-188ee493f3cf" testId="b6085427-e839-665f-ffdb-c7b6fed940d6" testName="FinanceManager.Tests.E2E.CollectionAccountImportPlaywrightTests.ManualAccountAssignment_ViaUi_ShouldAddIbanToLinkedPanelAfterBooking" computerName="DESKTOP-CM8OBSG" duration="00:00:02.1079666" startTime="2026-09-26T05:47:10.0523133+02:00" endTime="2026-09-26T05:47:12.1603514+02:00" testType="13cdc9d9-ddb5-4fa4-a97d-d965ccfc6d4b" outcome="Passed" testListId="8c84fa94-04c1-424b-9868-57a2d4851a1d" relativeResultsDirectory="2fcdf485-ee4d-4dfe-b79b-188ee493f3cf" />
    <UnitTestResult executionId="3f60bdb0-207a-4aec-818e-19eb9d664730" testId="ccb1ca45-f12b-d8e5-c6f0-cada8a792a22" testName="FinanceManager.Tests.E2E.ProfileSettingsLanguageTests.LanguagePreference_PersistedAcrossSessions" computerName="DESKTOP-CM8OBSG" duration="00:00:03.5529346" startTime="2026-09-26T05:49:50.0380929+02:00" endTime="2026-09-26T05:49:53.5910268+02:00" testType="13cdc9d9-ddb5-4fa4-a97d-d965ccfc6d4b" outcome="Passed" testListId="8c84fa94-04c1-424b-9868-57a2d4851a1d" relativeResultsDirectory="3f60bdb0-207a-4aec-818e-19eb9d664730" />
    <UnitTestResult executionId="ef5a587c-8742-430a-9516-e95ba586b18e" testId="68ecf056-fabe-2396-46f6-6d184a0d749c" testName="FinanceManager.Tests.E2E.LoadingBarPlaywrightTests.InternalLinkClick_ShouldStartLoadingBarAutomatically" computerName="DESKTOP-CM8OBSG" duration="00:00:00.8959042" startTime="2026-09-26T05:47:40.7358714+02:00" endTime="2026-09-26T05:47:41.6318437+02:00" testType="13cdc9d9-ddb5-4fa4-a97d-d965ccfc6d4b" outcome="Passed" testListId="8c84fa94-04c1-424b-9868-57a2d4851a1d" relativeResultsDirectory="ef5a587c-8742-430a-9516-e95ba586b18e" />
    <UnitTestResult executionId="ecf994b8-4ba4-4d99-ae87-af8184827893" testId="7335df67-fa39-ad7a-6aa6-595441eb546f" testName="FinanceManager.Tests.E2E.AccountsOverviewStatisticsPlaywrightTests.AccountsOverview_InfiniteScroll_DoesNotChangeStatisticsTotal" computerName="DESKTOP-CM8OBSG" duration="00:00:01.2924430" startTime="2026-09-26T05:50:07.9709175+02:00" endTime="2026-09-26T05:50:09.2633750+02:00" testType="13cdc9d9-ddb5-4fa4-a97d-d965ccfc6d4b" outcome="Passed" testListId="8c84fa94-04c1-424b-9868-57a2d4851a1d" relativeResultsDirectory="ecf994b8-4ba4-4d99-ae87-af8184827893" />
    <UnitTestResult executionId="993172db-0d3f-42d5-bc9b-840f8929ec1b" testId="51d95bd8-4270-c605-fe69-f11630b3e9da" testName="FinanceManager.Tests.E2E.UpdateSetupPlaywrightTests.Admin_SavesSettings_PersistsAcrossReload" computerName="DESKTOP-CM8OBSG" duration="00:00:01.4178473" startTime="2026-09-26T05:48:08.9538423+02:00" endTime="2026-09-26T05:48:10.3717146+02:00" testType="13cdc9d9-ddb5-4fa4-a97d-d965ccfc6d4b" outcome="Passed" testListId="8c84fa94-04c1-424b-9868-57a2d4851a1d" relativeResultsDirectory="993172db-0d3f-42d5-bc9b-840f8929ec1b" />
    <UnitTestResult executionId="0ab3e465-c136-464b-92f1-dd664c0aea4b" testId="c289cdea-b92f-a24f-39a9-e05a5f7b595f" testName="FinanceManager.Tests.E2E.AuthenticationFlowPlaywrightTests.MultipleAuthenticationFailures_ShouldNavigateToLoginOnlyOnce" computerName="DESKTOP-CM8OBSG" duration="00:00:01.3978801" startTime="2026-09-26T05:49:04.1908756+02:00" endTime="2026-09-26T05:49:05.5887692+02:00" testType="13cdc9d9-ddb5-4fa4-a97d-d965ccfc6d4b" outcome="Passed" testListId="8c84fa94-04c1-424b-9868-57a2d4851a1d" relativeResultsDirectory="0ab3e465-c136-464b-92f1-dd664c0aea4b" />
    <UnitTestResult executionId="83adf5a1-d080-4a38-8583-9e07f42e51ae" testId="40cfb84d-53b8-6546-3ed6-a44de01149e6" testName="FinanceManager.Tests.E2E.ReportingFlowPlaywrightTests.SaveFavorite_ShouldPersistAndReload_OnMobileViewport" computerName="DESKTOP-CM8OBSG" duration="00:00:01.6220529" startTime="2026-09-26T05:47:52.3735289+02:00" endTime="2026-09-26T05:47:53.9956172+02:00" testType="13cdc9d9-ddb5-4fa4-a97d-d965ccfc6d4b" outcome="Passed" testListId="8c84fa94-04c1-424b-9868-57a2d4851a1d" relativeResultsDirectory="83adf5a1-d080-4a38-8583-9e07f42e51ae" />
    <UnitTestResult executionId="e081eed1-ddbc-4a84-8b10-d5ba718024a7" testId="9e5e3c81-1dc7-08fd-ae02-98696823d445" testName="FinanceManager.Tests.E2E.StatementDraftQuickEditValueTakeoverE2ETests.QuickEdit_CtrlArrowUp_ShouldFocusSameFieldInPreviousVisibleRow" computerName="DESKTOP-CM8OBSG" duration="00:00:01.6753904" startTime="2026-09-26T05:48:22.2995351+02:00" endTime="2026-09-26T05:48:23.9749488+02:00" testType="13cdc9d9-ddb5-4fa4-a97d-d965ccfc6d4b" outcome="Passed" testListId="8c84fa94-04c1-424b-9868-57a2d4851a1d" relativeResultsDirectory="e081eed1-ddbc-4a84-8b10-d5ba718024a7" />
    <UnitTestResult executionId="944c8b83-f774-4482-b9fe-d0bde63b0d03" testId="59bfa247-cefb-49f7-4ded-c5d06eadad2b" testName="FinanceManager.Tests.E2E.ListNavigationPlaywrightTests.Create_Edit_AndAliasContact_FromContactsPage_ShouldWork" computerName="DESKTOP-CM8OBSG" duration="00:00:01.7957507" startTime="2026-09-26T05:47:26.9253419+02:00" endTime="2026-09-26T05:47:28.7211249+02:00" testType="13cdc9d9-ddb5-4fa4-a97d-d965ccfc6d4b" outcome="Passed" testListId="8c84fa94-04c1-424b-9868-57a2d4851a1d" relativeResultsDirectory="944c8b83-f774-4482-b9fe-d0bde63b0d03" />
    <UnitTestResult executionId="9bb64944-e806-4315-b461-87959e022365" testId="75a47d9f-59ec-3ae1-7d9c-ec64fdcb8ce8" testName="FinanceManager.Tests.E2E.LoadingBarPlaywrightTests.LoadingBar_ShouldBeFixedToViewportTop_OnDesktop" computerName="DESKTOP-CM8OBSG" duration="00:00:00.8637742" startTime="2026-09-26T05:47:38.1624882+02:00" endTime="2026-09-26T05:47:39.0263036+02:00" testType="13cdc9d9-ddb5-4fa4-a97d-d965ccfc6d4b" outcome="Passed" testListId="8c84fa94-04c1-424b-9868-57a2d4851a1d" relativeResultsDirectory="9bb64944-e806-4315-b461-87959e022365" />
    <UnitTestResult executionId="063a3210-ce6c-42cf-adef-0a0f395b29fc" testId="e0abd120-972a-be0f-5a69-9c0bf272d906" testName="FinanceManager.Tests.E2E.AuthenticationFlowPlaywrightTests.Register_Login_Logout_Flow_ShouldWork_OnMobileViewport" computerName="DESKTOP-CM8OBSG" duration="00:00:01.6432297" startTime="2026-09-26T05:48:58.4578185+02:00" endTime="2026-09-26T05:49:00.1010785+02:00" testType="13cdc9d9-ddb5-4fa4-a97d-d965ccfc6d4b" outcome="Passed" testListId="8c84fa94-04c1-424b-9868-57a2d4851a1d" relativeResultsDirectory="063a3210-ce6c-42cf-adef-0a0f395b29fc" />
    <UnitTestResult executionId="cf11486e-2616-4f28-8e9c-7004b97ca72b" testId="149e49ab-9cc6-7228-94a8-188c25860842" testName="FinanceManager.Tests.E2E.HomeMassImportPlaywrightTests.UploadStatementFile_ShouldShowSuccess_WhenImportCompletes" computerName="DESKTOP-CM8OBSG" duration="00:00:01.7607448" startTime="2026-09-26T05:49:41.7566036+02:00" endTime="2026-09-26T05:49:43.5173555+02:00" testType="13cdc9d9-ddb5-4fa4-a97d-d965ccfc6d4b" outcome="Passed" testListId="8c84fa94-04c1-424b-9868-57a2d4851a1d" relativeResultsDirectory="cf11486e-2616-4f28-8e9c-7004b97ca72b" />
    <UnitTestResult executionId="3845d264-9ff7-4591-b8ed-7a0a2f5345f1" testId="f7090660-4be3-aa30-5942-14d80c5562ee" testName="FinanceManager.Tests.E2E.SecurityTxtSetupPlaywrightTests.Admin_EditsCanonical_EnableSaveAndPersist" computerName="DESKTOP-CM8OBSG" duration="00:00:02.2049208" startTime="2026-09-26T05:49:26.5534331+02:00" endTime="2026-09-26T05:49:28.7583619+02:00" testType="13cdc9d9-ddb5-4fa4-a97d-d965ccfc6d4b" outcome="Passed" testListId="8c84fa94-04c1-424b-9868-57a2d4851a1d" relativeResultsDirectory="3845d264-9ff7-4591-b8ed-7a0a2f5345f1" />
    <UnitTestResult executionId="3a185146-a4fb-4593-b5f5-cbc6ddf4e93b" testId="0809ba10-766e-a62f-9060-e4a3da95a7e7" testName="FinanceManager.Tests.E2E.PortfolioAnalysisReportE2ETests.MultiUserIsolationScenario_ShouldNotLeakConfigurationBetweenUsers" computerName="DESKTOP-CM8OBSG" duration="00:00:03.0283209" startTime="2026-09-26T05:49:30.9815788+02:00" endTime="2026-09-26T05:49:34.0099000+02:00" testType="13cdc9d9-ddb5-4fa4-a97d-d965ccfc6d4b" outcome="Passed" testListId="8c84fa94-04c1-424b-9868-57a2d4851a1d" relativeResultsDirectory="3a185146-a4fb-4593-b5f5-cbc6ddf4e93b" />
    <UnitTestResult executionId="340d7cb1-7114-49f0-a06b-3ccb63a2a7b2" testId="9618ab2c-2300-7ee1-6c30-15a5c22c1584" testName="FinanceManager.Tests.E2E.AuthenticationFlowPlaywrightTests.Keepalive_FailedRefresh_ShouldNotTriggerLoginRedirect" computerName="DESKTOP-CM8OBSG" duration="00:00:06.5743694" startTime="2026-09-26T05:49:14.5654033+02:00" endTime="2026-09-26T05:49:21.1397516+02:00" testType="13cdc9d9-ddb5-4fa4-a97d-d965ccfc6d4b" outcome="Passed" testListId="8c84fa94-04c1-424b-9868-57a2d4851a1d" relativeResultsDirectory="340d7cb1-7114-49f0-a06b-3ccb63a2a7b2" />
    <UnitTestResult executionId="aefc462a-8eb9-4ed4-b4d5-db4366938641" testId="41a819bf-fe79-ee2a-09d6-11c85398eea7" testName="FinanceManager.Tests.E2E.HelpPagePlaywrightTests.HelpHub_ShouldShowDocumentationContent" computerName="DESKTOP-CM8OBSG" duration="00:00:01.0169895" startTime="2026-09-26T05:47:51.3560035+02:00" endTime="2026-09-26T05:47:52.3730262+02:00" testType="13cdc9d9-ddb5-4fa4-a97d-d965ccfc6d4b" outcome="Passed" testListId="8c84fa94-04c1-424b-9868-57a2d4851a1d" relativeResultsDirectory="aefc462a-8eb9-4ed4-b4d5-db4366938641" />
    <UnitTestResult executionId="184be69c-c712-422d-9b04-9fbd440aeba5" testId="64394227-5e48-febd-5d1d-526132f33123" testName="FinanceManager.Tests.E2E.PreliminaryStatementDraftE2ETests.BookRealStatement_ShouldReversePreliminaryPostings" computerName="DESKTOP-CM8OBSG" duration="00:00:01.7210978" startTime="2026-09-26T05:47:47.9492284+02:00" endTime="2026-09-26T05:47:49.6703564+02:00" testType="13cdc9d9-ddb5-4fa4-a97d-d965ccfc6d4b" outcome="Passed" testListId="8c84fa94-04c1-424b-9868-57a2d4851a1d" relativeResultsDirectory="184be69c-c712-422d-9b04-9fbd440aeba5" />
    <UnitTestResult executionId="4ec41df6-2b4e-46b0-b945-1a578a8152fd" testId="e1df8166-2174-3c82-1be6-0b7551cdf1bd" testName="FinanceManager.Tests.E2E.StatementDraftQuickEditValueTakeoverE2ETests.QuickEdit_BookingDateChange_ShouldCopyToEmptyOrMatchedValutaDateOnly" computerName="DESKTOP-CM8OBSG" duration="00:00:01.5678121" startTime="2026-09-26T05:48:13.8408301+02:00" endTime="2026-09-26T05:48:15.4086708+02:00" testType="13cdc9d9-ddb5-4fa4-a97d-d965ccfc6d4b" outcome="Passed" testListId="8c84fa94-04c1-424b-9868-57a2d4851a1d" relativeResultsDirectory="4ec41df6-2b4e-46b0-b945-1a578a8152fd" />
    <UnitTestResult executionId="47476bc4-fc6f-4c55-86ba-4e91af6f1922" testId="bbc3cd7e-b5fe-450e-dac0-bd3636bcbd1b" testName="FinanceManager.Tests.E2E.BudgetReportDemoDataE2ETests.DemoDataBudgetReport_PreviousMonth_ShouldContainAllExpectedRows" computerName="DESKTOP-CM8OBSG" duration="00:00:42.5366969" startTime="2026-09-26T05:46:23.6913346+02:00" endTime="2026-09-26T05:47:06.2349310+02:00" testType="13cdc9d9-ddb5-4fa4-a97d-d965ccfc6d4b" outcome="Passed" testListId="8c84fa94-04c1-424b-9868-57a2d4851a1d" relativeResultsDirectory="47476bc4-fc6f-4c55-86ba-4e91af6f1922" />
    <UnitTestResult executionId="97e9400b-66c4-4030-aa68-49aad5061803" testId="e5c1b4e9-315d-30dc-7762-4cc5d7f7ad41" testName="FinanceManager.Tests.E2E.ReportingFlowPlaywrightTests.SaveFavorite_ShouldPersistAndReload" computerName="DESKTOP-CM8OBSG" duration="00:00:01.8512730" startTime="2026-09-26T05:47:56.2631018+02:00" endTime="2026-09-26T05:47:58.1144047+02:00" testType="13cdc9d9-ddb5-4fa4-a97d-d965ccfc6d4b" outcome="Passed" testListId="8c84fa94-04c1-424b-9868-57a2d4851a1d" relativeResultsDirectory="97e9400b-66c4-4030-aa68-49aad5061803" />
    <UnitTestResult executionId="49987128-c339-4b86-b024-421c9844c6e0" testId="2269340f-e8a3-0cee-92ee-f0ae2a664b88" testName="FinanceManager.Tests.E2E.AuthenticationFlowPlaywrightTests.LoginWithInvalidOrExternalReturnUrl_ShouldNavigateToHome(returnUrl: &quot;//example.invalid/reports/dashboard&quot;)" computerName="DESKTOP-CM8OBSG" duration="00:00:00.9615137" startTime="2026-09-26T05:49:03.2288929+02:00" endTime="2026-09-26T05:49:04.1904289+02:00" testType="13cdc9d9-ddb5-4fa4-a97d-d965ccfc6d4b" outcome="Passed" testListId="8c84fa94-04c1-424b-9868-57a2d4851a1d" relativeResultsDirectory="49987128-c339-4b86-b024-421c9844c6e0" />
    <UnitTestResult executionId="be69113a-b92a-42ed-ab47-b247b87a1a4c" testId="b1d977e6-8030-d787-3825-48d17d1d6513" testName="FinanceManager.Tests.E2E.SecurityTxtSetupPlaywrightTests.PublicSecurityTxt_UsesApiBaseAddressFallback_WhenCanonicalEmpty" computerName="DESKTOP-CM8OBSG" duration="00:00:01.5987086" startTime="2026-09-26T05:49:23.3655154+02:00" endTime="2026-09-26T05:49:24.9642364+02:00" testType="13cdc9d9-ddb5-4fa4-a97d-d965ccfc6d4b" outcome="Passed" testListId="8c84fa94-04c1-424b-9868-57a2d4851a1d" relativeResultsDirectory="be69113a-b92a-42ed-ab47-b247b87a1a4c" />
    <UnitTestResult executionId="5aef0032-94f9-4f45-9139-c637caf80a82" testId="70ce1dba-6bcd-1e3f-4d40-2ce6af5c44e1" testName="FinanceManager.Tests.E2E.ListNavigationPlaywrightTests.Create_Edit_Delete_SavingsPlan_ShouldWork" computerName="DESKTOP-CM8OBSG" duration="00:00:01.6195552" startTime="2026-09-26T05:47:32.5524895+02:00" endTime="2026-09-26T05:47:34.1720865+02:00" testType="13cdc9d9-ddb5-4fa4-a97d-d965ccfc6d4b" outcome="Passed" testListId="8c84fa94-04c1-424b-9868-57a2d4851a1d" relativeResultsDirectory="5aef0032-94f9-4f45-9139-c637caf80a82" />
    <UnitTestResult executionId="934e3c4a-4ea0-4e76-bdef-a10e5faed5ec" testId="0f675991-adc7-82be-cbbd-962b63b3713a" testName="FinanceManager.Tests.E2E.PortfolioAnalysisReportE2ETests.EditConfigurationScenario_ShouldHideDeactivatedTileAfterSave" computerName="DESKTOP-CM8OBSG" duration="00:00:01.7489015" startTime="2026-09-26T05:49:34.0101962+02:00" endTime="2026-09-26T05:49:35.7591066+02:00" testType="13cdc9d9-ddb5-4fa4-a97d-d965ccfc6d4b" outcome="Passed" testListId="8c84fa94-04c1-424b-9868-57a2d4851a1d" relativeResultsDirectory="934e3c4a-4ea0-4e76-bdef-a10e5faed5ec" />
    <UnitTestResult executionId="2de1ac7d-30f6-4ee7-be5f-70a239e26dc8" testId="26aae7b4-fe36-d4aa-7af5-e29cae3a7a89" testName="FinanceManager.Tests.E2E.AuthenticationFlowPlaywrightTests.LoginWithInvalidOrExternalReturnUrl_ShouldNavigateToHome(returnUrl: &quot;/login&quot;)" computerName="DESKTOP-CM8OBSG" duration="00:00:01.0960307" startTime="2026-09-26T05:49:00.1021428+02:00" endTime="2026-09-26T05:49:01.1982065+02:00" testType="13cdc9d9-ddb5-4fa4-a97d-d965ccfc6d4b" outcome="Passed" testListId="8c84fa94-04c1-424b-9868-57a2d4851a1d" relativeResultsDirectory="2de1ac7d-30f6-4ee7-be5f-70a239e26dc8" />
    <UnitTestResult executionId="63206c71-bc69-4c31-9d14-ddbaf30aba1d" testId="cdb96d72-920e-8b2a-fc55-ef4f496bb72e" testName="FinanceManager.Tests.E2E.AccountsOverviewStatisticsPlaywrightTests.AccountsOverview_ShowsStatisticsAlongsideTable" computerName="DESKTOP-CM8OBSG" duration="00:00:00.9817830" startTime="2026-09-26T05:50:04.0763054+02:00" endTime="2026-09-26T05:50:05.0581066+02:00" testType="13cdc9d9-ddb5-4fa4-a97d-d965ccfc6d4b" outcome="Passed" testListId="8c84fa94-04c1-424b-9868-57a2d4851a1d" relativeResultsDirectory="63206c71-bc69-4c31-9d14-ddbaf30aba1d" />
    <UnitTestResult executionId="aab46ee7-3301-4a24-a53b-0ced0c16a1ca" testId="42fc8d80-a331-268a-8084-b58183405f54" testName="FinanceManager.Tests.E2E.ListNavigationPlaywrightTests.MobileRibbonShortcuts_ShouldShowShortcutOnlyWhenGroupIsClosed_OnRepresentativePages" computerName="DESKTOP-CM8OBSG" duration="00:00:06.9685024" startTime="2026-09-26T05:47:19.9559019+02:00" endTime="2026-09-26T05:47:26.9244077+02:00" testType="13cdc9d9-ddb5-4fa4-a97d-d965ccfc6d4b" outcome="Passed" testListId="8c84fa94-04c1-424b-9868-57a2d4851a1d" relativeResultsDirectory="aab46ee7-3301-4a24-a53b-0ced0c16a1ca" />
    <UnitTestResult executionId="81f129be-2b40-4706-accb-835868a055b1" testId="c9763167-266a-9a32-f97b-94876d4fff11" testName="FinanceManager.Tests.E2E.AccountsOverviewStatisticsPlaywrightTests.AccountsOverview_Empty_ShowsZeroKpisEmptyChartsAndUsableRibbon" computerName="DESKTOP-CM8OBSG" duration="00:00:00.9479356" startTime="2026-09-26T05:50:11.6595311+02:00" endTime="2026-09-26T05:50:12.6074830+02:00" testType="13cdc9d9-ddb5-4fa4-a97d-d965ccfc6d4b" outcome="Passed" testListId="8c84fa94-04c1-424b-9868-57a2d4851a1d" relativeResultsDirectory="81f129be-2b40-4706-accb-835868a055b1" />
    <UnitTestResult executionId="64cfd649-87e6-4cf9-99ba-ee4d34fe3b58" testId="59af0b92-d83b-1cc4-e352-7fc09dab992d" testName="FinanceManager.Tests.E2E.LoadingBarPlaywrightTests.BudgetReportApplySettings_ShouldStartAndStopGlobalLoadingBar" computerName="DESKTOP-CM8OBSG" duration="00:00:01.7088436" startTime="2026-09-26T05:47:39.0266524+02:00" endTime="2026-09-26T05:47:40.7355268+02:00" testType="13cdc9d9-ddb5-4fa4-a97d-d965ccfc6d4b" outcome="Passed" testListId="8c84fa94-04c1-424b-9868-57a2d4851a1d" relativeResultsDirectory="64cfd649-87e6-4cf9-99ba-ee4d34fe3b58" />
    <UnitTestResult executionId="f85d740a-c561-4f21-85bf-82e3563a5b8b" testId="7da39ceb-6f08-7aa0-1129-f2d50dd7338f" testName="FinanceManager.Tests.E2E.VersionDisplayPlaywrightTests.Login_ShowsVersionText_InsteadOfUserId" computerName="DESKTOP-CM8OBSG" duration="00:00:00.8337252" startTime="2026-09-26T05:49:45.1305885+02:00" endTime="2026-09-26T05:49:45.9643297+02:00" testType="13cdc9d9-ddb5-4fa4-a97d-d965ccfc6d4b" outcome="Passed" testListId="8c84fa94-04c1-424b-9868-57a2d4851a1d" relativeResultsDirectory="f85d740a-c561-4f21-85bf-82e3563a5b8b" />
    <UnitTestResult executionId="4c54c5d5-08a7-4236-bf99-f196b557dac3" testId="5723eda8-813d-efb5-5adb-ab428757f106" testName="FinanceManager.Tests.E2E.HomeMassImportPlaywrightTests.Booking_WithErrorsWarnings_AndWithOrWithoutSavingsSecurity_ShouldCreateExpectedPostings" computerName="DESKTOP-CM8OBSG" duration="00:00:01.2985301" startTime="2026-09-26T05:49:40.4577976+02:00" endTime="2026-09-26T05:49:41.7563409+02:00" testType="13cdc9d9-ddb5-4fa4-a97d-d965ccfc6d4b" outcome="Passed" testListId="8c84fa94-04c1-424b-9868-57a2d4851a1d" relativeResultsDirectory="4c54c5d5-08a7-4236-bf99-f196b557dac3" />
    <UnitTestResult executionId="bbb8d66d-2ac0-44bb-927a-589cdca2255c" testId="0339f892-53ff-4830-70e9-38bc1daa6540" testName="FinanceManager.Tests.E2E.ProfileSettingsLanguageTests.ChangeLanguage_ToEnglish_SavesAndApplies" computerName="DESKTOP-CM8OBSG" duration="00:00:02.2261733" startTime="2026-09-26T05:49:55.7184568+02:00" endTime="2026-09-26T05:49:57.9446334+02:00" testType="13cdc9d9-ddb5-4fa4-a97d-d965ccfc6d4b" outcome="Passed" testListId="8c84fa94-04c1-424b-9868-57a2d4851a1d" relativeResultsDirectory="bbb8d66d-2ac0-44bb-927a-589cdca2255c" />
    <UnitTestResult executionId="11be4d0f-03d4-4dd2-b5e2-72dfe67cdfd3" testId="38eeac92-03fa-8e4f-b290-4ba0cd4553f5" testName="FinanceManager.Tests.E2E.ConfirmationDialogE2ETests.AccountDelete_RibbonAction_ShowsConfirmationAndDeletesOnConfirm" computerName="DESKTOP-CM8OBSG" duration="00:00:01.6125179" startTime="2026-09-26T05:49:43.5177162+02:00" endTime="2026-09-26T05:49:45.1302435+02:00" testType="13cdc9d9-ddb5-4fa4-a97d-d965ccfc6d4b" outcome="Passed" testListId="8c84fa94-04c1-424b-9868-57a2d4851a1d" relativeResultsDirectory="11be4d0f-03d4-4dd2-b5e2-72dfe67cdfd3" />
    <UnitTestResult executionId="f4c131b6-bb59-49b0-9967-a391e6f061fb" testId="07ed767f-5c61-c6ee-6f08-9ed5b19c776c" testName="FinanceManager.Tests.E2E.AccountsOverviewStatisticsPlaywrightTests.AccountsOverview_ClearSearch_RestoresTableAndStatistics" computerName="DESKTOP-CM8OBSG" duration="00:00:01.1843363" startTime="2026-09-26T05:49:59.8724763+02:00" endTime="2026-09-26T05:50:01.0568251+02:00" testType="13cdc9d9-ddb5-4fa4-a97d-d965ccfc6d4b" outcome="Passed" testListId="8c84fa94-04c1-424b-9868-57a2d4851a1d" relativeResultsDirectory="f4c131b6-bb59-49b0-9967-a391e6f061fb" />
    <UnitTestResult executionId="49ab1029-1943-422a-8ca3-dd759c752352" testId="36df9b8a-069a-2dcc-f20e-222f047659bc" testName="FinanceManager.Tests.E2E.UpdateSetupPlaywrightTests.Admin_TriggersCheck_ShowsAvailableUpdate" computerName="DESKTOP-CM8OBSG" duration="00:00:01.8421944" startTime="2026-09-26T05:48:10.3720409+02:00" endTime="2026-09-26T05:48:12.2142592+02:00" testType="13cdc9d9-ddb5-4fa4-a97d-d965ccfc6d4b" outcome="Passed" testListId="8c84fa94-04c1-424b-9868-57a2d4851a1d" relativeResultsDirectory="49ab1029-1943-422a-8ca3-dd759c752352" />
    <UnitTestResult executionId="c02518ea-bfe0-4e10-a054-e672000575e9" testId="6af1b6e5-8cb2-c938-aaa0-74e34ac1c4c6" testName="FinanceManager.Tests.E2E.AccountsOverviewStatisticsPlaywrightTests.AccountsOverview_Search_UpdatesTableAndStatisticsTogether" computerName="DESKTOP-CM8OBSG" duration="00:00:01.4743377" startTime="2026-09-26T05:50:10.1847447+02:00" endTime="2026-09-26T05:50:11.6590930+02:00" testType="13cdc9d9-ddb5-4fa4-a97d-d965ccfc6d4b" outcome="Passed" testListId="8c84fa94-04c1-424b-9868-57a2d4851a1d" relativeResultsDirectory="c02518ea-bfe0-4e10-a054-e672000575e9" />
    <UnitTestResult executionId="498a7cb1-9508-44e8-8b67-f341ef65ceed" testId="a12124e7-c2b4-0899-d592-4e9c90787b9d" testName="FinanceManager.Tests.E2E.ReportingFlowPlaywrightTests.CreateBackup_EditMasterData_AndRestoreBackup_ShouldRestoreOriginalState" computerName="DESKTOP-CM8OBSG" duration="00:00:02.2668344" startTime="2026-09-26T05:47:53.9959040+02:00" endTime="2026-09-26T05:47:56.2627656+02:00" testType="13cdc9d9-ddb5-4fa4-a97d-d965ccfc6d4b" outcome="Passed" testListId="8c84fa94-04c1-424b-9868-57a2d4851a1d" relativeResultsDirectory="498a7cb1-9508-44e8-8b67-f341ef65ceed" />
    <UnitTestResult executionId="06720ce1-27fe-485d-bcef-d5e8b150d32d" testId="856b53bd-882c-9301-b902-01212815d5f6" testName="FinanceManager.Tests.E2E.PortfolioAnalysisReportE2ETests.LoadReportScenario_ShouldRenderTileGrid" computerName="DESKTOP-CM8OBSG" duration="00:00:01.4291016" startTime="2026-09-26T05:49:37.4221383+02:00" endTime="2026-09-26T05:49:38.8512524+02:00" testType="13cdc9d9-ddb5-4fa4-a97d-d965ccfc6d4b" outcome="Passed" testListId="8c84fa94-04c1-424b-9868-57a2d4851a1d" relativeResultsDirectory="06720ce1-27fe-485d-bcef-d5e8b150d32d" />
    <UnitTestResult executionId="49f580f0-d937-4c5e-a340-aa81d8e8e643" testId="e8c7971c-0a82-58b4-1f94-a1c2b06e601c" testName="FinanceManager.Tests.E2E.ChangePasswordWellKnownPlaywrightTests.LoginStatus_ChangePasswordLink_NavigatesToChangePassword" computerName="DESKTOP-CM8OBSG" duration="00:00:00.9169579" startTime="2026-09-26T05:48:55.0512925+02:00" endTime="2026-09-26T05:48:55.9682785+02:00" testType="13cdc9d9-ddb5-4fa4-a97d-d965ccfc6d4b" outcome="Passed" testListId="8c84fa94-04c1-424b-9868-57a2d4851a1d" relativeResultsDirectory="49f580f0-d937-4c5e-a340-aa81d8e8e643" />
    <UnitTestResult executionId="642adf77-ed5d-4caf-a823-7dbb23da8433" testId="ec25f344-1b25-de6b-259b-16c6d2e3b650" testName="FinanceManager.Tests.E2E.CollectionAccountImportPlaywrightTests.BookCollectionAccountDraft_WithKnownLinkedIban_ViaUi_ShouldAutoAssignAndBook" computerName="DESKTOP-CM8OBSG" duration="00:00:03.8059670" startTime="2026-09-26T05:47:06.2452816+02:00" endTime="2026-09-26T05:47:10.0513822+02:00" testType="13cdc9d9-ddb5-4fa4-a97d-d965ccfc6d4b" outcome="Passed" testListId="8c84fa94-04c1-424b-9868-57a2d4851a1d" relativeResultsDirectory="642adf77-ed5d-4caf-a823-7dbb23da8433" />
    <UnitTestResult executionId="cdfa11c7-b984-4eb6-9a97-8bbc0b63d9f2" testId="323b07ca-bcc6-b3a2-4826-88a5cae42f48" testName="FinanceManager.Tests.E2E.AccountsOverviewStatisticsPlaywrightTests.AccountsOverview_Mobile_RendersStatisticsWithoutHidingList" computerName="DESKTOP-CM8OBSG" duration="00:00:00.9306213" startTime="2026-09-26T05:50:01.0572548+02:00" endTime="2026-09-26T05:50:01.9878908+02:00" testType="13cdc9d9-ddb5-4fa4-a97d-d965ccfc6d4b" outcome="Passed" testListId="8c84fa94-04c1-424b-9868-57a2d4851a1d" relativeResultsDirectory="cdfa11c7-b984-4eb6-9a97-8bbc0b63d9f2" />
  </Results>
  <TestDefinitions>
    <UnitTest name="FinanceManager.Tests.E2E.PortfolioAnalysisReportE2ETests.LoadReportScenario_ShouldRenderTileGrid" storage="c:\users\martin\appdata\local\temp\softwareschmiede\6649a26a-e4f6-4584-a4d6-3cb840b22d7d\financemanager.tests.e2e\bin\debug\net10.0\financemanager.tests.e2e.dll" id="856b53bd-882c-9301-b902-01212815d5f6">
      <Execution id="06720ce1-27fe-485d-bcef-d5e8b150d32d" />
      <TestMethod codeBase="C:\Users\Martin\AppData\Local\Temp\softwareschmiede\6649a26a-e4f6-4584-a4d6-3cb840b22d7d\FinanceManager.Tests.E2E\bin\Debug\net10.0\FinanceManager.Tests.E2E.dll" adapterTypeName="executor://xunit/VsTestRunner3/netcore/" className="FinanceManager.Tests.E2E.PortfolioAnalysisReportE2ETests" name="LoadReportScenario_ShouldRenderTileGrid" />
    </UnitTest>
    <UnitTest name="FinanceManager.Tests.E2E.LoadingBarPlaywrightTests.InternalLinkClick_ShouldStartLoadingBarAutomatically" storage="c:\users\martin\appdata\local\temp\softwareschmiede\6649a26a-e4f6-4584-a4d6-3cb840b22d7d\financemanager.tests.e2e\bin\debug\net10.0\financemanager.tests.e2e.dll" id="68ecf056-fabe-2396-46f6-6d184a0d749c">
      <Execution id="ef5a587c-8742-430a-9516-e95ba586b18e" />
      <TestMethod codeBase="C:\Users\Martin\AppData\Local\Temp\softwareschmiede\6649a26a-e4f6-4584-a4d6-3cb840b22d7d\FinanceManager.Tests.E2E\bin\Debug\net10.0\FinanceManager.Tests.E2E.dll" adapterTypeName="executor://xunit/VsTestRunner3/netcore/" className="FinanceManager.Tests.E2E.LoadingBarPlaywrightTests" name="InternalLinkClick_ShouldStartLoadingBarAutomatically" />
    </UnitTest>
    <UnitTest name="FinanceManager.Tests.E2E.StatementDraftQuickEditValueTakeoverE2ETests.QuickEdit_SaveButton_IsEnabledWhenAllRowsComplete" storage="c:\users\martin\appdata\local\temp\softwareschmiede\6649a26a-e4f6-4584-a4d6-3cb840b22d7d\financemanager.tests.e2e\bin\debug\net10.0\financemanager.tests.e2e.dll" id="68123a91-8003-b218-5cec-07ad511a1615">
      <Execution id="22c1f3d7-430f-4ca0-bfa4-baa350cb4166" />
      <TestMethod codeBase="C:\Users\Martin\AppData\Local\Temp\softwareschmiede\6649a26a-e4f6-4584-a4d6-3cb840b22d7d\FinanceManager.Tests.E2E\bin\Debug\net10.0\FinanceManager.Tests.E2E.dll" adapterTypeName="executor://xunit/VsTestRunner3/netcore/" className="FinanceManager.Tests.E2E.StatementDraftQuickEditValueTakeoverE2ETests" name="QuickEdit_SaveButton_IsEnabledWhenAllRowsComplete" />
    </UnitTest>
    <UnitTest name="FinanceManager.Tests.E2E.ListNavigationPlaywrightTests.CreateContact_FromStatementEntryPage_ShouldAssignContactDirectly" storage="c:\users\martin\appdata\local\temp\softwareschmiede\6649a26a-e4f6-4584-a4d6-3cb840b22d7d\financemanager.tests.e2e\bin\debug\net10.0\financemanager.tests.e2e.dll" id="92145fce-0c4d-1947-4621-45750c58dd33">
      <Execution id="9192ec0f-2085-48c8-b44f-9628d5fe3c08" />
      <TestMethod codeBase="C:\Users\Martin\AppData\Local\Temp\softwareschmiede\6649a26a-e4f6-4584-a4d6-3cb840b22d7d\FinanceManager.Tests.E2E\bin\Debug\net10.0\FinanceManager.Tests.E2E.dll" adapterTypeName="executor://xunit/VsTestRunner3/netcore/" className="FinanceManager.Tests.E2E.ListNavigationPlaywrightTests" name="CreateContact_FromStatementEntryPage_ShouldAssignContactDirectly" />
    </UnitTest>
    <UnitTest name="FinanceManager.Tests.E2E.AccountsOverviewStatisticsPlaywrightTests.AccountsOverview_Empty_ShowsZeroKpisEmptyChartsAndUsableRibbon" storage="c:\users\martin\appdata\local\temp\softwareschmiede\6649a26a-e4f6-4584-a4d6-3cb840b22d7d\financemanager.tests.e2e\bin\debug\net10.0\financemanager.tests.e2e.dll" id="c9763167-266a-9a32-f97b-94876d4fff11">
      <Execution id="81f129be-2b40-4706-accb-835868a055b1" />
      <TestMethod codeBase="C:\Users\Martin\AppData\Local\Temp\softwareschmiede\6649a26a-e4f6-4584-a4d6-3cb840b22d7d\FinanceManager.Tests.E2E\bin\Debug\net10.0\FinanceManager.Tests.E2E.dll" adapterTypeName="executor://xunit/VsTestRunner3/netcore/" className="FinanceManager.Tests.E2E.AccountsOverviewStatisticsPlaywrightTests" name="AccountsOverview_Empty_ShowsZeroKpisEmptyChartsAndUsableRibbon" />
    </UnitTest>
    <UnitTest name="FinanceManager.Tests.E2E.WellKnownSetupPlaywrightTests.Admin_ConfiguresChangePasswordUrl_PublicEndpointRedirects" storage="c:\users\martin\appdata\local\temp\softwareschmiede\6649a26a-e4f6-4584-a4d6-3cb840b22d7d\financemanager.tests.e2e\bin\debug\net10.0\financemanager.tests.e2e.dll" id="c11595bb-0deb-cf3b-933e-8f70406e321f">
      <Execution id="e1780c20-e6d4-4bc8-b41b-1304d99d91c6" />
      <TestMethod codeBase="C:\Users\Martin\AppData\Local\Temp\softwareschmiede\6649a26a-e4f6-4584-a4d6-3cb840b22d7d\FinanceManager.Tests.E2E\bin\Debug\net10.0\FinanceManager.Tests.E2E.dll" adapterTypeName="executor://xunit/VsTestRunner3/netcore/" className="FinanceManager.Tests.E2E.WellKnownSetupPlaywrightTests" name="Admin_ConfiguresChangePasswordUrl_PublicEndpointRedirects" />
    </UnitTest>
    <UnitTest name="FinanceManager.Tests.E2E.ReportingFlowPlaywrightTests.SaveFavorite_ShouldPersistAndReload_OnMobileViewport" storage="c:\users\martin\appdata\local\temp\softwareschmiede\6649a26a-e4f6-4584-a4d6-3cb840b22d7d\financemanager.tests.e2e\bin\debug\net10.0\financemanager.tests.e2e.dll" id="40cfb84d-53b8-6546-3ed6-a44de01149e6">
      <Execution id="83adf5a1-d080-4a38-8583-9e07f42e51ae" />
      <TestMethod codeBase="C:\Users\Martin\AppData\Local\Temp\softwareschmiede\6649a26a-e4f6-4584-a4d6-3cb840b22d7d\FinanceManager.Tests.E2E\bin\Debug\net10.0\FinanceManager.Tests.E2E.dll" adapterTypeName="executor://xunit/VsTestRunner3/netcore/" className="FinanceManager.Tests.E2E.ReportingFlowPlaywrightTests" name="SaveFavorite_ShouldPersistAndReload_OnMobileViewport" />
    </UnitTest>
    <UnitTest name="FinanceManager.Tests.E2E.UpdateSetupPlaywrightTests.Admin_TriggersCheck_ShowsAvailableUpdate" storage="c:\users\martin\appdata\local\temp\softwareschmiede\6649a26a-e4f6-4584-a4d6-3cb840b22d7d\financemanager.tests.e2e\bin\debug\net10.0\financemanager.tests.e2e.dll" id="36df9b8a-069a-2dcc-f20e-222f047659bc">
      <Execution id="49ab1029-1943-422a-8ca3-dd759c752352" />
      <TestMethod codeBase="C:\Users\Martin\AppData\Local\Temp\softwareschmiede\6649a26a-e4f6-4584-a4d6-3cb840b22d7d\FinanceManager.Tests.E2E\bin\Debug\net10.0\FinanceManager.Tests.E2E.dll" adapterTypeName="executor://xunit/VsTestRunner3/netcore/" className="FinanceManager.Tests.E2E.UpdateSetupPlaywrightTests" name="Admin_TriggersCheck_ShowsAvailableUpdate" />
    </UnitTest>
    <UnitTest name="FinanceManager.Tests.E2E.CollectionAccountPlaywrightTests.RemoveLinkedIban_ViaUi_ShouldDisappearFromPanel" storage="c:\users\martin\appdata\local\temp\softwareschmiede\6649a26a-e4f6-4584-a4d6-3cb840b22d7d\financemanager.tests.e2e\bin\debug\net10.0\financemanager.tests.e2e.dll" id="e51b5560-06bf-753a-dc2a-82f5dc6372e2">
      <Execution id="8e8e3a3e-2db9-4be9-b707-e32dbb33eabd" />
      <TestMethod codeBase="C:\Users\Martin\AppData\Local\Temp\softwareschmiede\6649a26a-e4f6-4584-a4d6-3cb840b22d7d\FinanceManager.Tests.E2E\bin\Debug\net10.0\FinanceManager.Tests.E2E.dll" adapterTypeName="executor://xunit/VsTestRunner3/netcore/" className="FinanceManager.Tests.E2E.CollectionAccountPlaywrightTests" name="RemoveLinkedIban_ViaUi_ShouldDisappearFromPanel" />
    </UnitTest>
    <UnitTest name="FinanceManager.Tests.E2E.ProfileSettingsLanguageTests.LanguagePreference_PersistedAcrossSessions" storage="c:\users\martin\appdata\local\temp\softwareschmiede\6649a26a-e4f6-4584-a4d6-3cb840b22d7d\financemanager.tests.e2e\bin\debug\net10.0\financemanager.tests.e2e.dll" id="ccb1ca45-f12b-d8e5-c6f0-cada8a792a22">
      <Execution id="3f60bdb0-207a-4aec-818e-19eb9d664730" />
      <TestMethod codeBase="C:\Users\Martin\AppData\Local\Temp\softwareschmiede\6649a26a-e4f6-4584-a4d6-3cb840b22d7d\FinanceManager.Tests.E2E\bin\Debug\net10.0\FinanceManager.Tests.E2E.dll" adapterTypeName="executor://xunit/VsTestRunner3/netcore/" className="FinanceManager.Tests.E2E.ProfileSettingsLanguageTests" name="LanguagePreference_PersistedAcrossSessions" />
    </UnitTest>
    <UnitTest name="FinanceManager.Tests.E2E.SecurityTxtSetupPlaywrightTests.Admin_EditsSecurityTxtSettings_EnableSaveAndPersist" storage="c:\users\martin\appdata\local\temp\softwareschmiede\6649a26a-e4f6-4584-a4d6-3cb840b22d7d\financemanager.tests.e2e\bin\debug\net10.0\financemanager.tests.e2e.dll" id="f8bfd664-6dba-2328-00f4-d2b52031bfd5">
      <Execution id="96cb712a-748f-4d5a-8db8-d12aa00a0b39" />
      <TestMethod codeBase="C:\Users\Martin\AppData\Local\Temp\softwareschmiede\6649a26a-e4f6-4584-a4d6-3cb840b22d7d\FinanceManager.Tests.E2E\bin\Debug\net10.0\FinanceManager.Tests.E2E.dll" adapterTypeName="executor://xunit/VsTestRunner3/netcore/" className="FinanceManager.Tests.E2E.SecurityTxtSetupPlaywrightTests" name="Admin_EditsSecurityTxtSettings_EnableSaveAndPersist" />
    </UnitTest>
    <UnitTest name="FinanceManager.Tests.E2E.StatementDraftQuickEditValueTakeoverE2ETests.QuickEdit_CtrlArrowUp_ShouldFocusSameFieldInPreviousVisibleRow" storage="c:\users\martin\appdata\local\temp\softwareschmiede\6649a26a-e4f6-4584-a4d6-3cb840b22d7d\financemanager.tests.e2e\bin\debug\net10.0\financemanager.tests.e2e.dll" id="9e5e3c81-1dc7-08fd-ae02-98696823d445">
      <Execution id="e081eed1-ddbc-4a84-8b10-d5ba718024a7" />
      <TestMethod codeBase="C:\Users\Martin\AppData\Local\Temp\softwareschmiede\6649a26a-e4f6-4584-a4d6-3cb840b22d7d\FinanceManager.Tests.E2E\bin\Debug\net10.0\FinanceManager.Tests.E2E.dll" adapterTypeName="executor://xunit/VsTestRunner3/netcore/" className="FinanceManager.Tests.E2E.StatementDraftQuickEditValueTakeoverE2ETests" name="QuickEdit_CtrlArrowUp_ShouldFocusSameFieldInPreviousVisibleRow" />
    </UnitTest>
    <UnitTest name="FinanceManager.Tests.E2E.StatementDraftQuickEditValueTakeoverE2ETests.CtrlArrowNavigation_OutsideQuickEdit_ShouldNotChangeFocus" storage="c:\users\martin\appdata\local\temp\softwareschmiede\6649a26a-e4f6-4584-a4d6-3cb840b22d7d\financemanager.tests.e2e\bin\debug\net10.0\financemanager.tests.e2e.dll" id="1caaaa9f-98d6-8946-6f63-3d325dc3f1ae">
      <Execution id="5bb63827-b13c-4f59-a849-b32790be80fd" />
      <TestMethod codeBase="C:\Users\Martin\AppData\Local\Temp\softwareschmiede\6649a26a-e4f6-4584-a4d6-3cb840b22d7d\FinanceManager.Tests.E2E\bin\Debug\net10.0\FinanceManager.Tests.E2E.dll" adapterTypeName="executor://xunit/VsTestRunner3/netcore/" className="FinanceManager.Tests.E2E.StatementDraftQuickEditValueTakeoverE2ETests" name="CtrlArrowNavigation_OutsideQuickEdit_ShouldNotChangeFocus" />
    </UnitTest>
    <UnitTest name="FinanceManager.Tests.E2E.ChangePasswordWellKnownPlaywrightTests.AnonymousWellKnown_RedirectsThroughLoginToChangePassword" storage="c:\users\martin\appdata\local\temp\softwareschmiede\6649a26a-e4f6-4584-a4d6-3cb840b22d7d\financemanager.tests.e2e\bin\debug\net10.0\financemanager.tests.e2e.dll" id="ef6f6cc2-7c5c-7ada-8b0b-344c1340120a">
      <Execution id="92cfd823-cd87-4771-9d85-0c73cd85fb79" />
      <TestMethod codeBase="C:\Users\Martin\AppData\Local\Temp\softwareschmiede\6649a26a-e4f6-4584-a4d6-3cb840b22d7d\FinanceManager.Tests.E2E\bin\Debug\net10.0\FinanceManager.Tests.E2E.dll" adapterTypeName="executor://xunit/VsTestRunner3/netcore/" className="FinanceManager.Tests.E2E.ChangePasswordWellKnownPlaywrightTests" name="AnonymousWellKnown_RedirectsThroughLoginToChangePassword" />
    </UnitTest>
    <UnitTest name="FinanceManager.Tests.E2E.CollectionAccountImportPlaywrightTests.UploadWithLinkedIban_ViaUi_DraftShouldShowAutoAssignedAccount" storage="c:\users\martin\appdata\local\temp\softwareschmiede\6649a26a-e4f6-4584-a4d6-3cb840b22d7d\financemanager.tests.e2e\bin\debug\net10.0\financemanager.tests.e2e.dll" id="10059853-0141-bba1-edda-754533735067">
      <Execution id="1c09e3c1-a6cb-45aa-b62e-7c55050a2a45" />
      <TestMethod codeBase="C:\Users\Martin\AppData\Local\Temp\softwareschmiede\6649a26a-e4f6-4584-a4d6-3cb840b22d7d\FinanceManager.Tests.E2E\bin\Debug\net10.0\FinanceManager.Tests.E2E.dll" adapterTypeName="executor://xunit/VsTestRunner3/netcore/" className="FinanceManager.Tests.E2E.CollectionAccountImportPlaywrightTests" name="UploadWithLinkedIban_ViaUi_DraftShouldShowAutoAssignedAccount" />
    </UnitTest>
    <UnitTest name="FinanceManager.Tests.E2E.AuthenticationFlowPlaywrightTests.LoginWithInvalidOrExternalReturnUrl_ShouldNavigateToHome(returnUrl: &quot;%252Freports%252Fdashboard&quot;)" storage="c:\users\martin\appdata\local\temp\softwareschmiede\6649a26a-e4f6-4584-a4d6-3cb840b22d7d\financemanager.tests.e2e\bin\debug\net10.0\financemanager.tests.e2e.dll" id="3af2a4a8-df57-d45b-78d2-2f5ee769dd4a">
      <Execution id="4202e1fb-a999-44d1-9054-ed9710c4fc90" />
      <TestMethod codeBase="C:\Users\Martin\AppData\Local\Temp\softwareschmiede\6649a26a-e4f6-4584-a4d6-3cb840b22d7d\FinanceManager.Tests.E2E\bin\Debug\net10.0\FinanceManager.Tests.E2E.dll" adapterTypeName="executor://xunit/VsTestRunner3/netcore/" className="FinanceManager.Tests.E2E.AuthenticationFlowPlaywrightTests" name="LoginWithInvalidOrExternalReturnUrl_ShouldNavigateToHome" />
    </UnitTest>
    <UnitTest name="FinanceManager.Tests.E2E.StatementDraftQuickEditValueTakeoverE2ETests.QuickEdit_Blur_ShouldSendKeepaliveAndKeepLocalInputValue" storage="c:\users\martin\appdata\local\temp\softwareschmiede\6649a26a-e4f6-4584-a4d6-3cb840b22d7d\financemanager.tests.e2e\bin\debug\net10.0\financemanager.tests.e2e.dll" id="7d0dd463-4e9d-e2a0-15c3-6fe8c1b09a16">
      <Execution id="93bb07cf-ada6-4512-8951-53745f700d9e" />
      <TestMethod codeBase="C:\Users\Martin\AppData\Local\Temp\softwareschmiede\6649a26a-e4f6-4584-a4d6-3cb840b22d7d\FinanceManager.Tests.E2E\bin\Debug\net10.0\FinanceManager.Tests.E2E.dll" adapterTypeName="executor://xunit/VsTestRunner3/netcore/" className="FinanceManager.Tests.E2E.StatementDraftQuickEditValueTakeoverE2ETests" name="QuickEdit_Blur_ShouldSendKeepaliveAndKeepLocalInputValue" />
    </UnitTest>
    <UnitTest name="FinanceManager.Tests.E2E.AccountsOverviewStatisticsPlaywrightTests.AccountsOverview_UnknownAndLongBankContact_RemainsReadable" storage="c:\users\martin\appdata\local\temp\softwareschmiede\6649a26a-e4f6-4584-a4d6-3cb840b22d7d\financemanager.tests.e2e\bin\debug\net10.0\financemanager.tests.e2e.dll" id="db54793e-d1c2-4e39-eef9-d6d0cc871dbd">
      <Execution id="9ecaeb96-0355-4126-ad61-d34e1fb1a019" />
      <TestMethod codeBase="C:\Users\Martin\AppData\Local\Temp\softwareschmiede\6649a26a-e4f6-4584-a4d6-3cb840b22d7d\FinanceManager.Tests.E2E\bin\Debug\net10.0\FinanceManager.Tests.E2E.dll" adapterTypeName="executor://xunit/VsTestRunner3/netcore/" className="FinanceManager.Tests.E2E.AccountsOverviewStatisticsPlaywrightTests" name="AccountsOverview_UnknownAndLongBankContact_RemainsReadable" />
    </UnitTest>
    <UnitTest name="FinanceManager.Tests.E2E.AccountsOverviewStatisticsPlaywrightTests.AccountsOverview_InfiniteScroll_DoesNotChangeStatisticsTotal" storage="c:\users\martin\appdata\local\temp\softwareschmiede\6649a26a-e4f6-4584-a4d6-3cb840b22d7d\financemanager.tests.e2e\bin\debug\net10.0\financemanager.tests.e2e.dll" id="7335df67-fa39-ad7a-6aa6-595441eb546f">
      <Execution id="ecf994b8-4ba4-4d99-ae87-af8184827893" />
      <TestMethod codeBase="C:\Users\Martin\AppData\Local\Temp\softwareschmiede\6649a26a-e4f6-4584-a4d6-3cb840b22d7d\FinanceManager.Tests.E2E\bin\Debug\net10.0\FinanceManager.Tests.E2E.dll" adapterTypeName="executor://xunit/VsTestRunner3/netcore/" className="FinanceManager.Tests.E2E.AccountsOverviewStatisticsPlaywrightTests" name="AccountsOverview_InfiniteScroll_DoesNotChangeStatisticsTotal" />
    </UnitTest>
    <UnitTest name="FinanceManager.Tests.E2E.LoadingBarPlaywrightTests.BudgetReportApplySettings_ShouldStartAndStopGlobalLoadingBar" storage="c:\users\martin\appdata\local\temp\softwareschmiede\6649a26a-e4f6-4584-a4d6-3cb840b22d7d\financemanager.tests.e2e\bin\debug\net10.0\financemanager.tests.e2e.dll" id="59af0b92-d83b-1cc4-e352-7fc09dab992d">
      <Execution id="64cfd649-87e6-4cf9-99ba-ee4d34fe3b58" />
      <TestMethod codeBase="C:\Users\Martin\AppData\Local\Temp\softwareschmiede\6649a26a-e4f6-4584-a4d6-3cb840b22d7d\FinanceManager.Tests.E2E\bin\Debug\net10.0\FinanceManager.Tests.E2E.dll" adapterTypeName="executor://xunit/VsTestRunner3/netcore/" className="FinanceManager.Tests.E2E.LoadingBarPlaywrightTests" name="BudgetReportApplySettings_ShouldStartAndStopGlobalLoadingBar" />
    </UnitTest>
    <UnitTest name="FinanceManager.Tests.E2E.ProfileSettingsLanguageTests.ChangeLanguage_ToEnglish_SavesAndApplies" storage="c:\users\martin\appdata\local\temp\softwareschmiede\6649a26a-e4f6-4584-a4d6-3cb840b22d7d\financemanager.tests.e2e\bin\debug\net10.0\financemanager.tests.e2e.dll" id="0339f892-53ff-4830-70e9-38bc1daa6540">
      <Execution id="bbb8d66d-2ac0-44bb-927a-589cdca2255c" />
      <TestMethod codeBase="C:\Users\Martin\AppData\Local\Temp\softwareschmiede\6649a26a-e4f6-4584-a4d6-3cb840b22d7d\FinanceManager.Tests.E2E\bin\Debug\net10.0\FinanceManager.Tests.E2E.dll" adapterTypeName="executor://xunit/VsTestRunner3/netcore/" className="FinanceManager.Tests.E2E.ProfileSettingsLanguageTests" name="ChangeLanguage_ToEnglish_SavesAndApplies" />
    </UnitTest>
    <UnitTest name="FinanceManager.Tests.E2E.UpdateSetupPlaywrightTests.Admin_SavesSettings_PersistsAcrossReload" storage="c:\users\martin\appdata\local\temp\softwareschmiede\6649a26a-e4f6-4584-a4d6-3cb840b22d7d\financemanager.tests.e2e\bin\debug\net10.0\financemanager.tests.e2e.dll" id="51d95bd8-4270-c605-fe69-f11630b3e9da">
      <Execution id="993172db-0d3f-42d5-bc9b-840f8929ec1b" />
      <TestMethod codeBase="C:\Users\Martin\AppData\Local\Temp\softwareschmiede\6649a26a-e4f6-4584-a4d6-3cb840b22d7d\FinanceManager.Tests.E2E\bin\Debug\net10.0\FinanceManager.Tests.E2E.dll" adapterTypeName="executor://xunit/VsTestRunner3/netcore/" className="FinanceManager.Tests.E2E.UpdateSetupPlaywrightTests" name="Admin_SavesSettings_PersistsAcrossReload" />
    </UnitTest>
    <UnitTest name="FinanceManager.Tests.E2E.AccountsOverviewStatisticsPlaywrightTests.AccountsOverview_Mobile_RendersStatisticsWithoutHidingList" storage="c:\users\martin\appdata\local\temp\softwareschmiede\6649a26a-e4f6-4584-a4d6-3cb840b22d7d\financemanager.tests.e2e\bin\debug\net10.0\financemanager.tests.e2e.dll" id="323b07ca-bcc6-b3a2-4826-88a5cae42f48">
      <Execution id="cdfa11c7-b984-4eb6-9a97-8bbc0b63d9f2" />
      <TestMethod codeBase="C:\Users\Martin\AppData\Local\Temp\softwareschmiede\6649a26a-e4f6-4584-a4d6-3cb840b22d7d\FinanceManager.Tests.E2E\bin\Debug\net10.0\FinanceManager.Tests.E2E.dll" adapterTypeName="executor://xunit/VsTestRunner3/netcore/" className="FinanceManager.Tests.E2E.AccountsOverviewStatisticsPlaywrightTests" name="AccountsOverview_Mobile_RendersStatisticsWithoutHidingList" />
    </UnitTest>
    <UnitTest name="FinanceManager.Tests.E2E.AccountsOverviewStatisticsPlaywrightTests.AccountsOverview_MixedBalances_ShowsLosslessSignedDistribution" storage="c:\users\martin\appdata\local\temp\softwareschmiede\6649a26a-e4f6-4584-a4d6-3cb840b22d7d\financemanager.tests.e2e\bin\debug\net10.0\financemanager.tests.e2e.dll" id="84d657fe-d2c5-78dc-d09e-ac7bc903eefe">
      <Execution id="ac21f440-cf16-4585-97c0-cdc353a32435" />
      <TestMethod codeBase="C:\Users\Martin\AppData\Local\Temp\softwareschmiede\6649a26a-e4f6-4584-a4d6-3cb840b22d7d\FinanceManager.Tests.E2E\bin\Debug\net10.0\FinanceManager.Tests.E2E.dll" adapterTypeName="executor://xunit/VsTestRunner3/netcore/" className="FinanceManager.Tests.E2E.AccountsOverviewStatisticsPlaywrightTests" name="AccountsOverview_MixedBalances_ShowsLosslessSignedDistribution" />
    </UnitTest>
    <UnitTest name="FinanceManager.Tests.E2E.PortfolioAnalysisReportE2ETests.RibbonNavigationScenario_ShouldNavigateFromSecuritiesList" storage="c:\users\martin\appdata\local\temp\softwareschmiede\6649a26a-e4f6-4584-a4d6-3cb840b22d7d\financemanager.tests.e2e\bin\debug\net10.0\financemanager.tests.e2e.dll" id="e9b844bd-0abc-982d-37cc-7d94309277a3">
      <Execution id="34c881e6-9beb-46e6-9ae1-822ae5f0551b" />
      <TestMethod codeBase="C:\Users\Martin\AppData\Local\Temp\softwareschmiede\6649a26a-e4f6-4584-a4d6-3cb840b22d7d\FinanceManager.Tests.E2E\bin\Debug\net10.0\FinanceManager.Tests.E2E.dll" adapterTypeName="executor://xunit/VsTestRunner3/netcore/" className="FinanceManager.Tests.E2E.PortfolioAnalysisReportE2ETests" name="RibbonNavigationScenario_ShouldNavigateFromSecuritiesList" />
    </UnitTest>
[...]
    </UnitTest>
    <UnitTest name="FinanceManager.Tests.E2E.PreliminaryStatementDraftE2ETests.CreatePreliminaryDraft_ViaRibbon_ShouldCreateAndOpenDraftWithQuickEdit" storage="c:\users\martin\appdata\local\temp\softwareschmiede\6649a26a-e4f6-4584-a4d6-3cb840b22d7d\financemanager.tests.e2e\bin\debug\net10.0\financemanager.tests.e2e.dll" id="e7b979b5-125b-cba4-d0eb-40aa749487ef">
      <Execution id="dfde6544-bb80-4035-a1bd-b4fd3a1168c5" />
      <TestMethod codeBase="C:\Users\Martin\AppData\Local\Temp\softwareschmiede\6649a26a-e4f6-4584-a4d6-3cb840b22d7d\FinanceManager.Tests.E2E\bin\Debug\net10.0\FinanceManager.Tests.E2E.dll" adapterTypeName="executor://xunit/VsTestRunner3/netcore/" className="FinanceManager.Tests.E2E.PreliminaryStatementDraftE2ETests" name="CreatePreliminaryDraft_ViaRibbon_ShouldCreateAndOpenDraftWithQuickEdit" />
    </UnitTest>
  </TestDefinitions>
  <TestEntries>
    <TestEntry testId="a257b6c2-da8f-3dc3-2338-c4a08e98ba31" executionId="642cf7cd-69d7-444c-8969-07e59bc1b655" testListId="8c84fa94-04c1-424b-9868-57a2d4851a1d" />
    <TestEntry testId="34b9688c-0f99-5da6-0b9f-fe58eeb20539" executionId="53c50dd0-24d7-4562-bdaa-c105c504d87d" testListId="8c84fa94-04c1-424b-9868-57a2d4851a1d" />
    <TestEntry testId="84138ed5-db69-22da-5a6b-e2b06003b2e4" executionId="dadb2da9-1472-4d62-a36a-a03133773f77" testListId="8c84fa94-04c1-424b-9868-57a2d4851a1d" />
    <TestEntry testId="f7b67e4b-d55c-7202-b524-e06aff1fdd36" executionId="a03841b6-df51-4069-9865-adfb61385da2" testListId="8c84fa94-04c1-424b-9868-57a2d4851a1d" />
    <TestEntry testId="c11595bb-0deb-cf3b-933e-8f70406e321f" executionId="e1780c20-e6d4-4bc8-b41b-1304d99d91c6" testListId="8c84fa94-04c1-424b-9868-57a2d4851a1d" />
    <TestEntry testId="0ed4cca4-236f-be33-60c5-158d488843bc" executionId="33513d79-4b8f-4d44-a474-bbb8d6840942" testListId="8c84fa94-04c1-424b-9868-57a2d4851a1d" />
    <TestEntry testId="bc9a0185-866f-17d2-3b18-8864797cfef8" executionId="2f014a02-0f46-4e21-9cf2-c328eca334e7" testListId="8c84fa94-04c1-424b-9868-57a2d4851a1d" />
    <TestEntry testId="10059853-0141-bba1-edda-754533735067" executionId="1c09e3c1-a6cb-45aa-b62e-7c55050a2a45" testListId="8c84fa94-04c1-424b-9868-57a2d4851a1d" />
    <TestEntry testId="7d0dd463-4e9d-e2a0-15c3-6fe8c1b09a16" executionId="93bb07cf-ada6-4512-8951-53745f700d9e" testListId="8c84fa94-04c1-424b-9868-57a2d4851a1d" />
    <TestEntry testId="4d723844-d6ef-9583-0bf8-6a1dd3f99f82" executionId="2a124408-90fc-486a-aaa3-bd7bd5eb642f" testListId="8c84fa94-04c1-424b-9868-57a2d4851a1d" />
    <TestEntry testId="1caaaa9f-98d6-8946-6f63-3d325dc3f1ae" executionId="5bb63827-b13c-4f59-a849-b32790be80fd" testListId="8c84fa94-04c1-424b-9868-57a2d4851a1d" />
    <TestEntry testId="ca3d698e-7889-8533-bc06-26a204155876" executionId="cb21a3a5-f8b6-4db8-8cf9-5cc4443077da" testListId="8c84fa94-04c1-424b-9868-57a2d4851a1d" />
    <TestEntry testId="b83c4930-e946-cbd7-cf72-df725f9b2947" executionId="84b64040-c6e9-4f64-a5b4-5e46e7645983" testListId="8c84fa94-04c1-424b-9868-57a2d4851a1d" />
    <TestEntry testId="ca30e4fb-a9ee-d984-76c4-fd258f8c3f18" executionId="bb01485d-ccd2-472e-ad05-9614a70fdf1d" testListId="8c84fa94-04c1-424b-9868-57a2d4851a1d" />
    <TestEntry testId="400063c0-bae3-e6a3-e723-4640e4af42ed" executionId="fa2c66a1-b124-4615-80d1-24920b339204" testListId="8c84fa94-04c1-424b-9868-57a2d4851a1d" />
    <TestEntry testId="92145fce-0c4d-1947-4621-45750c58dd33" executionId="9192ec0f-2085-48c8-b44f-9628d5fe3c08" testListId="8c84fa94-04c1-424b-9868-57a2d4851a1d" />
    <TestEntry testId="0acff28c-0784-2190-12a9-abb1fccca4bb" executionId="89a3a2da-4a79-450c-94cf-0ace675f19dd" testListId="8c84fa94-04c1-424b-9868-57a2d4851a1d" />
    <TestEntry testId="93d2aa20-2ab2-779b-98d7-b0df3ac3f2a3" executionId="b471a3e7-8a95-412f-bf64-da1e10c6249a" testListId="8c84fa94-04c1-424b-9868-57a2d4851a1d" />
    <TestEntry testId="81987959-9b75-40e8-d553-5b3de0054f8d" executionId="0e3b9d28-80e2-4356-ae7c-7cb465b5912b" testListId="8c84fa94-04c1-424b-9868-57a2d4851a1d" />
    <TestEntry testId="0ccbe138-fd4f-0dcd-7239-cca9fd210592" executionId="579ad0cd-113e-4348-8aa8-7993d0b95902" testListId="8c84fa94-04c1-424b-9868-57a2d4851a1d" />
    <TestEntry testId="f7072f02-cf2e-5d49-54d7-c9da190f2765" executionId="29fd6e59-0296-4847-9145-b1b185e6670b" testListId="8c84fa94-04c1-424b-9868-57a2d4851a1d" />
    <TestEntry testId="e51b5560-06bf-753a-dc2a-82f5dc6372e2" executionId="8e8e3a3e-2db9-4be9-b707-e32dbb33eabd" testListId="8c84fa94-04c1-424b-9868-57a2d4851a1d" />
    <TestEntry testId="84d657fe-d2c5-78dc-d09e-ac7bc903eefe" executionId="ac21f440-cf16-4585-97c0-cdc353a32435" testListId="8c84fa94-04c1-424b-9868-57a2d4851a1d" />
    <TestEntry testId="86b93011-362c-1730-0413-6c9eadd327a3" executionId="d13c5ae4-4660-451e-b9cf-5b103bc0f726" testListId="8c84fa94-04c1-424b-9868-57a2d4851a1d" />
    <TestEntry testId="8d90f721-3459-f0c8-404c-7e067f85fc9d" executionId="ad8ff793-5ff4-4565-ac98-2ad6f7894186" testListId="8c84fa94-04c1-424b-9868-57a2d4851a1d" />
    <TestEntry testId="37aa55e4-2631-9d8c-865b-e01afc030c48" executionId="1f05a2aa-b183-4093-a056-ad41ea74ed1b" testListId="8c84fa94-04c1-424b-9868-57a2d4851a1d" />
    <TestEntry testId="a6b58e3e-e2f1-0ce3-4d0d-d63cbabd1fc7" executionId="a53594c2-af30-44f4-8e56-742066b22490" testListId="8c84fa94-04c1-424b-9868-57a2d4851a1d" />
    <TestEntry testId="c76b7d6d-7db7-04de-6c50-c18d1323a076" executionId="7c4532b9-6c72-4d15-a4cb-327f87be930d" testListId="8c84fa94-04c1-424b-9868-57a2d4851a1d" />
    <TestEntry testId="cf61cd93-08e4-3743-3986-a7c6707319bd" executionId="64d2c588-f673-49a8-be82-10271174d510" testListId="8c84fa94-04c1-424b-9868-57a2d4851a1d" />
    <TestEntry testId="67744182-0409-3cfd-c5be-b4fd48f59982" executionId="56e8bc2d-9b7a-4c45-b362-da5bdc972624" testListId="8c84fa94-04c1-424b-9868-57a2d4851a1d" />
    <TestEntry testId="8cc884ba-4b5f-f418-0f10-97a7043a9d7c" executionId="6a0a1ddd-66a2-434d-8042-142a69f05f70" testListId="8c84fa94-04c1-424b-9868-57a2d4851a1d" />
    <TestEntry testId="f1568b7c-64ea-01df-61c6-e0dc5ed1ce01" executionId="10be29d6-9ae8-41bc-b2c9-d87cc28713dc" testListId="8c84fa94-04c1-424b-9868-57a2d4851a1d" />
    <TestEntry testId="ef6f6cc2-7c5c-7ada-8b0b-344c1340120a" executionId="92cfd823-cd87-4771-9d85-0c73cd85fb79" testListId="8c84fa94-04c1-424b-9868-57a2d4851a1d" />
    <TestEntry testId="77a3e9df-4fa5-c09f-317d-da5a501ff014" executionId="1a147431-47e4-44de-8ee8-adef46e49f78" testListId="8c84fa94-04c1-424b-9868-57a2d4851a1d" />
    <TestEntry testId="db6cecb1-0024-9446-c816-d5b77bc24f1c" executionId="89f5c0ad-a2ab-4694-ae9f-ac3ff9101ca8" testListId="8c84fa94-04c1-424b-9868-57a2d4851a1d" />
    <TestEntry testId="f8bfd664-6dba-2328-00f4-d2b52031bfd5" executionId="96cb712a-748f-4d5a-8db8-d12aa00a0b39" testListId="8c84fa94-04c1-424b-9868-57a2d4851a1d" />
    <TestEntry testId="5eb81295-5d23-2272-5aae-c99d38f1e7ff" executionId="f549495a-dd49-4073-a9e5-8fd18265b0bf" testListId="8c84fa94-04c1-424b-9868-57a2d4851a1d" />
    <TestEntry testId="3af2a4a8-df57-d45b-78d2-2f5ee769dd4a" executionId="4202e1fb-a999-44d1-9054-ed9710c4fc90" testListId="8c84fa94-04c1-424b-9868-57a2d4851a1d" />
    <TestEntry testId="db54793e-d1c2-4e39-eef9-d6d0cc871dbd" executionId="9ecaeb96-0355-4126-ad61-d34e1fb1a019" testListId="8c84fa94-04c1-424b-9868-57a2d4851a1d" />
    <TestEntry testId="ee22168c-263c-604d-9498-bb2b43c0dcd7" executionId="f6213457-eba7-407d-ba55-16359c40f0d2" testListId="8c84fa94-04c1-424b-9868-57a2d4851a1d" />
    <TestEntry testId="68123a91-8003-b218-5cec-07ad511a1615" executionId="22c1f3d7-430f-4ca0-bfa4-baa350cb4166" testListId="8c84fa94-04c1-424b-9868-57a2d4851a1d" />
    <TestEntry testId="fc214fcd-8001-c6d9-6dbb-53930b24747d" executionId="6fd1fdc5-2ba0-4f49-9e58-0c53d111344a" testListId="8c84fa94-04c1-424b-9868-57a2d4851a1d" />
    <TestEntry testId="e9b844bd-0abc-982d-37cc-7d94309277a3" executionId="34c881e6-9beb-46e6-9ae1-822ae5f0551b" testListId="8c84fa94-04c1-424b-9868-57a2d4851a1d" />
    <TestEntry testId="a2fbb00a-f107-2664-d633-7eff551d589a" executionId="97006623-d906-45c7-ad0a-ac476ca57f3c" testListId="8c84fa94-04c1-424b-9868-57a2d4851a1d" />
    <TestEntry testId="7d063830-ed87-9598-af11-80a8d0bc0d03" executionId="d4a16c21-320a-4b1b-b4cf-645f247f269c" testListId="8c84fa94-04c1-424b-9868-57a2d4851a1d" />
    <TestEntry testId="9dec0b50-a03b-d3a8-d9d5-ccfad83de81c" executionId="86ad1a49-65ce-468f-abbf-80ec4bf84306" testListId="8c84fa94-04c1-424b-9868-57a2d4851a1d" />
    <TestEntry testId="914f708f-43f1-d1d1-e33d-9541fce1fdf7" executionId="bb30a4bf-2846-4462-b5dc-f982d39100dd" testListId="8c84fa94-04c1-424b-9868-57a2d4851a1d" />
    <TestEntry testId="190d16a5-86cf-c462-a5f0-8137c339a793" executionId="f55bb2c9-eb9e-4961-b7b2-ee9e7d0d4ca5" testListId="8c84fa94-04c1-424b-9868-57a2d4851a1d" />
    <TestEntry testId="2b72bb3b-9185-7f59-25af-b2fcc4afe1d1" executionId="ed1dbec9-a6fa-4e15-9fc7-946f7c8d2e75" testListId="8c84fa94-04c1-424b-9868-57a2d4851a1d" />
    <TestEntry testId="e7b979b5-125b-cba4-d0eb-40aa749487ef" executionId="dfde6544-bb80-4035-a1bd-b4fd3a1168c5" testListId="8c84fa94-04c1-424b-9868-57a2d4851a1d" />
    <TestEntry testId="a75a9da5-bc0c-b6bb-abdc-472fbd565771" executionId="7b8c2894-689c-4551-8e61-4a61b005af65" testListId="8c84fa94-04c1-424b-9868-57a2d4851a1d" />
    <TestEntry testId="9048df6e-d1e1-96fd-5478-e1d38aed67cb" executionId="9b7000e5-c0a8-4ddb-9717-607eb06be4c8" testListId="8c84fa94-04c1-424b-9868-57a2d4851a1d" />
    <TestEntry testId="50f5856c-00e2-1549-3160-f1940be4d7af" executionId="3580e5cf-7ee3-41a3-adfa-2455b4ab8e84" testListId="8c84fa94-04c1-424b-9868-57a2d4851a1d" />
    <TestEntry testId="7beb61a2-0f79-2670-27a3-90b0abcb64ee" executionId="091a8ad8-54d7-4f94-a04f-73c331015333" testListId="8c84fa94-04c1-424b-9868-57a2d4851a1d" />
    <TestEntry testId="597d8c8a-e076-d303-9c4e-34cf0e52f1a8" executionId="2a9ee030-4cb2-4e63-8312-8dfde5a421cc" testListId="8c84fa94-04c1-424b-9868-57a2d4851a1d" />
    <TestEntry testId="cb786a86-253c-e34c-9067-a93696fcd946" executionId="1568f6d9-0e20-4346-80ad-cefd2607f3d9" testListId="8c84fa94-04c1-424b-9868-57a2d4851a1d" />
    <TestEntry testId="776df2ec-9eb7-ffd8-d794-ae4aea79f9d1" executionId="e9f335d8-6483-4e85-a2a5-ab4ac06cf954" testListId="8c84fa94-04c1-424b-9868-57a2d4851a1d" />
    <TestEntry testId="965d08e8-cbfe-5454-f5af-fec3b47ecdca" executionId="e5e3411d-97fe-4a93-9f9a-9d6320c7c9e4" testListId="8c84fa94-04c1-424b-9868-57a2d4851a1d" />
    <TestEntry testId="bf81c487-8eae-b245-9063-2179cb0ffda4" executionId="f58ca5aa-80be-4938-baaf-7fd4279edc66" testListId="8c84fa94-04c1-424b-9868-57a2d4851a1d" />
    <TestEntry testId="b6085427-e839-665f-ffdb-c7b6fed940d6" executionId="2fcdf485-ee4d-4dfe-b79b-188ee493f3cf" testListId="8c84fa94-04c1-424b-9868-57a2d4851a1d" />
    <TestEntry testId="ccb1ca45-f12b-d8e5-c6f0-cada8a792a22" executionId="3f60bdb0-207a-4aec-818e-19eb9d664730" testListId="8c84fa94-04c1-424b-9868-57a2d4851a1d" />
    <TestEntry testId="68ecf056-fabe-2396-46f6-6d184a0d749c" executionId="ef5a587c-8742-430a-9516-e95ba586b18e" testListId="8c84fa94-04c1-424b-9868-57a2d4851a1d" />
    <TestEntry testId="7335df67-fa39-ad7a-6aa6-595441eb546f" executionId="ecf994b8-4ba4-4d99-ae87-af8184827893" testListId="8c84fa94-04c1-424b-9868-57a2d4851a1d" />
    <TestEntry testId="51d95bd8-4270-c605-fe69-f11630b3e9da" executionId="993172db-0d3f-42d5-bc9b-840f8929ec1b" testListId="8c84fa94-04c1-424b-9868-57a2d4851a1d" />
    <TestEntry testId="c289cdea-b92f-a24f-39a9-e05a5f7b595f" executionId="0ab3e465-c136-464b-92f1-dd664c0aea4b" testListId="8c84fa94-04c1-424b-9868-57a2d4851a1d" />
    <TestEntry testId="40cfb84d-53b8-6546-3ed6-a44de01149e6" executionId="83adf5a1-d080-4a38-8583-9e07f42e51ae" testListId="8c84fa94-04c1-424b-9868-57a2d4851a1d" />
    <TestEntry testId="9e5e3c81-1dc7-08fd-ae02-98696823d445" executionId="e081eed1-ddbc-4a84-8b10-d5ba718024a7" testListId="8c84fa94-04c1-424b-9868-57a2d4851a1d" />
    <TestEntry testId="59bfa247-cefb-49f7-4ded-c5d06eadad2b" executionId="944c8b83-f774-4482-b9fe-d0bde63b0d03" testListId="8c84fa94-04c1-424b-9868-57a2d4851a1d" />
    <TestEntry testId="75a47d9f-59ec-3ae1-7d9c-ec64fdcb8ce8" executionId="9bb64944-e806-4315-b461-87959e022365" testListId="8c84fa94-04c1-424b-9868-57a2d4851a1d" />
    <TestEntry testId="e0abd120-972a-be0f-5a69-9c0bf272d906" executionId="063a3210-ce6c-42cf-adef-0a0f395b29fc" testListId="8c84fa94-04c1-424b-9868-57a2d4851a1d" />
    <TestEntry testId="149e49ab-9cc6-7228-94a8-188c25860842" executionId="cf11486e-2616-4f28-8e9c-7004b97ca72b" testListId="8c84fa94-04c1-424b-9868-57a2d4851a1d" />
    <TestEntry testId="f7090660-4be3-aa30-5942-14d80c5562ee" executionId="3845d264-9ff7-4591-b8ed-7a0a2f5345f1" testListId="8c84fa94-04c1-424b-9868-57a2d4851a1d" />
    <TestEntry testId="0809ba10-766e-a62f-9060-e4a3da95a7e7" executionId="3a185146-a4fb-4593-b5f5-cbc6ddf4e93b" testListId="8c84fa94-04c1-424b-9868-57a2d4851a1d" />
    <TestEntry testId="9618ab2c-2300-7ee1-6c30-15a5c22c1584" executionId="340d7cb1-7114-49f0-a06b-3ccb63a2a7b2" testListId="8c84fa94-04c1-424b-9868-57a2d4851a1d" />
    <TestEntry testId="41a819bf-fe79-ee2a-09d6-11c85398eea7" executionId="aefc462a-8eb9-4ed4-b4d5-db4366938641" testListId="8c84fa94-04c1-424b-9868-57a2d4851a1d" />
    <TestEntry testId="64394227-5e48-febd-5d1d-526132f33123" executionId="184be69c-c712-422d-9b04-9fbd440aeba5" testListId="8c84fa94-04c1-424b-9868-57a2d4851a1d" />
    <TestEntry testId="e1df8166-2174-3c82-1be6-0b7551cdf1bd" executionId="4ec41df6-2b4e-46b0-b945-1a578a8152fd" testListId="8c84fa94-04c1-424b-9868-57a2d4851a1d" />
    <TestEntry testId="bbc3cd7e-b5fe-450e-dac0-bd3636bcbd1b" executionId="47476bc4-fc6f-4c55-86ba-4e91af6f1922" testListId="8c84fa94-04c1-424b-9868-57a2d4851a1d" />
    <TestEntry testId="e5c1b4e9-315d-30dc-7762-4cc5d7f7ad41" executionId="97e9400b-66c4-4030-aa68-49aad5061803" testListId="8c84fa94-04c1-424b-9868-57a2d4851a1d" />
    <TestEntry testId="2269340f-e8a3-0cee-92ee-f0ae2a664b88" executionId="49987128-c339-4b86-b024-421c9844c6e0" testListId="8c84fa94-04c1-424b-9868-57a2d4851a1d" />
    <TestEntry testId="b1d977e6-8030-d787-3825-48d17d1d6513" executionId="be69113a-b92a-42ed-ab47-b247b87a1a4c" testListId="8c84fa94-04c1-424b-9868-57a2d4851a1d" />
    <TestEntry testId="70ce1dba-6bcd-1e3f-4d40-2ce6af5c44e1" executionId="5aef0032-94f9-4f45-9139-c637caf80a82" testListId="8c84fa94-04c1-424b-9868-57a2d4851a1d" />
    <TestEntry testId="0f675991-adc7-82be-cbbd-962b63b3713a" executionId="934e3c4a-4ea0-4e76-bdef-a10e5faed5ec" testListId="8c84fa94-04c1-424b-9868-57a2d4851a1d" />
    <TestEntry testId="26aae7b4-fe36-d4aa-7af5-e29cae3a7a89" executionId="2de1ac7d-30f6-4ee7-be5f-70a239e26dc8" testListId="8c84fa94-04c1-424b-9868-57a2d4851a1d" />
    <TestEntry testId="cdb96d72-920e-8b2a-fc55-ef4f496bb72e" executionId="63206c71-bc69-4c31-9d14-ddbaf30aba1d" testListId="8c84fa94-04c1-424b-9868-57a2d4851a1d" />
    <TestEntry testId="42fc8d80-a331-268a-8084-b58183405f54" executionId="aab46ee7-3301-4a24-a53b-0ced0c16a1ca" testListId="8c84fa94-04c1-424b-9868-57a2d4851a1d" />
    <TestEntry testId="c9763167-266a-9a32-f97b-94876d4fff11" executionId="81f129be-2b40-4706-accb-835868a055b1" testListId="8c84fa94-04c1-424b-9868-57a2d4851a1d" />
    <TestEntry testId="59af0b92-d83b-1cc4-e352-7fc09dab992d" executionId="64cfd649-87e6-4cf9-99ba-ee4d34fe3b58" testListId="8c84fa94-04c1-424b-9868-57a2d4851a1d" />
    <TestEntry testId="7da39ceb-6f08-7aa0-1129-f2d50dd7338f" executionId="f85d740a-c561-4f21-85bf-82e3563a5b8b" testListId="8c84fa94-04c1-424b-9868-57a2d4851a1d" />
    <TestEntry testId="5723eda8-813d-efb5-5adb-ab428757f106" executionId="4c54c5d5-08a7-4236-bf99-f196b557dac3" testListId="8c84fa94-04c1-424b-9868-57a2d4851a1d" />
    <TestEntry testId="0339f892-53ff-4830-70e9-38bc1daa6540" executionId="bbb8d66d-2ac0-44bb-927a-589cdca2255c" testListId="8c84fa94-04c1-424b-9868-57a2d4851a1d" />
    <TestEntry testId="38eeac92-03fa-8e4f-b290-4ba0cd4553f5" executionId="11be4d0f-03d4-4dd2-b5e2-72dfe67cdfd3" testListId="8c84fa94-04c1-424b-9868-57a2d4851a1d" />
    <TestEntry testId="07ed767f-5c61-c6ee-6f08-9ed5b19c776c" executionId="f4c131b6-bb59-49b0-9967-a391e6f061fb" testListId="8c84fa94-04c1-424b-9868-57a2d4851a1d" />
    <TestEntry testId="36df9b8a-069a-2dcc-f20e-222f047659bc" executionId="49ab1029-1943-422a-8ca3-dd759c752352" testListId="8c84fa94-04c1-424b-9868-57a2d4851a1d" />
    <TestEntry testId="6af1b6e5-8cb2-c938-aaa0-74e34ac1c4c6" executionId="c02518ea-bfe0-4e10-a054-e672000575e9" testListId="8c84fa94-04c1-424b-9868-57a2d4851a1d" />
    <TestEntry testId="a12124e7-c2b4-0899-d592-4e9c90787b9d" executionId="498a7cb1-9508-44e8-8b67-f341ef65ceed" testListId="8c84fa94-04c1-424b-9868-57a2d4851a1d" />
    <TestEntry testId="856b53bd-882c-9301-b902-01212815d5f6" executionId="06720ce1-27fe-485d-bcef-d5e8b150d32d" testListId="8c84fa94-04c1-424b-9868-57a2d4851a1d" />
    <TestEntry testId="e8c7971c-0a82-58b4-1f94-a1c2b06e601c" executionId="49f580f0-d937-4c5e-a340-aa81d8e8e643" testListId="8c84fa94-04c1-424b-9868-57a2d4851a1d" />
    <TestEntry testId="ec25f344-1b25-de6b-259b-16c6d2e3b650" executionId="642adf77-ed5d-4caf-a823-7dbb23da8433" testListId="8c84fa94-04c1-424b-9868-57a2d4851a1d" />
    <TestEntry testId="323b07ca-bcc6-b3a2-4826-88a5cae42f48" executionId="cdfa11c7-b984-4eb6-9a97-8bbc0b63d9f2" testListId="8c84fa94-04c1-424b-9868-57a2d4851a1d" />
  </TestEntries>
  <TestLists>
    <TestList name="Ergebnisse nicht in einer Liste" id="8c84fa94-04c1-424b-9868-57a2d4851a1d" />
    <TestList name="Alle geladenen Ergebnisse" id="19431567-8539-422a-85d7-44ee4e166bda" />
  </TestLists>
  <ResultSummary outcome="Failed">
    <Counters total="100" executed="100" passed="99" failed="1" error="0" timeout="0" aborted="0" inconclusive="0" passedButRunAborted="0" notRunnable="0" notExecuted="0" disconnected="0" warning="0" completed="0" inProgress="0" pending="0" />
    <Output>
      <StdOut>[xUnit.net 00:00:00.00] xUnit.net VSTest Adapter v3.1.5+1b188a7b0a (64-bit .NET 10.0.12)&#xD;
[xUnit.net 00:00:00.69]   Discovering: FinanceManager.Tests.E2E&#xD;
[xUnit.net 00:00:00.92]   Discovered:  FinanceManager.Tests.E2E&#xD;
[xUnit.net 00:00:01.08]   Starting:    FinanceManager.Tests.E2E&#xD;
[xUnit.net 00:02:04.61]       Expected response.Status to be 204, but found 401 (difference of 197).&#xD;
[xUnit.net 00:02:04.61]       Stack Trace:&#xD;
[xUnit.net 00:02:04.61]            at FluentAssertions.Numeric.NumericAssertionsBase`3.Be(T expected, String because, Object[] becauseArgs)&#xD;
[xUnit.net 00:02:04.61]         C:\Users\Martin\AppData\Local\Temp\softwareschmiede\6649a26a-e4f6-4584-a4d6-3cb840b22d7d\FinanceManager.Tests.E2E\Tests\StatementDrafts\StatementDraftQuickEditValueTakeoverE2ETests.cs(534,0): at FinanceManager.Tests.E2E.StatementDraftQuickEditValueTakeoverE2ETests.QuickEdit_Blur_ShouldSendKeepaliveAndKeepLocalInputValue()&#xD;
[xUnit.net 00:02:04.61]         C:\Users\Martin\AppData\Local\Temp\softwareschmiede\6649a26a-e4f6-4584-a4d6-3cb840b22d7d\FinanceManager.Tests.E2E\Tests\StatementDrafts\StatementDraftQuickEditValueTakeoverE2ETests.cs(539,0): at FinanceManager.Tests.E2E.StatementDraftQuickEditValueTakeoverE2ETests.QuickEdit_Blur_ShouldSendKeepaliveAndKeepLocalInputValue()&#xD;
[xUnit.net 00:02:04.61]         --- End of stack trace from previous location ---&#xD;
[xUnit.net 00:03:56.04]   Finished:    FinanceManager.Tests.E2E (ID = '9c374696aec7745c7c1335d0956112e70040d443253f32c4f4e06e060e8cc373')&#xD;
</StdOut>
    </Output>
    <RunInfos>
      <RunInfo computerName="DESKTOP-CM8OBSG" outcome="Error" timestamp="2026-09-26T05:48:22.3030540+02:00">
        <Text>[xUnit.net 00:02:04.61]     FinanceManager.Tests.E2E.StatementDraftQuickEditValueTakeoverE2ETests.QuickEdit_Blur_ShouldSendKeepaliveAndKeepLocalInputValue [FAIL]</Text>
      </RunInfo>
    </RunInfos>
  </ResultSummary>
</TestRun>