<?xml version="1.0" encoding="utf-8"?>
<TestRun id="303cdcdf-da16-4e85-a09f-92b6bde16fa5" name="Martin@DESKTOP-CM8OBSG 2026-09-26 05:45:58" runUser="DESKTOP-CM8OBSG\Martin" xmlns="http://microsoft.com/schemas/VisualStudio/TeamTest/2010">
  <Times creation="2026-09-26T05:45:58.5338618+02:00" queuing="2026-09-26T05:45:58.5338623+02:00" start="2026-09-26T05:45:37.9492611+02:00" finish="2026-09-26T05:49:21.2436439+02:00" />
  <TestSettings name="default" id="15efcc15-994c-4829-bdb6-d468accfdaaa">
    <Deployment runDeploymentRoot="Martin_DESKTOP-CM8OBSG_2026-09-26_05_45_58" />
  </TestSettings>
  <Results>
    <UnitTestResult executionId="bfe11424-6b41-408c-a8a2-67eacba6df7b" testId="f48a15f6-caeb-dac1-994a-d45360cdcf21" testName="FinanceManager.Tests.Integration.ApiClient.ApiClientStatementDraftsTests.StatementDrafts_Book_ShouldReturnImpactItems_WhenPurposePatternRegexMatches" computerName="DESKTOP-CM8OBSG" duration="00:00:00.1123972" startTime="2026-09-26T05:46:12.6105678+02:00" endTime="2026-09-26T05:46:12.7229984+02:00" testType="13cdc9d9-ddb5-4fa4-a97d-d965ccfc6d4b" outcome="Passed" testListId="8c84fa94-04c1-424b-9868-57a2d4851a1d" relativeResultsDirectory="bfe11424-6b41-408c-a8a2-67eacba6df7b" />
    <UnitTestResult executionId="56cdb63f-c1af-4fda-9774-284883589815" testId="6dbb2caf-80a3-cf5d-3b90-ce1c3bceef96" testName="FinanceManager.Tests.Integration.UpdateControllerIntegrationTests.ResetLock_Returns409LockNotStale_WhenLockFileIsTooYoung" computerName="DESKTOP-CM8OBSG" duration="00:00:00.6075051" startTime="2026-09-26T05:46:23.6332268+02:00" endTime="2026-09-26T05:46:24.2407752+02:00" testType="13cdc9d9-ddb5-4fa4-a97d-d965ccfc6d4b" outcome="Passed" testListId="8c84fa94-04c1-424b-9868-57a2d4851a1d" relativeResultsDirectory="56cdb63f-c1af-4fda-9774-284883589815" />
    <UnitTestResult executionId="c1b4be86-179d-416f-8aba-a3c9c9d6f489" testId="22559f3a-d216-695e-6475-950a07da0174" testName="FinanceManager.Tests.Integration.ApiClient.ApiClientBackgroundTasksTests.Enqueue_RebuildAggregates_ShouldReturnTaskInfo_AndStatusEndpointsWork" computerName="DESKTOP-CM8OBSG" duration="00:00:12.8739606" startTime="2026-09-26T05:45:54.7576405+02:00" endTime="2026-09-26T05:46:07.6372717+02:00" testType="13cdc9d9-ddb5-4fa4-a97d-d965ccfc6d4b" outcome="Passed" testListId="8c84fa94-04c1-424b-9868-57a2d4851a1d" relativeResultsDirectory="c1b4be86-179d-416f-8aba-a3c9c9d6f489" />
    <UnitTestResult executionId="349ef2ec-3303-4ca0-b490-25f5cc930cf3" testId="a11e664a-14f3-ea48-4ff8-4dc1d30e18bc" testName="FinanceManager.Tests.Integration.UpdateControllerIntegrationTests.ResetLock_Returns409NoLock_WhenNoLockFileExists" computerName="DESKTOP-CM8OBSG" duration="00:00:01.1664784" startTime="2026-09-26T05:46:18.4735503+02:00" endTime="2026-09-26T05:46:19.6400610+02:00" testType="13cdc9d9-ddb5-4fa4-a97d-d965ccfc6d4b" outcome="Passed" testListId="8c84fa94-04c1-424b-9868-57a2d4851a1d" relativeResultsDirectory="349ef2ec-3303-4ca0-b490-25f5cc930cf3" />
    <UnitTestResult executionId="aad9a984-a9ba-4ed2-836c-2aa0e1ed9640" testId="c08897e0-256b-b846-271b-bd8d8a1c4598" testName="FinanceManager.Tests.Integration.UpdateControllerIntegrationTests.Health_IsAnonymous" computerName="DESKTOP-CM8OBSG" duration="00:00:00.0022258" startTime="2026-09-26T05:46:23.1228056+02:00" endTime="2026-09-26T05:46:23.1250579+02:00" testType="13cdc9d9-ddb5-4fa4-a97d-d965ccfc6d4b" outcome="Passed" testListId="8c84fa94-04c1-424b-9868-57a2d4851a1d" relativeResultsDirectory="aad9a984-a9ba-4ed2-836c-2aa0e1ed9640" />
    <UnitTestResult executionId="9d3a1cfc-d4ea-4124-9daf-ac872f759043" testId="1b203a51-97ad-28da-e635-d982ed59b6bb" testName="FinanceManager.Tests.Integration.UpdateControllerIntegrationTests.Status_WhenInstallingAndVersionMatchesAfterRestart_ReportsNoUpdate" computerName="DESKTOP-CM8OBSG" duration="00:00:00.5706719" startTime="2026-09-26T05:46:21.4307427+02:00" endTime="2026-09-26T05:46:22.0014472+02:00" testType="13cdc9d9-ddb5-4fa4-a97d-d965ccfc6d4b" outcome="Passed" testListId="8c84fa94-04c1-424b-9868-57a2d4851a1d" relativeResultsDirectory="9d3a1cfc-d4ea-4124-9daf-ac872f759043" />
    <UnitTestResult executionId="1b7edc8a-88e8-4acb-ac4a-ec43af010fbd" testId="c4312bb5-5775-c72f-fcc3-2715d5d6db42" testName="FinanceManager.Tests.Integration.ViewModels.BudgetReportViewModelIntegrationTests.InitializeAsync_TotalRange_ShouldShowHousingBookingsBudgeted_AndTrafficBookingUnbudgeted_WhenLoadedForCurrentYear" computerName="DESKTOP-CM8OBSG" duration="00:00:05.7831088" startTime="2026-09-26T05:46:11.7154627+02:00" endTime="2026-09-26T05:46:17.4985649+02:00" testType="13cdc9d9-ddb5-4fa4-a97d-d965ccfc6d4b" outcome="Passed" testListId="8c84fa94-04c1-424b-9868-57a2d4851a1d" relativeResultsDirectory="1b7edc8a-88e8-4acb-ac4a-ec43af010fbd" />
    <UnitTestResult executionId="bed95cb7-2ca6-46cf-bd04-c328a71aa813" testId="c67a83a2-e4f6-aa67-ce36-8880902314c3" testName="FinanceManager.Tests.Integration.ApiClient.ApiClientBackupsTests.List_InitiallyEmpty_Create_AddsEntry" computerName="DESKTOP-CM8OBSG" duration="00:00:00.0757372" startTime="2026-09-26T05:46:06.7107815+02:00" endTime="2026-09-26T05:46:06.7865557+02:00" testType="13cdc9d9-ddb5-4fa4-a97d-d965ccfc6d4b" outcome="Passed" testListId="8c84fa94-04c1-424b-9868-57a2d4851a1d" relativeResultsDirectory="bed95cb7-2ca6-46cf-bd04-c328a71aa813" />
    <UnitTestResult executionId="284d2dca-cc20-4c3b-bc82-d08094ae7382" testId="bc92c251-46a1-ec1a-807c-248b765f65bb" testName="FinanceManager.Tests.Integration.ApiClient.ApiClientIpBlocksTests.IpBlocks_List_Create_Block_Unblock_Delete" computerName="DESKTOP-CM8OBSG" duration="00:00:12.2215820" startTime="2026-09-26T05:45:54.7575729+02:00" endTime="2026-09-26T05:46:06.9848309+02:00" testType="13cdc9d9-ddb5-4fa4-a97d-d965ccfc6d4b" outcome="Passed" testListId="8c84fa94-04c1-424b-9868-57a2d4851a1d" relativeResultsDirectory="284d2dca-cc20-4c3b-bc82-d08094ae7382" />
    <UnitTestResult executionId="ac30b448-95f3-46e8-8058-838881fddd9c" testId="3339b448-9aa1-9314-9188-1198d10c9bb4" testName="FinanceManager.Tests.Integration.ApiClient.ApiClientUserSettingsTests.UserSettings_UpdateNotifications_Works" computerName="DESKTOP-CM8OBSG" duration="00:00:00.0702511" startTime="2026-09-26T05:46:05.0022368+02:00" endTime="2026-09-26T05:46:05.0830108+02:00" testType="13cdc9d9-ddb5-4fa4-a97d-d965ccfc6d4b" outcome="Passed" testListId="8c84fa94-04c1-424b-9868-57a2d4851a1d" relativeResultsDirectory="ac30b448-95f3-46e8-8058-838881fddd9c" />
    <UnitTestResult executionId="b741701c-baee-4bdf-bdf0-798825285e3e" testId="317169c2-cd27-715f-812e-50033bccce1b" testName="FinanceManager.Tests.Integration.ViewModels.BudgetReportViewModelIntegrationTests.InitializeAsync_LastInterval_ShouldAggregatePurposeBudgetsIntoCategoryBudget_AndUseActualMinusBudgetDelta" computerName="DESKTOP-CM8OBSG" duration="00:00:00.1996002" startTime="2026-09-26T05:46:17.7091634+02:00" endTime="2026-09-26T05:46:17.9088020+02:00" testType="13cdc9d9-ddb5-4fa4-a97d-d965ccfc6d4b" outcome="Passed" testListId="8c84fa94-04c1-424b-9868-57a2d4851a1d" relativeResultsDirectory="b741701c-baee-4bdf-bdf0-798825285e3e" />
    <UnitTestResult executionId="18acdb82-652e-4f02-90cc-6d0e51d59375" testId="aeb813a7-dd36-b231-dd4a-9f47028f041d" testName="FinanceManager.Tests.Integration.ApiClient.ApiClientBackgroundTasksTests.CancelOrRemove_ShouldReturnNoContentOrFalse" computerName="DESKTOP-CM8OBSG" duration="00:00:00.0612332" startTime="2026-09-26T05:46:07.6377911+02:00" endTime="2026-09-26T05:46:07.6990606+02:00" testType="13cdc9d9-ddb5-4fa4-a97d-d965ccfc6d4b" outcome="Passed" testListId="8c84fa94-04c1-424b-9868-57a2d4851a1d" relativeResultsDirectory="18acdb82-652e-4f02-90cc-6d0e51d59375" />
    <UnitTestResult executionId="2a032fb2-3182-4db2-88d8-a87c595b1881" testId="cf740422-8add-c552-cf59-f9523bcf1d1f" testName="FinanceManager.Tests.Integration.ApiClient.ApiClientAccountsStatisticsTests.AccountsListAndStatistics_ApplySameOwnerAndSearchScopeBeyondFirstPage" computerName="DESKTOP-CM8OBSG" duration="00:00:00.0638277" startTime="2026-09-26T05:46:05.4695528+02:00" endTime="2026-09-26T05:46:05.5334138+02:00" testType="13cdc9d9-ddb5-4fa4-a97d-d965ccfc6d4b" outcome="Passed" testListId="8c84fa94-04c1-424b-9868-57a2d4851a1d" relativeResultsDirectory="2a032fb2-3182-4db2-88d8-a87c595b1881" />
    <UnitTestResult executionId="23df3cb1-b5f9-4792-a3e5-ea70a8027838" testId="05deda6b-d776-e454-aacf-1ff51963c4fa" testName="FinanceManager.Tests.Integration.ApiClient.ApiClientHomeKpisTests.HomeKpis_List_Create_Update_Delete_Flow" computerName="DESKTOP-CM8OBSG" duration="00:00:15.2666545" startTime="2026-09-26T05:45:54.7575917+02:00" endTime="2026-09-26T05:46:10.0299617+02:00" testType="13cdc9d9-ddb5-4fa4-a97d-d965ccfc6d4b" outcome="Passed" testListId="8c84fa94-04c1-424b-9868-57a2d4851a1d" relativeResultsDirectory="23df3cb1-b5f9-4792-a3e5-ea70a8027838" />
    <UnitTestResult executionId="2d8b5ec2-f341-4099-b622-7347bb8e2e47" testId="b8b44ae9-f5e4-b243-f11c-d4dcac979e62" testName="FinanceManager.Tests.Integration.UpdateControllerIntegrationTests.StartInstall_ReturnsNotFoundWithLocalizableCode_WhenNoReadyPackage" computerName="DESKTOP-CM8OBSG" duration="00:00:00.5370022" startTime="2026-09-26T05:46:22.0576979+02:00" endTime="2026-09-26T05:46:22.5947397+02:00" testType="13cdc9d9-ddb5-4fa4-a97d-d965ccfc6d4b" outcome="Passed" testListId="8c84fa94-04c1-424b-9868-57a2d4851a1d" relativeResultsDirectory="2d8b5ec2-f341-4099-b622-7347bb8e2e47" />
    <UnitTestResult executionId="d854e914-59e9-4549-821e-6c898de7f503" testId="466dadec-eba7-93b3-6bcd-d5d19341b6bb" testName="FinanceManager.Tests.Integration.ApiClient.ApiClientBudgetReportUnbudgetedMirrorTests.BudgetReport_ShouldRespectPurposePattern_ForActualAndUnbudgetedPostings" computerName="DESKTOP-CM8OBSG" duration="00:00:00.1431752" startTime="2026-09-26T05:46:16.4522275+02:00" endTime="2026-09-26T05:46:16.5954380+02:00" testType="13cdc9d9-ddb5-4fa4-a97d-d965ccfc6d4b" outcome="Passed" testListId="8c84fa94-04c1-424b-9868-57a2d4851a1d" relativeResultsDirectory="d854e914-59e9-4549-821e-6c898de7f503" />
    <UnitTestResult executionId="12889f50-55f8-42f0-9328-e1de104ae807" testId="42e92bca-7fd5-4bd4-783b-9a34217524c7" testName="FinanceManager.Tests.Integration.ApiClient.ApiClientUserSettingsTests.UserSettings_UpdateProfile_Persists_ShowConfirmations" computerName="DESKTOP-CM8OBSG" duration="00:00:00.0363631" startTime="2026-09-26T05:46:05.1790042+02:00" endTime="2026-09-26T05:46:05.2154109+02:00" testType="13cdc9d9-ddb5-4fa4-a97d-d965ccfc6d4b" outcome="Passed" testListId="8c84fa94-04c1-424b-9868-57a2d4851a1d" relativeResultsDirectory="12889f50-55f8-42f0-9328-e1de104ae807" />
    <UnitTestResult executionId="b2a99160-dd5d-4aaa-aaef-e6711f404a88" testId="bc64d8a3-8fa3-31d3-323d-bf7dd8e5b4fc" testName="FinanceManager.Tests.Integration.HelpSecurityMiddlewareTests.UnknownHelpFileExtension_IsBlockedBeforeStaticFiles" computerName="DESKTOP-CM8OBSG" duration="00:00:10.0141209" startTime="2026-09-26T05:46:03.8954887+02:00" endTime="2026-09-26T05:46:13.9095835+02:00" testType="13cdc9d9-ddb5-4fa4-a97d-d965ccfc6d4b" outcome="Passed" testListId="8c84fa94-04c1-424b-9868-57a2d4851a1d" relativeResultsDirectory="b2a99160-dd5d-4aaa-aaef-e6711f404a88" />
    <UnitTestResult executionId="fb3c798b-9213-4ebd-a425-59776133a02d" testId="62561257-ace0-6c3b-e9cb-5df8adf6ecda" testName="FinanceManager.Tests.Integration.ApiClient.ApiClientPostingsTests.Postings_List_Endpoints_Should_Not_Fail" computerName="DESKTOP-CM8OBSG" duration="00:00:00.1022622" startTime="2026-09-26T05:46:12.8436193+02:00" endTime="2026-09-26T05:46:12.9459203+02:00" testType="13cdc9d9-ddb5-4fa4-a97d-d965ccfc6d4b" outcome="Passed" testListId="8c84fa94-04c1-424b-9868-57a2d4851a1d" relativeResultsDirectory="fb3c798b-9213-4ebd-a425-59776133a02d" />
    <UnitTestResult executionId="cd3c5415-8276-4cb6-8b75-261c7e699e00" testId="8b710615-f5db-140f-8550-b9a102bf6ef9" testName="FinanceManager.Tests.Integration.ApiClient.ApiClientContactsTests.Contacts_Create_WithStatementEntryParent_ShouldAssignCreatedContactToEntry" computerName="DESKTOP-CM8OBSG" duration="00:00:14.4363181" startTime="2026-09-26T05:45:54.7575723+02:00" endTime="2026-09-26T05:46:09.1997484+02:00" testType="13cdc9d9-ddb5-4fa4-a97d-d965ccfc6d4b" outcome="Passed" testListId="8c84fa94-04c1-424b-9868-57a2d4851a1d" relativeResultsDirectory="cd3c5415-8276-4cb6-8b75-261c7e699e00" />
    <UnitTestResult executionId="824256c9-514a-4456-a668-536b79777a33" testId="7a92650b-292a-70eb-132a-1b3d6f04c905" testName="FinanceManager.Tests.Integration.HelpSecurityMiddlewareTests.HelpRoutes_IncludeRestrictiveContentSecurityPolicy(path: &quot;/help&quot;)" computerName="DESKTOP-CM8OBSG" duration="00:00:00.0335725" startTime="2026-09-26T05:46:03.8057423+02:00" endTime="2026-09-26T05:46:03.8393551+02:00" testType="13cdc9d9-ddb5-4fa4-a97d-d965ccfc6d4b" outcome="Passed" testListId="8c84fa94-04c1-424b-9868-57a2d4851a1d" relativeResultsDirectory="824256c9-514a-4456-a668-536b79777a33" />
    <UnitTestResult executionId="8c5b0e8c-1b8a-4010-a42d-f8ff9b29e445" testId="dcad6376-cfb7-3ac1-85b7-44602f46e698" testName="FinanceManager.Tests.Integration.WellKnownEndpointIntegrationTests.WellKnownSettings_AdminRoundtrip" computerName="DESKTOP-CM8OBSG" duration="00:00:14.8006835" startTime="2026-09-26T05:45:54.7576688+02:00" endTime="2026-09-26T05:46:09.5640752+02:00" testType="13cdc9d9-ddb5-4fa4-a97d-d965ccfc6d4b" outcome="Passed" testListId="8c84fa94-04c1-424b-9868-57a2d4851a1d" relativeResultsDirectory="8c5b0e8c-1b8a-4010-a42d-f8ff9b29e445" />
    <UnitTestResult executionId="67f221f0-6223-4e9b-8c86-d696b7667083" testId="8823ebca-a61b-eb89-69ea-0b11c7fb9e21" testName="FinanceManager.Tests.Integration.HelpSecurityMiddlewareTests.StaticHelpAssetRequest_IsBlockedWhenManifestIsMissing" computerName="DESKTOP-CM8OBSG" duration="00:00:00.9201078" startTime="2026-09-26T05:46:17.9650362+02:00" endTime="2026-09-26T05:46:18.8851781+02:00" testType="13cdc9d9-ddb5-4fa4-a97d-d965ccfc6d4b" outcome="Passed" testListId="8c84fa94-04c1-424b-9868-57a2d4851a1d" relativeResultsDirectory="67f221f0-6223-4e9b-8c86-d696b7667083" />
    <UnitTestResult executionId="bf830456-00c8-4dd4-886f-b303a8438367" testId="b62fa5c4-aeff-bdff-df69-46aec8089bc4" testName="FinanceManager.Tests.Integration.HelpSecurityMiddlewareTests.HelpRoutes_IncludeRestrictiveContentSecurityPolicy(path: &quot;/api/help/search-index/de.json&quot;)" computerName="DESKTOP-CM8OBSG" duration="00:00:00.0346746" startTime="2026-09-26T05:46:03.8398586+02:00" endTime="2026-09-26T05:46:03.8745734+02:00" testType="13cdc9d9-ddb5-4fa4-a97d-d965ccfc6d4b" outcome="Passed" testListId="8c84fa94-04c1-424b-9868-57a2d4851a1d" relativeResultsDirectory="bf830456-00c8-4dd4-886f-b303a8438367" />
    <UnitTestResult executionId="853331c0-0aa7-41a0-b2da-a265e548db1a" testId="cb86c511-a8d4-439f-6679-3627d140caae" testName="FinanceManager.Tests.Integration.UpdateControllerIntegrationTests.Status_WhenInstallingAndVersionMismatchAfterRestart_ReportsFailed" computerName="DESKTOP-CM8OBSG" duration="00:00:00.8022053" startTime="2026-09-26T05:46:20.6130207+02:00" endTime="2026-09-26T05:46:21.4302396+02:00" testType="13cdc9d9-ddb5-4fa4-a97d-d965ccfc6d4b" outcome="Passed" testListId="8c84fa94-04c1-424b-9868-57a2d4851a1d" relativeResultsDirectory="853331c0-0aa7-41a0-b2da-a265e548db1a" />
    <UnitTestResult executionId="49b4ba78-af3d-4411-8a0c-4bf014e60628" testId="2f4c459b-dee0-61c5-fb56-474a6671affc" testName="FinanceManager.Tests.Integration.ApiClient.ApiClientUsersAdminTests.Anonymous_UserAdminEndpoint_ReturnsUnauthorized" computerName="DESKTOP-CM8OBSG" duration="00:00:09.3478978" startTime="2026-09-26T05:45:54.7575746+02:00" endTime="2026-09-26T05:46:04.1111370+02:00" testType="13cdc9d9-ddb5-4fa4-a97d-d965ccfc6d4b" outcome="Passed" testListId="8c84fa94-04c1-424b-9868-57a2d4851a1d" relativeResultsDirectory="49b4ba78-af3d-4411-8a0c-4bf014e60628" />
    <UnitTestResult executionId="6c7f161b-a9f0-4c49-ab1c-8aafc353e105" testId="562b46ba-e8e4-7cc3-1d39-1dcce5a16f2f" testName="FinanceManager.Tests.Integration.ApiClient.ApiClientDemoDataTests.CreateDemoDataAsync_ShouldSkipCurrentMonthPostings" computerName="DESKTOP-CM8OBSG" duration="00:00:31.9535905" startTime="2026-09-26T05:47:04.4628795+02:00" endTime="2026-09-26T05:47:36.4163142+02:00" testType="13cdc9d9-ddb5-4fa4-a97d-d965ccfc6d4b" outcome="Passed" testListId="8c84fa94-04c1-424b-9868-57a2d4851a1d" relativeResultsDirectory="6c7f161b-a9f0-4c49-ab1c-8aafc353e105" />
    <UnitTestResult executionId="54c6e17f-1ea8-4d02-a165-45f5515fa9be" testId="11370644-278c-823f-770a-d65e2ca79f11" testName="FinanceManager.Tests.Integration.HelpSecurityMiddlewareTests.HelpAssetHttpRequest_IsBlockedWhenManifestedFileIsManipulated(relativeAssetPath: &quot;css/help-page.css&quot;, requestPath: &quot;/help/css/help-page.css&quot;, manipulatedContent: &quot;body{outline:999px solid red}&quot;)" computerName="DESKTOP-CM8OBSG" duration="00:00:00.9322592" startTime="2026-09-26T05:46:13.9106199+02:00" endTime="2026-09-26T05:46:14.8429119+02:00" testType="13cdc9d9-ddb5-4fa4-a97d-d965ccfc6d4b" outcome="Passed" testListId="8c84fa94-04c1-424b-9868-57a2d4851a1d" relativeResultsDirectory="54c6e17f-1ea8-4d02-a165-45f5515fa9be" />
    <UnitTestResult executionId="45ad42b7-239d-47dd-84a4-3e45ab56a43a" testId="9290ca57-d9c5-0406-5a0b-5d94bb72a851" testName="FinanceManager.Tests.Integration.ApiClient.ApiClientUsersAdminTests.NonAdmin_UserAdminEndpoints_ReturnForbidden" computerName="DESKTOP-CM8OBSG" duration="00:00:00.0852462" startTime="2026-09-26T05:46:04.3688068+02:00" endTime="2026-09-26T05:46:04.4540902+02:00" testType="13cdc9d9-ddb5-4fa4-a97d-d965ccfc6d4b" outcome="Passed" testListId="8c84fa94-04c1-424b-9868-57a2d4851a1d" relativeResultsDirectory="45ad42b7-239d-47dd-84a4-3e45ab56a43a" />
    <UnitTestResult executionId="cc8c96a3-66ba-40b8-be65-c99341cfb437" testId="5b6997be-31b3-7349-2994-a1f2d7a1f2e9" testName="FinanceManager.Tests.Integration.HelpSecurityMiddlewareTests.HelpSearchIndexHttpRequest_IsNotFoundWhenStaticIndexIsMissing(language: &quot;de&quot;)" computerName="DESKTOP-CM8OBSG" duration="00:00:01.0913546" startTime="2026-09-26T05:46:18.8894463+02:00" endTime="2026-09-26T05:46:19.9808288+02:00" testType="13cdc9d9-ddb5-4fa4-a97d-d965ccfc6d4b" outcome="Passed" testListId="8c84fa94-04c1-424b-9868-57a2d4851a1d" relativeResultsDirectory="cc8c96a3-66ba-40b8-be65-c99341cfb437" />
    <UnitTestResult executionId="18ab0050-6c07-49a2-8d4f-2d7b227e5ce9" testId="15293e73-b745-7031-75ea-b73f81777f7e" testName="FinanceManager.Tests.Integration.HelpSecurityMiddlewareTests.HelpAssetHttpRequest_IsBlockedWhenManifestedFileIsManipulated(relativeAssetPath: &quot;js/help-search.js&quot;, requestPath: &quot;/help/js/help-search.js&quot;, manipulatedContent: &quot;console.log('manipulated');&quot;)" computerName="DESKTOP-CM8OBSG" duration="00:00:01.1664473" startTime="2026-09-26T05:46:15.8071351+02:00" endTime="2026-09-26T05:46:16.9736329+02:00" testType="13cdc9d9-ddb5-4fa4-a97d-d965ccfc6d4b" outcome="Passed" testListId="8c84fa94-04c1-424b-9868-57a2d4851a1d" relativeResultsDirectory="18ab0050-6c07-49a2-8d4f-2d7b227e5ce9" />
    <UnitTestResult executionId="bb43efc7-2ea7-4395-8c5c-8f1b1898a8df" testId="787c6c69-6cce-497d-8947-ab4098c907c1" testName="FinanceManager.Tests.Integration.HelpSecurityMiddlewareTests.HelpAssetHttpRequest_IsBlockedWhenManifestedFileIsManipulated(relativeAssetPath: &quot;en/search-index.json&quot;, requestPath: &quot;/api/help/search-index/en.json&quot;, manipulatedContent: &quot;{ \&quot;documents\&quot;: [{ \&quot;id\&quot;: \&quot;budgetplanung\&quot;, \&quot;t&quot;···)" computerName="DESKTOP-CM8OBSG" duration="00:00:00.9468714" startTime="2026-09-26T05:46:14.8438385+02:00" endTime="2026-09-26T05:46:15.7907402+02:00" testType="13cdc9d9-ddb5-4fa4-a97d-d965ccfc6d4b" outcome="Passed" testListId="8c84fa94-04c1-424b-9868-57a2d4851a1d" relativeResultsDirectory="bb43efc7-2ea7-4395-8c5c-8f1b1898a8df" />
    <UnitTestResult executionId="9819cf31-5409-4d1b-bc94-d23c062302a2" testId="b9d9971b-76aa-aba4-be5d-90640e4a5843" testName="FinanceManager.Tests.Integration.ApiClient.ApiClientDemoDataTests.CreateDemoDataAsync_ShouldCreateCompleteSeedSet_WhenCreatePostingsTrue" computerName="DESKTOP-CM8OBSG" duration="00:00:31.6818941" startTime="2026-09-26T05:47:36.4172536+02:00" endTime="2026-09-26T05:48:08.0989800+02:00" testType="13cdc9d9-ddb5-4fa4-a97d-d965ccfc6d4b" outcome="Passed" testListId="8c84fa94-04c1-424b-9868-57a2d4851a1d" relativeResultsDirectory="9819cf31-5409-4d1b-bc94-d23c062302a2" />
    <UnitTestResult executionId="4c5e58aa-a9dc-490a-84b4-80560f854f60" testId="386cc9ea-7b37-78a0-f60c-233d17cf37f3" testName="FinanceManager.Tests.Integration.ApiClient.ApiClientBudgetReportUnbudgetedMirrorTests.BudgetReport_WithComplexData" computerName="DESKTOP-CM8OBSG" duration="00:00:12.7632584" startTime="2026-09-26T05:46:03.2246671+02:00" endTime="2026-09-26T05:46:15.9878847+02:00" testType="13cdc9d9-ddb5-4fa4-a97d-d965ccfc6d4b" outcome="Passed" testListId="8c84fa94-04c1-424b-9868-57a2d4851a1d" relativeResultsDirectory="4c5e58aa-a9dc-490a-84b4-80560f854f60" />
    <UnitTestResult executionId="efa6fcdb-55c6-4856-a0c6-c2aed448e76b" testId="56577bd7-d359-bec5-86b4-b54697914d86" testName="FinanceManager.Tests.Integration.HelpSecurityMiddlewareTests.HelpUi_RendersWithoutInlineScriptsUnderRestrictiveCsp(path: &quot;/help/view/budgetplanung/beschreibung&quot;)" computerName="DESKTOP-CM8OBSG" duration="00:00:00.0030472" startTime="2026-09-26T05:46:17.9616001+02:00" endTime="2026-09-26T05:46:17.9646845+02:00" testType="13cdc9d9-ddb5-4fa4-a97d-d965ccfc6d4b" outcome="Passed" testListId="8c84fa94-04c1-424b-9868-57a2d4851a1d" relativeResultsDirectory="efa6fcdb-55c6-4856-a0c6-c2aed448e76b" />
    <UnitTestResult executionId="273031b9-cbf3-41ca-b2e1-f38e4f742043" testId="445bb0c1-6025-61f1-93b1-209f1d7ae32e" testName="FinanceManager.Tests.Integration.ApiClient.ApiClientBackupsTests.StartApply_Status_Cancel_Flow" computerName="DESKTOP-CM8OBSG" duration="00:00:00.0896356" startTime="2026-09-26T05:46:06.7875256+02:00" endTime="2026-09-26T05:46:06.8772058+02:00" testType="13cdc9d9-ddb5-4fa4-a97d-d965ccfc6d4b" outcome="Passed" testListId="8c84fa94-04c1-424b-9868-57a2d4851a1d" relativeResultsDirectory="273031b9-cbf3-41ca-b2e1-f38e4f742043" />
    <UnitTestResult executionId="d1aa7ac7-dafa-45c0-b7d0-4b65b2d28b4b" testId="949a12ab-0695-90e6-86a3-30a37121c391" testName="FinanceManager.Tests.Integration.ApiClient.ApiClientAuthTests.ApiClient_ShouldRaiseAuthenticationRequired_OnForbiddenWithAuthenticationCode" computerName="DESKTOP-CM8OBSG" duration="00:00:00.0026954" startTime="2026-09-26T05:46:10.9459426+02:00" endTime="2026-09-26T05:46:10.9486631+02:00" testType="13cdc9d9-ddb5-4fa4-a97d-d965ccfc6d4b" outcome="Passed" testListId="8c84fa94-04c1-424b-9868-57a2d4851a1d" relativeResultsDirectory="d1aa7ac7-dafa-45c0-b7d0-4b65b2d28b4b" />
    <UnitTestResult executionId="1f81a3cc-8180-4ba2-8886-d2d1b7ed46d9" testId="64c9bcfb-8fd1-784f-770d-c1c32dd832df" testName="FinanceManager.Tests.Integration.ApiClient.ApiClientUserSettingsTests.UserSettings_UpdateProfile_Persists_CacheKpis" computerName="DESKTOP-CM8OBSG" duration="00:00:00.0459356" startTime="2026-09-26T05:46:05.0861472+02:00" endTime="2026-09-26T05:46:05.1321206+02:00" testType="13cdc9d9-ddb5-4fa4-a97d-d965ccfc6d4b" outcome="Passed" testListId="8c84fa94-04c1-424b-9868-57a2d4851a1d" relativeResultsDirectory="1f81a3cc-8180-4ba2-8886-d2d1b7ed46d9" />
    <UnitTestResult executionId="c165daea-64b4-4640-9b5f-d9d9cb08b6ce" testId="a47f3847-a600-7325-28be-394c5c1b5836" testName="FinanceManager.Tests.Integration.ApiClient.ApiClientStatementDraftsTests.StatementDrafts_Flow_Upload_List_Get_SetAccount_AddEntry_Validate_Book_DeleteAll" computerName="DESKTOP-CM8OBSG" duration="00:00:00.2641697" startTime="2026-09-26T05:46:12.1111143+02:00" endTime="2026-09-26T05:46:12.3753170+02:00" testType="13cdc9d9-ddb5-4fa4-a97d-d965ccfc6d4b" outcome="Passed" testListId="8c84fa94-04c1-424b-9868-57a2d4851a1d" relativeResultsDirectory="c165daea-64b4-4640-9b5f-d9d9cb08b6ce" />
    <UnitTestResult executionId="48435b44-ae55-49f1-94f6-4b3990298eda" testId="2db81544-b9d0-9015-7d1c-1e07d48020aa" testName="FinanceManager.Tests.Integration.ApiClient.ApiClientDemoDataTests.Users_CreateDemoData_ShouldReturnAccepted_WhenCalledThroughApi" computerName="DESKTOP-CM8OBSG" duration="00:00:00.0957176" startTime="2026-09-26T05:48:08.0998502+02:00" endTime="2026-09-26T05:48:08.1956205+02:00" testType="13cdc9d9-ddb5-4fa4-a97d-d965ccfc6d4b" outcome="Passed" testListId="8c84fa94-04c1-424b-9868-57a2d4851a1d" relativeResultsDirectory="48435b44-ae55-49f1-94f6-4b3990298eda" />
    <UnitTestResult executionId="54b4b05a-fd14-4c4a-8e1a-f4f1b22d0862" testId="adce45a1-cec8-46b8-ad60-9a79241001ad" testName="FinanceManager.Tests.Integration.ApiClient.ApiClientAuthTests.Bearer_ShouldRejectTokenWithInvalidIssuer" computerName="DESKTOP-CM8OBSG" duration="00:00:00.0026813" startTime="2026-09-26T05:46:10.9489049+02:00" endTime="2026-09-26T05:46:10.9516152+02:00" testType="13cdc9d9-ddb5-4fa4-a97d-d965ccfc6d4b" outcome="Passed" testListId="8c84fa94-04c1-424b-9868-57a2d4851a1d" relativeResultsDirectory="54b4b05a-fd14-4c4a-8e1a-f4f1b22d0862" />
    <UnitTestResult executionId="54586229-8f93-4a0d-899e-7e3b90e7ebf4" testId="b6f7413e-8219-b637-16d2-5223aea02649" testName="FinanceManager.Tests.Integration.ApiClient.ApiClientBudgetReportUnbudgetedMirrorTests.BudgetReport_ShouldRespectRegexPurposePattern_ForActualAndUnbudgetedPostings" computerName="DESKTOP-CM8OBSG" duration="00:00:00.1540114" startTime="2026-09-26T05:46:16.2976558+02:00" endTime="2026-09-26T05:46:16.4517054+02:00" testType="13cdc9d9-ddb5-4fa4-a97d-d965ccfc6d4b" outcome="Passed" testListId="8c84fa94-04c1-424b-9868-57a2d4851a1d" relativeResultsDirectory="54586229-8f93-4a0d-899e-7e3b90e7ebf4" />
    <UnitTestResult executionId="667dd778-7fd8-4659-a2fd-686de32ca75e" testId="a34c695e-9269-9c3b-f147-a399775a9302" testName="FinanceManager.Tests.Integration.ApiClient.ApiClientAccountsStatisticsTests.AccountsStatistics_Unauthenticated_Returns401" computerName="DESKTOP-CM8OBSG" duration="00:00:00.0011335" startTime="2026-09-26T05:46:05.5344215+02:00" endTime="2026-09-26T05:46:05.5355737+02:00" testType="13cdc9d9-ddb5-4fa4-a97d-d965ccfc6d4b" outcome="Passed" testListId="8c84fa94-04c1-424b-9868-57a2d4851a1d" relativeResultsDirectory="667dd778-7fd8-4659-a2fd-686de32ca75e" />
    <UnitTestResult executionId="031193b3-078e-4e23-b8cb-48adfe54bd67" testId="86d773de-4777-9d3e-a5e9-bbd1dbd1c27c" testName="FinanceManager.Tests.Integration.ApiClient.ApiClientUserSettingsTests.UserSettings_GetNotifications_Returns_Defaults" computerName="DESKTOP-CM8OBSG" duration="00:00:00.0291223" startTime="2026-09-26T05:46:05.3464184+02:00" endTime="2026-09-26T05:46:05.3755750+02:00" testType="13cdc9d9-ddb5-4fa4-a97d-d965ccfc6d4b" outcome="Passed" testListId="8c84fa94-04c1-424b-9868-57a2d4851a1d" relativeResultsDirectory="031193b3-078e-4e23-b8cb-48adfe54bd67" />
    <UnitTestResult executionId="45e4208c-c56c-473e-93b5-1a6fefa4cea0" testId="f306d423-6052-c1c7-b2f4-5cfd8890a0e7" testName="FinanceManager.Tests.Integration.HelpSecurityMiddlewareTests.HelpRoutes_IncludeRestrictiveContentSecurityPolicy(path: &quot;/api/help/de/f001.html&quot;)" computerName="DESKTOP-CM8OBSG" duration="00:00:00.0197243" startTime="2026-09-26T05:46:03.8750227+02:00" endTime="2026-09-26T05:46:03.8947868+02:00" testType="13cdc9d9-ddb5-4fa4-a97d-d965ccfc6d4b" outcome="Passed" testListId="8c84fa94-04c1-424b-9868-57a2d4851a1d" relativeResultsDirectory="45e4208c-c56c-473e-93b5-1a6fefa4cea0" />
    <UnitTestResult executionId="d98f6b11-45d6-41a0-8cc9-f1bd029f84a0" testId="753673d9-382f-ceb7-2277-e98f4527c115" testName="FinanceManager.Tests.Integration.UpdateControllerIntegrationTests.ResetLock_ReturnsSpecificErrorCode_WhenResetFailureIsClassified(kind: ResetFailed, statusCode: InternalServerError, errorCode: &quot;Err_Update_Reset_Failed&quot;)" computerName="DESKTOP-CM8OBSG" duration="00:00:11.0642654" startTime="2026-09-26T05:46:00.2319810+02:00" endTime="2026-09-26T05:46:11.2962249+02:00" testType="13cdc9d9-ddb5-4fa4-a97d-d965ccfc6d4b" outcome="Passed" testListId="8c84fa94-04c1-424b-9868-57a2d4851a1d" relativeResultsDirectory="d98f6b11-45d6-41a0-8cc9-f1bd029f84a0" />
    <UnitTestResult executionId="0f538791-8f85-4a8d-b585-bcc058abb97e" testId="72a46ebc-b863-24f0-e3c9-3b5d362f3400" testName="FinanceManager.Tests.Integration.ApiClient.ApiClientBudgetsTests.Budgets_DeletePurpose_ShouldAlsoDeleteRules" computerName="DESKTOP-CM8OBSG" duration="00:00:00.0713162" startTime="2026-09-26T05:46:09.0179835+02:00" endTime="2026-09-26T05:46:09.0893363+02:00" testType="13cdc9d9-ddb5-4fa4-a97d-d965ccfc6d4b" outcome="Passed" testListId="8c84fa94-04c1-424b-9868-57a2d4851a1d" relativeResultsDirectory="0f538791-8f85-4a8d-b585-bcc058abb97e" />
    <UnitTestResult executionId="45d0187d-cc6f-4509-83c8-e40ec02213ae" testId="e5829357-9b3e-7e02-a4ed-ddced7aeebba" testName="FinanceManager.Tests.Integration.ApiClient.ApiClientUserSettingsTests.UserSettings_UpdateProfile_ClearAlphaVantageApiKey_RemovesStoredValue" computerName="DESKTOP-CM8OBSG" duration="00:00:00.0462293" startTime="2026-09-26T05:46:05.2991562+02:00" endTime="2026-09-26T05:46:05.3454176+02:00" testType="13cdc9d9-ddb5-4fa4-a97d-d965ccfc6d4b" outcome="Passed" testListId="8c84fa94-04c1-424b-9868-57a2d4851a1d" relativeResultsDirectory="45d0187d-cc6f-4509-83c8-e40ec02213ae" />
    <UnitTestResult executionId="f4c1cdaf-06e3-4e0a-9472-e7dba6fcdd8b" testId="104e68a3-86b9-3585-00fc-4fc37459d837" testName="FinanceManager.Tests.Integration.ApiClient.ApiClientAuthTests.JwtRefreshMiddleware_ShouldNotLoopOnRejectedRefresh" computerName="DESKTOP-CM8OBSG" duration="00:00:00.0274318" startTime="2026-09-26T05:46:10.8144318+02:00" endTime="2026-09-26T05:46:10.8418997+02:00" testType="13cdc9d9-ddb5-4fa4-a97d-d965ccfc6d4b" outcome="Passed" testListId="8c84fa94-04c1-424b-9868-57a2d4851a1d" relativeResultsDirectory="f4c1cdaf-06e3-4e0a-9472-e7dba6fcdd8b" />
    <UnitTestResult executionId="84fc2b9f-e2fa-4d92-9038-96c94fab2a71" testId="59cb2b42-9527-ec48-16f3-186a60af895a" testName="FinanceManager.Tests.Integration.ApiClient.ApiClientSecuritiesTests.Securities_Flow_CRUD_Symbol_Prices_Aggregates_Dividends_Backfill" computerName="DESKTOP-CM8OBSG" duration="00:00:00.2391261" startTime="2026-09-26T05:46:08.2431630+02:00" endTime="2026-09-26T05:46:08.4823262+02:00" testType="13cdc9d9-ddb5-4fa4-a97d-d965ccfc6d4b" outcome="Passed" testListId="8c84fa94-04c1-424b-9868-57a2d4851a1d" relativeResultsDirectory="84fc2b9f-e2fa-4d92-9038-96c94fab2a71" />
    <UnitTestResult executionId="a09c08d7-73d6-4d77-ac3f-3fbb8ab04b9c" testId="f746b7ae-b6d9-3f9f-26fe-f53de056a7da" testName="FinanceManager.Tests.Integration.ApiClient.ApiClientPostingsReversalTests.ReversePosting_ShouldReturn401_WhenNotAuthenticated" computerName="DESKTOP-CM8OBSG" duration="00:00:00.0030885" startTime="2026-09-26T05:46:03.2045714+02:00" endTime="2026-09-26T05:46:03.2076965+02:00" testType="13cdc9d9-ddb5-4fa4-a97d-d965ccfc6d4b" outcome="Passed" testListId="8c84fa94-04c1-424b-9868-57a2d4851a1d" relativeResultsDirectory="a09c08d7-73d6-4d77-ac3f-3fbb8ab04b9c" />
    <UnitTestResult executionId="75db575c-ff54-4bc8-8152-a9ab69d26d17" testId="ad8cb235-aa65-154a-d762-679c93654b79" testName="FinanceManager.Tests.Integration.UpdateControllerIntegrationTests.ResetLock_ReturnsResetFailed_WhenResetThrowsUnclassifiedIOException" computerName="DESKTOP-CM8OBSG" duration="00:00:00.5270228" startTime="2026-09-26T05:46:22.5952706+02:00" endTime="2026-09-26T05:46:23.1223300+02:00" testType="13cdc9d9-ddb5-4fa4-a97d-d965ccfc6d4b" outcome="Passed" testListId="8c84fa94-04c1-424b-9868-57a2d4851a1d" relativeResultsDirectory="75db575c-ff54-4bc8-8152-a9ab69d26d17" />
    <UnitTestResult executionId="d2375259-eabb-41b5-b791-487c39a66243" testId="59abe20d-df7d-d8e5-d898-96557d80a75d" testName="FinanceManager.Tests.Integration.ApiClient.ApiClientStatementDraftsTests.StatementDrafts_BookEntry_ShouldReturnBudgetImpactSummary_WhenBudgetPurposeExistsForContact" computerName="DESKTOP-CM8OBSG" duration="00:00:00.1243853" startTime="2026-09-26T05:46:12.4856981+02:00" endTime="2026-09-26T05:46:12.6101158+02:00" testType="13cdc9d9-ddb5-4fa4-a97d-d965ccfc6d4b" outcome="Passed" testListId="8c84fa94-04c1-424b-9868-57a2d4851a1d" relativeResultsDirectory="d2375259-eabb-41b5-b791-487c39a66243" />
    <UnitTestResult executionId="f3c5278b-1214-443a-9bb9-e07bd5a22511" testId="3bd372df-7d48-5714-038c-caf4147c7a03" testName="FinanceManager.Tests.Integration.ApiClient.ApiClientPostingsReversalTests.ValidateReversal_ShouldReturn200WithIsValidTrue_ForReversiblePosting" computerName="DESKTOP-CM8OBSG" duration="00:00:00.1838324" startTime="2026-09-26T05:46:03.0139675+02:00" endTime="2026-09-26T05:46:03.1978489+02:00" testType="13cdc9d9-ddb5-4fa4-a97d-d965ccfc6d4b" outcome="Passed" testListId="8c84fa94-04c1-424b-9868-57a2d4851a1d" relativeResultsDirectory="f3c5278b-1214-443a-9bb9-e07bd5a22511" />
    <UnitTestResult executionId="11cd8f78-f276-47be-aa99-1117b29640b7" testId="a64b4ec1-ddbd-c65d-ce4a-da005a7bb903" testName="FinanceManager.Tests.Integration.ApiClient.ApiClientSecurityCategoriesTests.SecurityCategories_List_Create_Update_Symbol_Delete_Flow" computerName="DESKTOP-CM8OBSG" duration="00:00:07.2803246" startTime="2026-09-26T05:45:54.7576914+02:00" endTime="2026-09-26T05:46:02.0437252+02:00" testType="13cdc9d9-ddb5-4fa4-a97d-d965ccfc6d4b" outcome="Passed" testListId="8c84fa94-04c1-424b-9868-57a2d4851a1d" relativeResultsDirectory="11cd8f78-f276-47be-aa99-1117b29640b7" />
    <UnitTestResult executionId="a4296385-ff26-4a7d-b43f-59289efc2d72" testId="823c6adb-f642-eb86-d83d-cee2635c1f2b" testName="FinanceManager.Tests.Integration.UpdateControllerIntegrationTests.UpdateStatus_RequiresAdmin" computerName="DESKTOP-CM8OBSG" duration="00:00:00.9084859" startTime="2026-09-26T05:46:16.5272946+02:00" endTime="2026-09-26T05:46:17.4358129+02:00" testType="13cdc9d9-ddb5-4fa4-a97d-d965ccfc6d4b" outcome="Passed" testListId="8c84fa94-04c1-424b-9868-57a2d4851a1d" relativeResultsDirectory="a4296385-ff26-4a7d-b43f-59289efc2d72" />
    <UnitTestResult executionId="a6b07b8c-14ce-4704-a6da-915a66fbfec7" testId="876fd313-0321-4d8c-3531-352c0691fec5" testName="FinanceManager.Tests.Integration.ApiClient.ApiClientAuthTests.Bearer_ShouldRejectTokenWithInvalidAudience" computerName="DESKTOP-CM8OBSG" duration="00:00:12.2633737" startTime="2026-09-26T05:45:58.5501410+02:00" endTime="2026-09-26T05:46:10.8134712+02:00" testType="13cdc9d9-ddb5-4fa4-a97d-d965ccfc6d4b" outcome="Passed" testListId="8c84fa94-04c1-424b-9868-57a2d4851a1d" relativeResultsDirectory="a6b07b8c-14ce-4704-a6da-915a66fbfec7" />
    <UnitTestResult executionId="80dcabbe-ac52-45e2-9794-7e874cf744f9" testId="7f8a84bb-6b79-fe0d-df61-a903845a3892" testName="FinanceManager.Tests.Integration.ApiClient.ApiClientContactsTests.Contacts_Create_WithInvalidParent_ShouldReturnConflictAndRollbackContactCreate" computerName="DESKTOP-CM8OBSG" duration="00:00:00.0673345" startTime="2026-09-26T05:46:09.2006391+02:00" endTime="2026-09-26T05:46:09.2680083+02:00" testType="13cdc9d9-ddb5-4fa4-a97d-d965ccfc6d4b" outcome="Passed" testListId="8c84fa94-04c1-424b-9868-57a2d4851a1d" relativeResultsDirectory="80dcabbe-ac52-45e2-9794-7e874cf744f9" />
    <UnitTestResult executionId="bdbb2334-a7a4-40aa-acc0-6677cf84a16d" testId="d37602cb-5ec3-5630-400f-83fc756a4ce6" testName="FinanceManager.Tests.Integration.ViewModels.BudgetReportViewModelIntegrationTests.InitializeAsync_TotalRange_ShouldAggregatePurposeBudgetsIntoCategoryBudget_AndUseActualMinusBudgetDelta" computerName="DESKTOP-CM8OBSG" duration="00:00:16.1507615" startTime="2026-09-26T05:45:54.7577104+02:00" endTime="2026-09-26T05:46:10.9140819+02:00" testType="13cdc9d9-ddb5-4fa4-a97d-d965ccfc6d4b" outcome="Passed" testListId="8c84fa94-04c1-424b-9868-57a2d4851a1d" relativeResultsDirectory="bdbb2334-a7a4-40aa-acc0-6677cf84a16d" />
    <UnitTestResult executionId="f9df6458-afc0-4225-8d71-5f8e222f96a0" testId="e8914857-4187-dcc6-d2f6-9b6bf76d800a" testName="FinanceManager.Tests.Integration.ApiClient.ApiClientAuthTests.ApiClient_ShouldNotRaiseAuthenticationRequired_OnOrdinaryForbidden" computerName="DESKTOP-CM8OBSG" duration="00:00:00.0015569" startTime="2026-09-26T05:46:11.0935863+02:00" endTime="2026-09-26T05:46:11.0951621+02:00" testType="13cdc9d9-ddb5-4fa4-a97d-d965ccfc6d4b" outcome="Passed" testListId="8c84fa94-04c1-424b-9868-57a2d4851a1d" relativeResultsDirectory="f9df6458-afc0-4225-8d71-5f8e222f96a0" />
    <UnitTestResult executionId="0cac17cb-f032-4165-9b78-a9ca7a2f2336" testId="84715a53-6688-7153-ed38-31b1694ae044" testName="FinanceManager.Tests.Integration.UpdateControllerIntegrationTests.ResetLock_Returns204_WhenStaleLockIsReleasedOnDisk" computerName="DESKTOP-CM8OBSG" duration="00:00:00.9362649" startTime="2026-09-26T05:46:19.6405694+02:00" endTime="2026-09-26T05:46:20.5768685+02:00" testType="13cdc9d9-ddb5-4fa4-a97d-d965ccfc6d4b" outcome="Passed" testListId="8c84fa94-04c1-424b-9868-57a2d4851a1d" relativeResultsDirectory="0cac17cb-f032-4165-9b78-a9ca7a2f2336" />
    <UnitTestResult executionId="b79df528-c6b3-4645-89bc-87e96af0b946" testId="6836fff6-651b-bf88-e3d4-8f053c1a7280" testName="FinanceManager.Tests.Integration.ApiClient.ApiClientPostingsReversalTests.ReversePosting_ShouldReturn400_WhenUserIsNotOwner" computerName="DESKTOP-CM8OBSG" duration="00:00:00.1945333" startTime="2026-09-26T05:46:02.7838781+02:00" endTime="2026-09-26T05:46:02.9784644+02:00" testType="13cdc9d9-ddb5-4fa4-a97d-d965ccfc6d4b" outcome="Passed" testListId="8c84fa94-04c1-424b-9868-57a2d4851a1d" relativeResultsDirectory="b79df528-c6b3-4645-89bc-87e96af0b946" />
    <UnitTestResult executionId="1c8511e5-2230-40ef-b51e-215fd317f750" testId="0991ea8a-bed7-8ce4-f8aa-27b52f4366c0" testName="FinanceManager.Tests.Integration.UpdateControllerIntegrationTests.StartInstall_ReturnsBadRequest_WhenDowntimeIsNotConfirmed" computerName="DESKTOP-CM8OBSG" duration="00:00:01.1691810" startTime="2026-09-26T05:46:15.3576229+02:00" endTime="2026-09-26T05:46:16.5268308+02:00" testType="13cdc9d9-ddb5-4fa4-a97d-d965ccfc6d4b" outcome="Passed" testListId="8c84fa94-04c1-424b-9868-57a2d4851a1d" relativeResultsDirectory="1c8511e5-2230-40ef-b51e-215fd317f750" />
    <UnitTestResult executionId="4307e9ff-bb20-469f-a16b-da008e90fbc0" testId="c820201b-5f0b-c756-2d26-ccfd02754114" testName="FinanceManager.Tests.Integration.ApiClient.ApiClientSecuritiesTests.Securities_ImportPrices_ShouldReturnNotFound_ForUnknownAndForeignSecurity" computerName="DESKTOP-CM8OBSG" duration="00:00:00.0689607" startTime="2026-09-26T05:46:08.5570381+02:00" endTime="2026-09-26T05:46:08.6260306+02:00" testType="13cdc9d9-ddb5-4fa4-a97d-d965ccfc6d4b" outcome="Passed" testListId="8c84fa94-04c1-424b-9868-57a2d4851a1d" relativeResultsDirectory="4307e9ff-bb20-469f-a16b-da008e90fbc0" />
    <UnitTestResult executionId="e713e866-9271-434e-a97e-67a6c6f27979" testId="1be3c0dc-b500-e677-3fbf-1c8c59775a99" testName="FinanceManager.Tests.Integration.ApiClient.ApiClientUserSettingsTests.ChangePassword_EndToEnd_ViaApi" computerName="DESKTOP-CM8OBSG" duration="00:00:00.1314918" startTime="2026-09-26T05:46:05.3760834+02:00" endTime="2026-09-26T05:46:05.5075998+02:00" testType="13cdc9d9-ddb5-4fa4-a97d-d965ccfc6d4b" outcome="Passed" testListId="8c84fa94-04c1-424b-9868-57a2d4851a1d" relativeResultsDirectory="e713e866-9271-434e-a97e-67a6c6f27979" />
    <UnitTestResult executionId="13724313-b04e-40bb-8bb0-c6c72b14bac7" testId="5ad93f45-77fc-ae8e-3285-45406396f061" testName="FinanceManager.Tests.Integration.ApiClient.ApiClientStatementDraftsTests.StatementDrafts_Book_ShouldReturnImpactItems_WhenPurposePatternContainsMatchesCaseInsensitive" computerName="DESKTOP-CM8OBSG" duration="00:00:00.1254249" startTime="2026-09-26T05:46:11.9846051+02:00" endTime="2026-09-26T05:46:12.1100645+02:00" testType="13cdc9d9-ddb5-4fa4-a97d-d965ccfc6d4b" outcome="Passed" testListId="8c84fa94-04c1-424b-9868-57a2d4851a1d" relativeResultsDirectory="13724313-b04e-40bb-8bb0-c6c72b14bac7" />
    <UnitTestResult executionId="0822e19a-36d8-4427-80cf-caaa76bdce7f" testId="4de98514-ca4f-7869-5a8b-722fa3e35298" testName="FinanceManager.Tests.Integration.ApiClient.ApiClientUserSettingsTests.UserSettings_UpdateImportSplit_Works" computerName="DESKTOP-CM8OBSG" duration="00:00:00.1010476" startTime="2026-09-26T05:46:04.9006164+02:00" endTime="2026-09-26T05:46:05.0017008+02:00" testType="13cdc9d9-ddb5-4fa4-a97d-d965ccfc6d4b" outcome="Passed" testListId="8c84fa94-04c1-424b-9868-57a2d4851a1d" relativeResultsDirectory="0822e19a-36d8-4427-80cf-caaa76bdce7f" />
    <UnitTestResult executionId="da9843ca-cd6c-4d52-8cee-ed2cccf37dea" testId="84199d0c-6557-3dcd-d16d-56aa4c5f1a34" testName="FinanceManager.Tests.Integration.ApiClient.ApiClientUserSettingsTests.UserSettings_UpdateProfile_Sets_Language_And_Timezone" computerName="DESKTOP-CM8OBSG" duration="00:00:00.0459710" startTime="2026-09-26T05:46:05.1325619+02:00" endTime="2026-09-26T05:46:05.1785662+02:00" testType="13cdc9d9-ddb5-4fa4-a97d-d965ccfc6d4b" outcome="Passed" testListId="8c84fa94-04c1-424b-9868-57a2d4851a1d" relativeResultsDirectory="da9843ca-cd6c-4d52-8cee-ed2cccf37dea" />
    <UnitTestResult executionId="26e59826-f6e8-42b2-9a43-e7c6463fe6a6" testId="662b0e8c-0291-e38e-b42e-52aa1f47b937" testName="FinanceManager.Tests.Integration.UpdateControllerIntegrationTests.ResetLock_ReturnsSpecificErrorCode_WhenResetFailureIsClassified(kind: NoLock, statusCode: Conflict, errorCode: &quot;Err_Update_Reset_NoLock&quot;)" computerName="DESKTOP-CM8OBSG" duration="00:00:05.4674121" startTime="2026-09-26T05:45:54.7576129+02:00" endTime="2026-09-26T05:46:00.2307412+02:00" testType="13cdc9d9-ddb5-4fa4-a97d-d965ccfc6d4b" outcome="Passed" testListId="8c84fa94-04c1-424b-9868-57a2d4851a1d" relativeResultsDirectory="26e59826-f6e8-42b2-9a43-e7c6463fe6a6" />
    <UnitTestResult executionId="a5dbc140-17d4-4c21-b585-57fae7d578c9" testId="c2065182-792c-7406-40fb-77141acb04d6" testName="FinanceManager.Tests.Integration.ApiClient.ApiClientAuthTests.Register_ShouldSetAuthCookie_AndReturnResponse" computerName="DESKTOP-CM8OBSG" duration="00:00:00.0501563" startTime="2026-09-26T05:46:10.8538712+02:00" endTime="2026-09-26T05:46:10.9040605+02:00" testType="13cdc9d9-ddb5-4fa4-a97d-d965ccfc6d4b" outcome="Passed" testListId="8c84fa94-04c1-424b-9868-57a2d4851a1d" relativeResultsDirectory="a5dbc140-17d4-4c21-b585-57fae7d578c9" />
    <UnitTestResult executionId="e83d63d6-f141-4140-9b59-7bf1ce0079b1" testId="055959f4-1cb8-c151-82bf-1d0e2b3c64e2" testName="FinanceManager.Tests.Integration.ApiClient.ApiClientUsersAdminTests.Admin_CreateListUpdateDelete_User" computerName="DESKTOP-CM8OBSG" duration="00:00:00.2130080" startTime="2026-09-26T05:46:04.4553843+02:00" endTime="2026-09-26T05:46:04.6684364+02:00" testType="13cdc9d9-ddb5-4fa4-a97d-d965ccfc6d4b" outcome="Passed" testListId="8c84fa94-04c1-424b-9868-57a2d4851a1d" relativeResultsDirectory="e83d63d6-f141-4140-9b59-7bf1ce0079b1" />
    <UnitTestResult executionId="bc1cd4db-8710-4811-b61c-3a470f0d11ed" testId="e3d374d2-cd47-2ef0-0ac2-bf747333e601" testName="FinanceManager.Tests.Integration.UpdateControllerIntegrationTests.StartInstall_SucceedsAndLockRemains_WhenInstallerDoesNotCleanUpLock" computerName="DESKTOP-CM8OBSG" duration="00:00:01.0357755" startTime="2026-09-26T05:46:17.4367493+02:00" endTime="2026-09-26T05:46:18.4725552+02:00" testType="13cdc9d9-ddb5-4fa4-a97d-d965ccfc6d4b" outcome="Passed" testListId="8c84fa94-04c1-424b-9868-57a2d4851a1d" relativeResultsDirectory="bc1cd4db-8710-4811-b61c-3a470f0d11ed" />
    <UnitTestResult executionId="56a7ff4b-442d-499f-affb-06cfc0dddd50" testId="e33cfbdb-7464-c832-6ad8-fcdbb64b9798" testName="FinanceManager.Tests.Integration.ApiClient.ApiClientBackupsWithDemoDataTests.Backup_With_DemoData_Restore_Removes_NewlyCreatedContact" computerName="DESKTOP-CM8OBSG" duration="00:01:09.6912781" startTime="2026-09-26T05:45:54.7576346+02:00" endTime="2026-09-26T05:47:04.4543150+02:00" testType="13cdc9d9-ddb5-4fa4-a97d-d965ccfc6d4b" outcome="Passed" testListId="8c84fa94-04c1-424b-9868-57a2d4851a1d" relativeResultsDirectory="56a7ff4b-442d-499f-affb-06cfc0dddd50" />
    <UnitTestResult executionId="d3947b16-cebf-4fa8-ba19-09fb328dde0a" testId="365b3ad2-8bf9-b0d6-850b-236b66b396fc" testName="FinanceManager.Tests.Integration.HelpSecurityMiddlewareTests.HelpRoutes_IncludeRestrictiveContentSecurityPolicy(path: &quot;/help/view/konten-und-buchungen&quot;)" computerName="DESKTOP-CM8OBSG" duration="00:00:00.7192754" startTime="2026-09-26T05:46:03.0854316+02:00" endTime="2026-09-26T05:46:03.8047493+02:00" testType="13cdc9d9-ddb5-4fa4-a97d-d965ccfc6d4b" outcome="Passed" testListId="8c84fa94-04c1-424b-9868-57a2d4851a1d" relativeResultsDirectory="d3947b16-cebf-4fa8-ba19-09fb328dde0a" />
    <UnitTestResult executionId="43377d7c-7fe5-444e-9a43-b22b9acb60c2" testId="1875030b-a644-93c5-dd5c-1f1864df97da" testName="FinanceManager.Tests.Integration.HelpSecurityMiddlewareTests.HelpUi_RendersWithoutInlineScriptsUnderRestrictiveCsp(path: &quot;/help&quot;)" computerName="DESKTOP-CM8OBSG" duration="00:00:00.0241636" startTime="2026-09-26T05:46:17.9277672+02:00" endTime="2026-09-26T05:46:17.9519596+02:00" testType="13cdc9d9-ddb5-4fa4-a97d-d965ccfc6d4b" outcome="Passed" testListId="8c84fa94-04c1-424b-9868-57a2d4851a1d" relativeResultsDirectory="43377d7c-7fe5-444e-9a43-b22b9acb60c2" />
    <UnitTestResult executionId="bebc22c4-e00a-4916-8372-c3c5e4dace15" testId="5fbd5095-0f45-557c-e2ee-73d6b4fd745e" testName="FinanceManager.Tests.Integration.HelpSecurityMiddlewareTests.HelpRoutes_IncludeRestrictiveContentSecurityPolicy(path: &quot;/api/help/markdown/de/konten-und-buchungen&quot;)" computerName="DESKTOP-CM8OBSG" duration="00:00:08.2694133" startTime="2026-09-26T05:45:54.7575943+02:00" endTime="2026-09-26T05:46:03.0328273+02:00" testType="13cdc9d9-ddb5-4fa4-a97d-d965ccfc6d4b" outcome="Passed" testListId="8c84fa94-04c1-424b-9868-57a2d4851a1d" relativeResultsDirectory="bebc22c4-e00a-4916-8372-c3c5e4dace15" />
    <UnitTestResult executionId="18924258-a866-46fb-b77b-ab5f5a461617" testId="4daf9d7e-5c63-3492-9547-427dbe50d123" testName="FinanceManager.Tests.Integration.ApiClient.ApiClientDemoDataTests.CreateDemoDataAsync_ShouldUseDeterministicSeed" computerName="DESKTOP-CM8OBSG" duration="00:01:03.4736780" startTime="2026-09-26T05:48:08.1965179+02:00" endTime="2026-09-26T05:49:11.6698084+02:00" testType="13cdc9d9-ddb5-4fa4-a97d-d965ccfc6d4b" outcome="Passed" testListId="8c84fa94-04c1-424b-9868-57a2d4851a1d" relativeResultsDirectory="18924258-a866-46fb-b77b-ab5f5a461617" />
    <UnitTestResult executionId="598055d2-b99e-4f8d-aa32-328c0feecb71" testId="844a2f7f-4c3b-403b-a93a-7d4eab1cd22d" testName="FinanceManager.Tests.Integration.ViewModels.BudgetReportViewModelIntegrationTests.GenerateXlsxAsync_CurrentMonth_ShouldAggregatePurposeBudgetsIntoCategoryBudget_AndUseActualMinusBudgetDelta" computerName="DESKTOP-CM8OBSG" duration="00:00:00.8006394" startTime="2026-09-26T05:46:10.9142778+02:00" endTime="2026-09-26T05:46:11.7149495+02:00" testType="13cdc9d9-ddb5-4fa4-a97d-d965ccfc6d4b" outcome="Passed" testListId="8c84fa94-04c1-424b-9868-57a2d4851a1d" relativeResultsDirectory="598055d2-b99e-4f8d-aa32-328c0feecb71" />
    <UnitTestResult executionId="c2f6f1b6-cc21-485a-b6f8-e1de3ea57815" testId="ddb5f9ca-c297-838c-e059-a091b67d7600" testName="FinanceManager.Tests.Integration.ViewModels.BudgetReportViewModelIntegrationTests.InitializeAsync_LastInterval_ShouldShowHousingBookingsBudgeted_AndTrafficBookingUnbudgeted_WhenLoadedForCurrentYear" computerName="DESKTOP-CM8OBSG" duration="00:00:08.3805075" startTime="2026-09-26T05:46:17.9097910+02:00" endTime="2026-09-26T05:46:26.2902978+02:00" testType="13cdc9d9-ddb5-4fa4-a97d-d965ccfc6d4b" outcome="Passed" testListId="8c84fa94-04c1-424b-9868-57a2d4851a1d" relativeResultsDirectory="c2f6f1b6-cc21-485a-b6f8-e1de3ea57815" />
    <UnitTestResult executionId="0ef87a50-2843-43da-a5a7-0c8d5a1249dc" testId="f476e1ce-c133-427f-4694-25baaf76e570" testName="FinanceManager.Tests.Integration.ApiClient.ApiClientPostingsTests.Postings_GroupLinks_Should_Return_Null_For_Empty" computerName="DESKTOP-CM8OBSG" duration="00:00:10.7656500" startTime="2026-09-26T05:46:02.0624695+02:00" endTime="2026-09-26T05:46:12.8280740+02:00" testType="13cdc9d9-ddb5-4fa4-a97d-d965ccfc6d4b" outcome="Passed" testListId="8c84fa94-04c1-424b-9868-57a2d4851a1d" relativeResultsDirectory="0ef87a50-2843-43da-a5a7-0c8d5a1249dc" />
    <UnitTestResult executionId="8c61cd56-c8cf-4866-a30f-d439e8df548b" testId="4f94acfa-6b9c-5012-0f2c-2426678b02e4" testName="FinanceManager.Tests.Integration.ApiClient.ApiClientAccountsStatisticsTests.AccountsListAndStatistics_SearchNameAndIbanContract" computerName="DESKTOP-CM8OBSG" duration="00:00:10.7056156" startTime="2026-09-26T05:45:54.7576474+02:00" endTime="2026-09-26T05:46:05.4690663+02:00" testType="13cdc9d9-ddb5-4fa4-a97d-d965ccfc6d4b" outcome="Passed" testListId="8c84fa94-04c1-424b-9868-57a2d4851a1d" relativeResultsDirectory="8c61cd56-c8cf-4866-a30f-d439e8df548b" />
    <UnitTestResult executionId="d29b80bc-7e46-41a9-bf4e-a8620f98755f" testId="4a4dbcc0-4869-c712-7ffd-70e416acd6c1" testName="FinanceManager.Tests.Integration.ApiClient.ApiClientSavingsPlanCategoriesTests.SavingsPlanCategories_Flow_CRUD_And_Symbol" computerName="DESKTOP-CM8OBSG" duration="00:00:12.5513161" startTime="2026-09-26T05:45:54.7576553+02:00" endTime="2026-09-26T05:46:07.3146222+02:00" testType="13cdc9d9-ddb5-4fa4-a97d-d965ccfc6d4b" outcome="Passed" testListId="8c84fa94-04c1-424b-9868-57a2d4851a1d" relativeResultsDirectory="d29b80bc-7e46-41a9-bf4e-a8620f98755f" />
    <UnitTestResult executionId="a8808226-b47a-4ccb-95c3-85b2dfff2232" testId="0c00bc16-e641-5c6e-0db0-dd38726c5dfa" testName="FinanceManager.Tests.Integration.UpdateControllerIntegrationTests.UpdateSettings_RoundTripsForAdmin" computerName="DESKTOP-CM8OBSG" duration="00:00:00.0446200" startTime="2026-09-26T05:46:22.0019241+02:00" endTime="2026-09-26T05:46:22.0465788+02:00" testType="13cdc9d9-ddb5-4fa4-a97d-d965ccfc6d4b" outcome="Passed" testListId="8c84fa94-04c1-424b-9868-57a2d4851a1d" relativeResultsDirectory="a8808226-b47a-4ccb-95c3-85b2dfff2232" />
    <UnitTestResult executionId="bdaf4fe6-403d-4d80-ad83-63962f7981a4" testId="360887c9-39e3-b727-7a4b-ead139cae19e" testName="FinanceManager.Tests.Integration.ApiClient.ApiClientNotificationsTests.Notifications_List_Then_Dismiss_Should_Succeed" computerName="DESKTOP-CM8OBSG" duration="00:00:09.1951427" startTime="2026-09-26T05:45:54.7577070+02:00" endTime="2026-09-26T05:46:03.9583323+02:00" testType="13cdc9d9-ddb5-4fa4-a97d-d965ccfc6d4b" outcome="Passed" testListId="8c84fa94-04c1-424b-9868-57a2d4851a1d" relativeResultsDirectory="bdaf4fe6-403d-4d80-ad83-63962f7981a4" />
    <UnitTestResult executionId="cd9aac4d-f003-4aa1-a320-b424cc9f92bf" testId="7b74fcaf-7f4c-62c4-2f65-29892b4b2944" testName="FinanceManager.Tests.Integration.ApiClient.ApiClientStatementDraftsTests.StatementDrafts_Upload_And_DeleteAll_Works" computerName="DESKTOP-CM8OBSG" duration="00:00:00.1087977" startTime="2026-09-26T05:46:12.3763458+02:00" endTime="2026-09-26T05:46:12.4851793+02:00" testType="13cdc9d9-ddb5-4fa4-a97d-d965ccfc6d4b" outcome="Passed" testListId="8c84fa94-04c1-424b-9868-57a2d4851a1d" relativeResultsDirectory="cd9aac4d-f003-4aa1-a320-b424cc9f92bf" />
    <UnitTestResult executionId="dc336068-0f58-4800-b389-5a9dea48f898" testId="b5bc27a0-2da5-a33f-653a-e35094f2005a" testName="FinanceManager.Tests.Integration.ApiClient.ApiClientBackupsTests.Upload_AllowsValidZip_AndRejectsNdjson" computerName="DESKTOP-CM8OBSG" duration="00:00:00.0495285" startTime="2026-09-26T05:46:06.8777563+02:00" endTime="2026-09-26T05:46:06.9273217+02:00" testType="13cdc9d9-ddb5-4fa4-a97d-d965ccfc6d4b" outcome="Passed" testListId="8c84fa94-04c1-424b-9868-57a2d4851a1d" relativeResultsDirectory="dc336068-0f58-4800-b389-5a9dea48f898" />
    <UnitTestResult executionId="e6325fd6-351a-40ad-9ec0-4b172b3172c3" testId="f1bf022b-f5b0-a1ba-cc13-2716e28cce69" testName="FinanceManager.Tests.Integration.UpdateControllerIntegrationTests.PersistedSettings_AreAppliedToAutoUpdateOptions_OnStartup_WithoutManualSave" computerName="DESKTOP-CM8OBSG" duration="00:00:00.7543207" startTime="2026-09-26T05:46:24.2412532+02:00" endTime="2026-09-26T05:46:24.9956159+02:00" testType="13cdc9d9-ddb5-4fa4-a97d-d965ccfc6d4b" outcome="Passed" testListId="8c84fa94-04c1-424b-9868-57a2d4851a1d" relativeResultsDirectory="e6325fd6-351a-40ad-9ec0-4b172b3172c3" />
    <UnitTestResult executionId="43d99c32-c837-453b-b7de-b80584d07cec" testId="f86b7eec-ac05-7e58-fe8d-8c52a75d03b0" testName="FinanceManager.Tests.Integration.UpdateControllerIntegrationTests.ResetLock_ReturnsSpecificErrorCode_WhenResetFailureIsClassified(kind: LockNotStale, statusCode: Conflict, errorCode: &quot;Err_Update_Reset_LockNotStale&quot;)" computerName="DESKTOP-CM8OBSG" duration="00:00:03.1187692" startTime="2026-09-26T05:46:11.2966968+02:00" endTime="2026-09-26T05:46:14.4154816+02:00" testType="13cdc9d9-ddb5-4fa4-a97d-d965ccfc6d4b" outcome="Passed" testListId="8c84fa94-04c1-424b-9868-57a2d4851a1d" relativeResultsDirectory="43d99c32-c837-453b-b7de-b80584d07cec" />
    <UnitTestResult executionId="377c1b22-b66f-460c-9512-eff9d5d8e783" testId="d5e9536a-a173-fa4d-81e0-e9b3af65e505" testName="FinanceManager.Tests.Integration.ApiClient.ApiClientAuthTests.Bearer_ShouldRejectToken_WhenSecurityStampChanged" computerName="DESKTOP-CM8OBSG" duration="00:00:00.0101180" startTime="2026-09-26T05:46:11.0822164+02:00" endTime="2026-09-26T05:46:11.0923551+02:00" testType="13cdc9d9-ddb5-4fa4-a97d-d965ccfc6d4b" outcome="Passed" testListId="8c84fa94-04c1-424b-9868-57a2d4851a1d" relativeResultsDirectory="377c1b22-b66f-460c-9512-eff9d5d8e783" />
    <UnitTestResult executionId="61d0b319-417f-4d8c-a34c-1effa91140ce" testId="29099102-9c80-32fc-d2bd-4ef74367fc45" testName="FinanceManager.Tests.Integration.ApiClient.ApiClientSecuritiesTests.Securities_ImportPrices_ShouldReturnExpectedCounters_AndPersistData" computerName="DESKTOP-CM8OBSG" duration="00:00:13.4792990" startTime="2026-09-26T05:45:54.7575796+02:00" endTime="2026-09-26T05:46:08.2425456+02:00" testType="13cdc9d9-ddb5-4fa4-a97d-d965ccfc6d4b" outcome="Passed" testListId="8c84fa94-04c1-424b-9868-57a2d4851a1d" relativeResultsDirectory="61d0b319-417f-4d8c-a34c-1effa91140ce" />
    <UnitTestResult executionId="9d8e42c4-c754-4179-a6e4-c5b511ecd5ad" testId="0b7ad5b6-820b-593e-7a5e-89af7592b9d2" testName="FinanceManager.Tests.Integration.ApiClient.ApiClientReportsTests.Reports_Aggregates_And_Favorites_Flow" computerName="DESKTOP-CM8OBSG" duration="00:00:06.9789655" startTime="2026-09-26T05:45:54.7576636+02:00" endTime="2026-09-26T05:46:01.7423757+02:00" testType="13cdc9d9-ddb5-4fa4-a97d-d965ccfc6d4b" outcome="Passed" testListId="8c84fa94-04c1-424b-9868-57a2d4851a1d" relativeResultsDirectory="9d8e42c4-c754-4179-a6e4-c5b511ecd5ad" />
    <UnitTestResult executionId="55f14913-3b6a-421a-8e8a-480c42e5e9a3" testId="37edd3f8-555b-165d-9815-f413ba7fc025" testName="FinanceManager.Tests.Integration.ApiClient.ApiClientAuthTests.Bearer_ShouldAcceptTokenWithConfiguredIssuerAndAudience" computerName="DESKTOP-CM8OBSG" duration="00:00:00.0110864" startTime="2026-09-26T05:46:10.8423834+02:00" endTime="2026-09-26T05:46:10.8535103+02:00" testType="13cdc9d9-ddb5-4fa4-a97d-d965ccfc6d4b" outcome="Passed" testListId="8c84fa94-04c1-424b-9868-57a2d4851a1d" relativeResultsDirectory="55f14913-3b6a-421a-8e8a-480c42e5e9a3" />
    <UnitTestResult executionId="86948d9b-b271-4388-b166-bf48df116a64" testId="a09b626d-702c-528d-5c85-c015ebc8a161" testName="FinanceManager.Tests.Integration.HelpSecurityMiddlewareTests.HelpSearchIndexHttpRequest_IsNotFoundWhenStaticIndexIsMissing(language: &quot;en&quot;)" computerName="DESKTOP-CM8OBSG" duration="00:00:01.0808831" startTime="2026-09-26T05:46:19.9812511+02:00" endTime="2026-09-26T05:46:21.0621879+02:00" testType="13cdc9d9-ddb5-4fa4-a97d-d965ccfc6d4b" outcome="Passed" testListId="8c84fa94-04c1-424b-9868-57a2d4851a1d" relativeResultsDirectory="86948d9b-b271-4388-b166-bf48df116a64" />
    <UnitTestResult executionId="d409ff3c-d454-4ee1-b86a-54731cd7cfdb" testId="fa0ad4ea-73dd-2e02-a960-45ebddbac465" testName="FinanceManager.Tests.Integration.HelpSecurityMiddlewareTests.HelpUi_RendersWithoutInlineScriptsUnderRestrictiveCsp(path: &quot;/help/view/budgetplanung&quot;)" computerName="DESKTOP-CM8OBSG" duration="00:00:00.0088360" startTime="2026-09-26T05:46:17.9524090+02:00" endTime="2026-09-26T05:46:17.9612857+02:00" testType="13cdc9d9-ddb5-4fa4-a97d-d965ccfc6d4b" outcome="Passed" testListId="8c84fa94-04c1-424b-9868-57a2d4851a1d" relativeResultsDirectory="d409ff3c-d454-4ee1-b86a-54731cd7cfdb" />
    <UnitTestResult executionId="2a2b8ab0-c46e-4513-8f4a-0baef0e0fc6f" testId="79fc8c52-92b4-4e17-3321-6902e919e502" testName="FinanceManager.Tests.Integration.ApiClient.ApiClientAuthTests.ApiClient_ShouldRaiseAuthenticationRequired_OnUnauthorized" computerName="DESKTOP-CM8OBSG" duration="00:00:00.0035118" startTime="2026-09-26T05:46:10.9049231+02:00" endTime="2026-09-26T05:46:10.9084602+02:00" testType="13cdc9d9-ddb5-4fa4-a97d-d965ccfc6d4b" outcome="Passed" testListId="8c84fa94-04c1-424b-9868-57a2d4851a1d" relativeResultsDirectory="2a2b8ab0-c46e-4513-8f4a-0baef0e0fc6f" />
    <UnitTestResult executionId="72187fd5-a352-4fad-b8fb-5dba180b7ddc" testId="e01aaa68-e9d9-359e-18ec-8f7765bd5dfa" testName="FinanceManager.Tests.Integration.ApiClient.ApiClientStatementDraftsTests.StatementDrafts_Book_ShouldNotReturnImpactItems_WhenPurposePatternDoesNotMatch" computerName="DESKTOP-CM8OBSG" duration="00:00:00.1269906" startTime="2026-09-26T05:46:11.8571295+02:00" endTime="2026-09-26T05:46:11.9841527+02:00" testType="13cdc9d9-ddb5-4fa4-a97d-d965ccfc6d4b" outcome="Passed" testListId="8c84fa94-04c1-424b-9868-57a2d4851a1d" relativeResultsDirectory="72187fd5-a352-4fad-b8fb-5dba180b7ddc" />
    <UnitTestResult executionId="b2d31974-a749-4fe1-952a-f39c9f515faa" testId="73d20287-9690-cb3f-a407-9c0b98f24e2f" testName="FinanceManager.Tests.Integration.ApiClient.ApiClientBackupsTests.Download_ReturnsStream_AndDelete_Removes" computerName="DESKTOP-CM8OBSG" duration="00:00:11.8799208" startTime="2026-09-26T05:45:54.7576178+02:00" endTime="2026-09-26T05:46:06.6432889+02:00" testType="13cdc9d9-ddb5-4fa4-a97d-d965ccfc6d4b" outcome="Passed" testListId="8c84fa94-04c1-424b-9868-57a2d4851a1d" relativeResultsDirectory="b2d31974-a749-4fe1-952a-f39c9f515faa" />
    <UnitTestResult executionId="36293cf0-907a-40c9-b590-947eec4a71d3" testId="9e9f0c3b-ac73-d05f-1e18-2f5f1e5544a7" testName="FinanceManager.Tests.Integration.TestWebApplicationFactoryConcurrencyTests.ConcurrentDbContextWrites_FromMultipleThreads_DoesNotThrow" computerName="DESKTOP-CM8OBSG" duration="00:00:07.0634568" startTime="2026-09-26T05:45:54.7576295+02:00" endTime="2026-09-26T05:46:01.8267653+02:00" testType="13cdc9d9-ddb5-4fa4-a97d-d965ccfc6d4b" outcome="Passed" testListId="8c84fa94-04c1-424b-9868-57a2d4851a1d" relativeResultsDirectory="36293cf0-907a-40c9-b590-947eec4a71d3" />
    <UnitTestResult executionId="9c04df3d-c795-465a-8d07-147680458eac" testId="5cba6cc2-48e3-c9bc-351a-71766bd2ac8e" testName="FinanceManager.Tests.Integration.ApiClient.ApiClientAuthTests.Bearer_ShouldRejectAdminClaim_WhenCurrentAdminRoleWasRevokedWithoutSecurityStampChange" computerName="DESKTOP-CM8OBSG" duration="00:00:00.0348682" startTime="2026-09-26T05:46:10.9518856+02:00" endTime="2026-09-26T05:46:10.9867971+02:00" testType="13cdc9d9-ddb5-4fa4-a97d-d965ccfc6d4b" outcome="Passed" testListId="8c84fa94-04c1-424b-9868-57a2d4851a1d" relativeResultsDirectory="9c04df3d-c795-465a-8d07-147680458eac" />
    <UnitTestResult executionId="03db8386-2b98-4ae4-8c82-88c6a7abed4f" testId="16a03f5e-5779-5fc4-1332-cea6097d1a2a" testName="FinanceManager.Tests.Integration.ApiClient.ApiClientSavingsPlansTests.SavingsPlans_Flow_CRUD_Analysis_Symbols" computerName="DESKTOP-CM8OBSG" duration="00:00:05.9189367" startTime="2026-09-26T05:45:54.7576847+02:00" endTime="2026-09-26T05:46:00.6823304+02:00" testType="13cdc9d9-ddb5-4fa4-a97d-d965ccfc6d4b" outcome="Passed" testListId="8c84fa94-04c1-424b-9868-57a2d4851a1d" relativeResultsDirectory="03db8386-2b98-4ae4-8c82-88c6a7abed4f" />
    <UnitTestResult executionId="0987e29e-e3e3-48d3-8b18-ce32de306d4e" testId="c6ea3166-c8c0-850d-76c1-f496c41899a1" testName="FinanceManager.Tests.Integration.ApiClient.ApiClientUserSettingsTests.UserSettings_GetImportSplit_Returns_Defaults" computerName="DESKTOP-CM8OBSG" duration="00:00:00.0422023" startTime="2026-09-26T05:46:05.2158965+02:00" endTime="2026-09-26T05:46:05.2581367+02:00" testType="13cdc9d9-ddb5-4fa4-a97d-d965ccfc6d4b" outcome="Passed" testListId="8c84fa94-04c1-424b-9868-57a2d4851a1d" relativeResultsDirectory="0987e29e-e3e3-48d3-8b18-ce32de306d4e" />
    <UnitTestResult executionId="7b2f2026-efa0-4096-b425-13f9a1cfec59" testId="b3585560-dba8-3e63-4b62-9519ea1d16ea" testName="FinanceManager.Tests.Integration.ApiClient.ApiClientAuthTests.Login_ShouldReturnOk_AndUnauthorized_OnInvalid" computerName="DESKTOP-CM8OBSG" duration="00:00:00.0752382" startTime="2026-09-26T05:46:11.0064493+02:00" endTime="2026-09-26T05:46:11.0817194+02:00" testType="13cdc9d9-ddb5-4fa4-a97d-d965ccfc6d4b" outcome="Passed" testListId="8c84fa94-04c1-424b-9868-57a2d4851a1d" relativeResultsDirectory="7b2f2026-efa0-4096-b425-13f9a1cfec59" />
    <UnitTestResult executionId="5a7b70c3-9860-4d90-8649-b8f4fd99c19a" testId="1f7c0a01-c9ae-a63a-43c6-95f47615db2d" testName="FinanceManager.Tests.Integration.ApiClient.ApiClientPostingsReversalTests.ReversePosting_ShouldReturn200_WithReversalResult_ForOwner" computerName="DESKTOP-CM8OBSG" duration="00:00:07.8219850" startTime="2026-09-26T05:45:54.7575973+02:00" endTime="2026-09-26T05:46:02.5854670+02:00" testType="13cdc9d9-ddb5-4fa4-a97d-d965ccfc6d4b" outcome="Passed" testListId="8c84fa94-04c1-424b-9868-57a2d4851a1d" relativeResultsDirectory="5a7b70c3-9860-4d90-8649-b8f4fd99c19a" />
    <UnitTestResult executionId="8e4a25c1-2028-45f8-b628-7bae26218355" testId="c8b8fb04-d77e-572b-dd36-6bcedb1341da" testName="FinanceManager.Tests.Integration.UpdateControllerIntegrationTests.ResetLock_ReturnsSpecificErrorCode_WhenResetFailureIsClassified(kind: LockDeleteFailed, statusCode: Conflict, errorCode: &quot;Err_Update_Reset_DeleteFailed&quot;)" computerName="DESKTOP-CM8OBSG" duration="00:00:00.9410917" startTime="2026-09-26T05:46:14.4159872+02:00" endTime="2026-09-26T05:46:15.3571167+02:00" testType="13cdc9d9-ddb5-4fa4-a97d-d965ccfc6d4b" outcome="Passed" testListId="8c84fa94-04c1-424b-9868-57a2d4851a1d" relativeResultsDirectory="8e4a25c1-2028-45f8-b628-7bae26218355" />
    <UnitTestResult executionId="dc6af40b-8276-4f1f-bddf-2d279c73db4e" testId="be70d432-c9ac-cd8e-518c-5c50db377600" testName="FinanceManager.Tests.Integration.ApiClient.ApiClientMetaHolidaysTests.Meta_HolidayProviders_Countries_Subdivisions_Work" computerName="DESKTOP-CM8OBSG" duration="00:00:11.0378504" startTime="2026-09-26T05:45:54.7577014+02:00" endTime="2026-09-26T05:46:05.8010938+02:00" testType="13cdc9d9-ddb5-4fa4-a97d-d965ccfc6d4b" outcome="Passed" testListId="8c84fa94-04c1-424b-9868-57a2d4851a1d" relativeResultsDirectory="dc6af40b-8276-4f1f-bddf-2d279c73db4e" />
    <UnitTestResult executionId="da933f20-389d-43df-9ebc-89c64e1ee92d" testId="596f48aa-eb10-0ec3-ec41-22df37da8cf2" testName="FinanceManager.Tests.Integration.HelpSecurityMiddlewareTests.HelpView_RendersCatalogDocumentLinksAsInternalRoutes" computerName="DESKTOP-CM8OBSG" duration="00:00:00.0028826" startTime="2026-09-26T05:46:18.8862089+02:00" endTime="2026-09-26T05:46:18.8891153+02:00" testType="13cdc9d9-ddb5-4fa4-a97d-d965ccfc6d4b" outcome="Passed" testListId="8c84fa94-04c1-424b-9868-57a2d4851a1d" relativeResultsDirectory="da933f20-389d-43df-9ebc-89c64e1ee92d" />
    <UnitTestResult executionId="85ac2d3b-3a36-41da-abaa-b8d1d6a6dc24" testId="59f9cb74-50bc-9ae8-13aa-dfe6da6c3133" testName="FinanceManager.Tests.Integration.HelpSecurityMiddlewareTests.HelpAssetHttpRequest_IsBlockedWhenManifestedFileIsManipulated(relativeAssetPath: &quot;de/search-index.json&quot;, requestPath: &quot;/api/help/search-index/de.json&quot;, manipulatedContent: &quot;{ \&quot;documents\&quot;: [{ \&quot;id\&quot;: \&quot;budgetplanung\&quot;, \&quot;t&quot;···)" computerName="DESKTOP-CM8OBSG" duration="00:00:00.9523350" startTime="2026-09-26T05:46:16.9750030+02:00" endTime="2026-09-26T05:46:17.9273750+02:00" testType="13cdc9d9-ddb5-4fa4-a97d-d965ccfc6d4b" outcome="Passed" testListId="8c84fa94-04c1-424b-9868-57a2d4851a1d" relativeResultsDirectory="85ac2d3b-3a36-41da-abaa-b8d1d6a6dc24" />
    <UnitTestResult executionId="241c5e26-bb4e-47b3-8d4d-2df5a7f54ddc" testId="7026a4a3-5256-f830-d3b6-ff9892a100f8" testName="FinanceManager.Tests.Integration.ApiClient.ApiClientBudgetReportUnbudgetedMirrorTests.BudgetReport_UnbudgetedPostings_ShouldOnlyContainNonMirroredSelfContactPostings_WhenSavingsPlanPostingsMirrorSelfContact" computerName="DESKTOP-CM8OBSG" duration="00:00:00.3082094" startTime="2026-09-26T05:46:15.9889009+02:00" endTime="2026-09-26T05:46:16.2971442+02:00" testType="13cdc9d9-ddb5-4fa4-a97d-d965ccfc6d4b" outcome="Passed" testListId="8c84fa94-04c1-424b-9868-57a2d4851a1d" relativeResultsDirectory="241c5e26-bb4e-47b3-8d4d-2df5a7f54ddc" />
    <UnitTestResult executionId="0d5e7577-ad98-4715-a537-65e000bd1b27" testId="9e6daa56-c080-fa96-1db5-1069fef12ac5" testName="FinanceManager.Tests.Integration.ApiClient.ApiClientContactsTests.Contacts_List_Create_Get_Update_Delete_Flow" computerName="DESKTOP-CM8OBSG" duration="00:00:00.1558656" startTime="2026-09-26T05:46:09.2684816+02:00" endTime="2026-09-26T05:46:09.4243807+02:00" testType="13cdc9d9-ddb5-4fa4-a97d-d965ccfc6d4b" outcome="Passed" testListId="8c84fa94-04c1-424b-9868-57a2d4851a1d" relativeResultsDirectory="0d5e7577-ad98-4715-a537-65e000bd1b27" />
    <UnitTestResult executionId="f729ba5a-319f-422e-b63d-dbbe151a1550" testId="ac6cbd3b-57b4-99a3-21e4-b6f9a619d755" testName="FinanceManager.Tests.Integration.ApiClient.ApiClientAuthTests.Bearer_ShouldRejectExistingToken_WhenUserWasDeactivated" computerName="DESKTOP-CM8OBSG" duration="00:00:00.0131853" startTime="2026-09-26T05:46:10.9930134+02:00" endTime="2026-09-26T05:46:11.0062222+02:00" testType="13cdc9d9-ddb5-4fa4-a97d-d965ccfc6d4b" outcome="Passed" testListId="8c84fa94-04c1-424b-9868-57a2d4851a1d" relativeResultsDirectory="f729ba5a-319f-422e-b63d-dbbe151a1550" />
    <UnitTestResult executionId="833c48fc-e6c0-4471-ac09-b7c9a8f41d3b" testId="0655caad-571b-ad89-afd9-d060d3d0400a" testName="FinanceManager.Tests.Integration.ApiClient.ApiClientBudgetKpiContactsSetupTests.BudgetKpi_ContactsSetup_ShouldCreateAllContactsAndAccounts" computerName="DESKTOP-CM8OBSG" duration="00:00:27.6440290" startTime="2026-09-26T05:46:01.7499634+02:00" endTime="2026-09-26T05:46:29.3938619+02:00" testType="13cdc9d9-ddb5-4fa4-a97d-d965ccfc6d4b" outcome="Passed" testListId="8c84fa94-04c1-424b-9868-57a2d4851a1d" relativeResultsDirectory="833c48fc-e6c0-4471-ac09-b7c9a8f41d3b" />
    <UnitTestResult executionId="f29dda46-ce5c-49e6-a564-0a7cc4ee1d25" testId="49297b9f-bd52-f7e9-b18c-d598f0b2f817" testName="FinanceManager.Tests.Integration.ApiClient.ApiClientUsersTests.Users_HasAny_Returns_False_When_No_Users" computerName="DESKTOP-CM8OBSG" duration="00:00:00.0058211" startTime="2026-09-26T05:45:58.5220664+02:00" endTime="2026-09-26T05:45:58.5279978+02:00" testType="13cdc9d9-ddb5-4fa4-a97d-d965ccfc6d4b" outcome="Passed" testListId="8c84fa94-04c1-424b-9868-57a2d4851a1d" relativeResultsDirectory="f29dda46-ce5c-49e6-a564-0a7cc4ee1d25" />
    <UnitTestResult executionId="b0d13fd9-3b13-4eaf-ae40-15c017c9b948" testId="44331929-c2df-f7e4-e45a-10f197f82239" testName="FinanceManager.Tests.Integration.ApiClient.ApiClientUserSettingsTests.UserSettings_GetProfile_Returns_Defaults" computerName="DESKTOP-CM8OBSG" duration="00:00:10.1367498" startTime="2026-09-26T05:45:54.7576066+02:00" endTime="2026-09-26T05:46:04.9000847+02:00" testType="13cdc9d9-ddb5-4fa4-a97d-d965ccfc6d4b" outcome="Passed" testListId="8c84fa94-04c1-424b-9868-57a2d4851a1d" relativeResultsDirectory="b0d13fd9-3b13-4eaf-ae40-15c017c9b948" />
    <UnitTestResult executionId="0537b2cd-fe1d-4cda-a0f1-96c1d4254b79" testId="46de6831-ed11-b125-2218-f7e08b352796" testName="FinanceManager.Tests.Integration.TestWebApplicationFactoryConcurrencyTests.ConcurrentDbContextUsage_FromMultipleThreads_DoesNotThrow" computerName="DESKTOP-CM8OBSG" duration="00:00:03.0196755" startTime="2026-09-26T05:46:01.8279316+02:00" endTime="2026-09-26T05:46:04.8476317+02:00" testType="13cdc9d9-ddb5-4fa4-a97d-d965ccfc6d4b" outcome="Passed" testListId="8c84fa94-04c1-424b-9868-57a2d4851a1d" relativeResultsDirectory="0537b2cd-fe1d-4cda-a0f1-96c1d4254b79" />
    <UnitTestResult executionId="3ddbe545-e22a-40e0-af6a-42a5885775d6" testId="6732f29f-c992-261e-ca76-cecacf591aee" testName="FinanceManager.Tests.Integration.ApiClient.ApiClientUserSettingsTests.UserSettings_UpdateProfile_Stores_Protected_AlphaVantageApiKey" computerName="DESKTOP-CM8OBSG" duration="00:00:00.0392853" startTime="2026-09-26T05:46:05.2593247+02:00" endTime="2026-09-26T05:46:05.2986566+02:00" testType="13cdc9d9-ddb5-4fa4-a97d-d965ccfc6d4b" outcome="Passed" testListId="8c84fa94-04c1-424b-9868-57a2d4851a1d" relativeResultsDirectory="3ddbe545-e22a-40e0-af6a-42a5885775d6" />
    <UnitTestResult executionId="2b8798c0-7b6c-4734-9add-207bc81c156f" testId="6c485039-6619-3cc8-007e-c2ccfa03b326" testName="FinanceManager.Tests.Integration.ApiClient.ApiClientSecuritiesTests.Securities_ImportPrices_ShouldReturnBadRequest_ForInvalidInputScenarios" computerName="DESKTOP-CM8OBSG" duration="00:00:00.0537514" startTime="2026-09-26T05:46:08.5028207+02:00" endTime="2026-09-26T05:46:08.5566118+02:00" testType="13cdc9d9-ddb5-4fa4-a97d-d965ccfc6d4b" outcome="Passed" testListId="8c84fa94-04c1-424b-9868-57a2d4851a1d" relativeResultsDirectory="2b8798c0-7b6c-4734-9add-207bc81c156f" />
    <UnitTestResult executionId="3622609c-459b-4cbb-a1a6-d2b87bb0ae0f" testId="4fbdf399-179e-7d20-49c0-a6e0bed8a19a" testName="FinanceManager.Tests.Integration.ApiClient.ApiClientUserSettingsTests.ChangePassword_WithoutAuthentication_Returns401" computerName="DESKTOP-CM8OBSG" duration="00:00:00.0021289" startTime="2026-09-26T05:46:05.0835894+02:00" endTime="2026-09-26T05:46:05.0857541+02:00" testType="13cdc9d9-ddb5-4fa4-a97d-d965ccfc6d4b" outcome="Passed" testListId="8c84fa94-04c1-424b-9868-57a2d4851a1d" relativeResultsDirectory="3622609c-459b-4cbb-a1a6-d2b87bb0ae0f" />
    <UnitTestResult executionId="ff9a5a44-0470-45ca-855d-602e9413f1ad" testId="639a6640-54ae-56e4-ac20-13b13c4724c7" testName="FinanceManager.Tests.Integration.ApiClient.ApiClientAuthTests.Login_ShouldRejectInactiveUser" computerName="DESKTOP-CM8OBSG" duration="00:00:00.0134497" startTime="2026-09-26T05:46:11.0953818+02:00" endTime="2026-09-26T05:46:11.1088582+02:00" testType="13cdc9d9-ddb5-4fa4-a97d-d965ccfc6d4b" outcome="Passed" testListId="8c84fa94-04c1-424b-9868-57a2d4851a1d" relativeResultsDirectory="ff9a5a44-0470-45ca-855d-602e9413f1ad" />
    <UnitTestResult executionId="0ca9798f-2ded-47af-9c95-24019369a493" testId="49fa6d69-20b2-1b94-dd21-42d1870db3be" testName="FinanceManager.Tests.Integration.ApiClient.ApiClientBudgetsTests.Budgets_Purposes_Rules_Overrides_Flow" computerName="DESKTOP-CM8OBSG" duration="00:00:14.2542792" startTime="2026-09-26T05:45:54.7575843+02:00" endTime="2026-09-26T05:46:09.0175397+02:00" testType="13cdc9d9-ddb5-4fa4-a97d-d965ccfc6d4b" outcome="Passed" testListId="8c84fa94-04c1-424b-9868-57a2d4851a1d" relativeResultsDirectory="0ca9798f-2ded-47af-9c95-24019369a493" />
    <UnitTestResult executionId="1235e3c1-dfb9-443a-83a5-b64463aa0577" testId="82912c51-586f-df5d-4d94-952e6917dba6" testName="FinanceManager.Tests.Integration.ApiClient.ApiClientUsersTests.Users_HasAny_Returns_True_After_Registration" computerName="DESKTOP-CM8OBSG" duration="00:00:03.7254933" startTime="2026-09-26T05:45:54.7576752+02:00" endTime="2026-09-26T05:45:58.4917712+02:00" testType="13cdc9d9-ddb5-4fa4-a97d-d965ccfc6d4b" outcome="Passed" testListId="8c84fa94-04c1-424b-9868-57a2d4851a1d" relativeResultsDirectory="1235e3c1-dfb9-443a-83a5-b64463aa0577" />
    <UnitTestResult executionId="77193860-efdd-457d-9735-392ad61af506" testId="9fd0a134-fee4-84eb-f0ab-ed663948af70" testName="FinanceManager.Tests.Integration.ApiClient.ApiClientAuthTests.Keepalive_ActiveUserInteraction_ShouldRefreshNearExpiryCookie" computerName="DESKTOP-CM8OBSG" duration="00:00:00.0049299" startTime="2026-09-26T05:46:10.9877704+02:00" endTime="2026-09-26T05:46:10.9927347+02:00" testType="13cdc9d9-ddb5-4fa4-a97d-d965ccfc6d4b" outcome="Passed" testListId="8c84fa94-04c1-424b-9868-57a2d4851a1d" relativeResultsDirectory="77193860-efdd-457d-9735-392ad61af506" />
    <UnitTestResult executionId="fa3b99a1-779b-477b-a278-2c3f0e0c5a92" testId="cc767c4c-8b8f-e9ec-e082-b7b22e8c1592" testName="FinanceManager.Tests.Integration.ViewModels.BudgetReportViewModelIntegrationTests.ShowPurposePostingsAsync_ShouldMarkMatchingUnvaluedPostings_WhenPurposeUsesExactPostings" computerName="DESKTOP-CM8OBSG" duration="00:00:00.2087636" startTime="2026-09-26T05:46:17.4994682+02:00" endTime="2026-09-26T05:46:17.7082655+02:00" testType="13cdc9d9-ddb5-4fa4-a97d-d965ccfc6d4b" outcome="Passed" testListId="8c84fa94-04c1-424b-9868-57a2d4851a1d" relativeResultsDirectory="fa3b99a1-779b-477b-a278-2c3f0e0c5a92" />
    <UnitTestResult executionId="283a68d1-244d-4b6d-9730-80765cc5ff61" testId="b5a139fa-3b46-30d7-4b73-3a0f6ba6930c" testName="FinanceManager.Tests.Integration.ApiClient.ApiClientStatementDraftsTests.StatementDrafts_Book_ShouldReturnBudgetImpactSummary_WhenBudgetPurposeExistsForContact" computerName="DESKTOP-CM8OBSG" duration="00:00:00.0918800" startTime="2026-09-26T05:46:12.7235104+02:00" endTime="2026-09-26T05:46:12.8154200+02:00" testType="13cdc9d9-ddb5-4fa4-a97d-d965ccfc6d4b" outcome="Passed" testListId="8c84fa94-04c1-424b-9868-57a2d4851a1d" relativeResultsDirectory="283a68d1-244d-4b6d-9730-80765cc5ff61" />
    <UnitTestResult executionId="a2f341f6-d4d8-41d4-85a9-55ffcb41c985" testId="5f5c51aa-06cd-f6e2-8f96-a0ab1a3cd4e2" testName="FinanceManager.Tests.Integration.HelpSecurityMiddlewareTests.HelpRoutes_IncludeRestrictiveContentSecurityPolicy(path: &quot;/help/js/help-search.js&quot;)" computerName="DESKTOP-CM8OBSG" duration="00:00:00.0400447" startTime="2026-09-26T05:46:03.0447433+02:00" endTime="2026-09-26T05:46:03.0848475+02:00" testType="13cdc9d9-ddb5-4fa4-a97d-d965ccfc6d4b" outcome="Passed" testListId="8c84fa94-04c1-424b-9868-57a2d4851a1d" relativeResultsDirectory="a2f341f6-d4d8-41d4-85a9-55ffcb41c985" />
    <UnitTestResult executionId="d0377c17-92c7-4e4f-9b26-98f0b4a76998" testId="ef822aba-061f-9f81-ea65-076eca6dcf2c" testName="FinanceManager.Tests.Integration.ApiClient.ApiClientStatementDraftsTests.StatementDrafts_ProcessMassImport_ShouldSupportAnalysisAndConfirmationFlow" computerName="DESKTOP-CM8OBSG" duration="00:00:00.0979688" startTime="2026-09-26T05:46:12.8159140+02:00" endTime="2026-09-26T05:46:12.9139158+02:00" testType="13cdc9d9-ddb5-4fa4-a97d-d965ccfc6d4b" outcome="Passed" testListId="8c84fa94-04c1-424b-9868-57a2d4851a1d" relativeResultsDirectory="d0377c17-92c7-4e4f-9b26-98f0b4a76998" />
    <UnitTestResult executionId="1ca71f4e-9516-4565-853c-7b5f63eed185" testId="bf96bed2-57c5-f0eb-0fc0-ecfcc361bc1e" testName="FinanceManager.Tests.Integration.ApiClient.ApiClientStatementDraftsTests.StatementDrafts_Book_ShouldReturnNullBudgetImpactSummary_WhenNoBudgetPurposeExists" computerName="DESKTOP-CM8OBSG" duration="00:00:11.1546023" startTime="2026-09-26T05:46:00.7020777+02:00" endTime="2026-09-26T05:46:11.8566409+02:00" testType="13cdc9d9-ddb5-4fa4-a97d-d965ccfc6d4b" outcome="Passed" testListId="8c84fa94-04c1-424b-9868-57a2d4851a1d" relativeResultsDirectory="1ca71f4e-9516-4565-853c-7b5f63eed185" />
    <UnitTestResult executionId="f1da76c9-4b0e-4dd9-8322-56aee8ac08da" testId="7b29e087-4acb-81d0-d235-3026c9811d03" testName="FinanceManager.Tests.Integration.ApiClient.ApiClientPostingsReversalTests.ReversePosting_ShouldReturn409_WhenAlreadyReversed" computerName="DESKTOP-CM8OBSG" duration="00:00:00.1970680" startTime="2026-09-26T05:46:02.5860982+02:00" endTime="2026-09-26T05:46:02.7832164+02:00" testType="13cdc9d9-ddb5-4fa4-a97d-d965ccfc6d4b" outcome="Passed" testListId="8c84fa94-04c1-424b-9868-57a2d4851a1d" relativeResultsDirectory="f1da76c9-4b0e-4dd9-8322-56aee8ac08da" />
    <UnitTestResult executionId="2cdee13a-2a25-48e8-874d-09132e59843a" testId="c38e6a0d-cc41-6851-d1c0-7d68334871ff" testName="FinanceManager.Tests.Integration.ApiClient.ApiClientBackupsTests.Upload_InvalidZip_ReturnsBadRequest" computerName="DESKTOP-CM8OBSG" duration="00:00:00.0556634" startTime="2026-09-26T05:46:06.6544813+02:00" endTime="2026-09-26T05:46:06.7101867+02:00" testType="13cdc9d9-ddb5-4fa4-a97d-d965ccfc6d4b" outcome="Passed" testListId="8c84fa94-04c1-424b-9868-57a2d4851a1d" relativeResultsDirectory="2cdee13a-2a25-48e8-874d-09132e59843a" />
    <UnitTestResult executionId="7b3d4969-0a43-446a-be34-38361c7a2d87" testId="b24fd203-7ffe-f0ec-f29b-4c5d6a05001f" testName="FinanceManager.Tests.Integration.ApiClient.ApiClientPostingsReversalTests.ReversePosting_ShouldReturn400_WhenPostingNotFound" computerName="DESKTOP-CM8OBSG" duration="00:00:00.0343467" startTime="2026-09-26T05:46:02.9790197+02:00" endTime="2026-09-26T05:46:03.0134130+02:00" testType="13cdc9d9-ddb5-4fa4-a97d-d965ccfc6d4b" outcome="Passed" testListId="8c84fa94-04c1-424b-9868-57a2d4851a1d" relativeResultsDirectory="7b3d4969-0a43-446a-be34-38361c7a2d87" />
    <UnitTestResult executionId="61682e30-75db-4377-b907-9fda9970b205" testId="f9ecfceb-5da9-1c80-07ba-a7ff84970a3e" testName="FinanceManager.Tests.Integration.ApiClient.ApiClientUsersAdminTests.NonAdmin_CreateAndUpdate_DoNotPersistChanges" computerName="DESKTOP-CM8OBSG" duration="00:00:00.2556558" startTime="2026-09-26T05:46:04.1124304+02:00" endTime="2026-09-26T05:46:04.3681383+02:00" testType="13cdc9d9-ddb5-4fa4-a97d-d965ccfc6d4b" outcome="Passed" testListId="8c84fa94-04c1-424b-9868-57a2d4851a1d" relativeResultsDirectory="61682e30-75db-4377-b907-9fda9970b205" />
    <UnitTestResult executionId="b03c6e7c-fa6f-4d8c-ae6a-0b2cc36586f9" testId="582b740c-c76a-7964-75ff-d45748e5c0d1" testName="FinanceManager.Tests.Integration.WellKnownEndpointIntegrationTests.WellKnownSettings_NonAdminUpdate_Returns403" computerName="DESKTOP-CM8OBSG" duration="00:00:00.0394905" startTime="2026-09-26T05:46:09.5672763+02:00" endTime="2026-09-26T05:46:09.6068006+02:00" testType="13cdc9d9-ddb5-4fa4-a97d-d965ccfc6d4b" outcome="Passed" testListId="8c84fa94-04c1-424b-9868-57a2d4851a1d" relativeResultsDirectory="b03c6e7c-fa6f-4d8c-ae6a-0b2cc36586f9" />
    <UnitTestResult executionId="bb629a6c-7a74-4ca2-a6d3-afdd924d5e23" testId="57c0dc6d-6a60-db77-cb26-28e935b40039" testName="FinanceManager.Tests.Integration.ApiClient.ApiClientAuthTests.Logout_ShouldClearCookie" computerName="DESKTOP-CM8OBSG" duration="00:00:00.0366683" startTime="2026-09-26T05:46:10.9087574+02:00" endTime="2026-09-26T05:46:10.9454634+02:00" testType="13cdc9d9-ddb5-4fa4-a97d-d965ccfc6d4b" outcome="Passed" testListId="8c84fa94-04c1-424b-9868-57a2d4851a1d" relativeResultsDirectory="bb629a6c-7a74-4ca2-a6d3-afdd924d5e23" />
[...]
    <TestEntry testId="8823ebca-a61b-eb89-69ea-0b11c7fb9e21" executionId="67f221f0-6223-4e9b-8c86-d696b7667083" testListId="8c84fa94-04c1-424b-9868-57a2d4851a1d" />
    <TestEntry testId="b62fa5c4-aeff-bdff-df69-46aec8089bc4" executionId="bf830456-00c8-4dd4-886f-b303a8438367" testListId="8c84fa94-04c1-424b-9868-57a2d4851a1d" />
    <TestEntry testId="cb86c511-a8d4-439f-6679-3627d140caae" executionId="853331c0-0aa7-41a0-b2da-a265e548db1a" testListId="8c84fa94-04c1-424b-9868-57a2d4851a1d" />
    <TestEntry testId="2f4c459b-dee0-61c5-fb56-474a6671affc" executionId="49b4ba78-af3d-4411-8a0c-4bf014e60628" testListId="8c84fa94-04c1-424b-9868-57a2d4851a1d" />
    <TestEntry testId="562b46ba-e8e4-7cc3-1d39-1dcce5a16f2f" executionId="6c7f161b-a9f0-4c49-ab1c-8aafc353e105" testListId="8c84fa94-04c1-424b-9868-57a2d4851a1d" />
    <TestEntry testId="11370644-278c-823f-770a-d65e2ca79f11" executionId="54c6e17f-1ea8-4d02-a165-45f5515fa9be" testListId="8c84fa94-04c1-424b-9868-57a2d4851a1d" />
    <TestEntry testId="9290ca57-d9c5-0406-5a0b-5d94bb72a851" executionId="45ad42b7-239d-47dd-84a4-3e45ab56a43a" testListId="8c84fa94-04c1-424b-9868-57a2d4851a1d" />
    <TestEntry testId="5b6997be-31b3-7349-2994-a1f2d7a1f2e9" executionId="cc8c96a3-66ba-40b8-be65-c99341cfb437" testListId="8c84fa94-04c1-424b-9868-57a2d4851a1d" />
    <TestEntry testId="15293e73-b745-7031-75ea-b73f81777f7e" executionId="18ab0050-6c07-49a2-8d4f-2d7b227e5ce9" testListId="8c84fa94-04c1-424b-9868-57a2d4851a1d" />
    <TestEntry testId="787c6c69-6cce-497d-8947-ab4098c907c1" executionId="bb43efc7-2ea7-4395-8c5c-8f1b1898a8df" testListId="8c84fa94-04c1-424b-9868-57a2d4851a1d" />
    <TestEntry testId="b9d9971b-76aa-aba4-be5d-90640e4a5843" executionId="9819cf31-5409-4d1b-bc94-d23c062302a2" testListId="8c84fa94-04c1-424b-9868-57a2d4851a1d" />
    <TestEntry testId="386cc9ea-7b37-78a0-f60c-233d17cf37f3" executionId="4c5e58aa-a9dc-490a-84b4-80560f854f60" testListId="8c84fa94-04c1-424b-9868-57a2d4851a1d" />
    <TestEntry testId="56577bd7-d359-bec5-86b4-b54697914d86" executionId="efa6fcdb-55c6-4856-a0c6-c2aed448e76b" testListId="8c84fa94-04c1-424b-9868-57a2d4851a1d" />
    <TestEntry testId="445bb0c1-6025-61f1-93b1-209f1d7ae32e" executionId="273031b9-cbf3-41ca-b2e1-f38e4f742043" testListId="8c84fa94-04c1-424b-9868-57a2d4851a1d" />
    <TestEntry testId="949a12ab-0695-90e6-86a3-30a37121c391" executionId="d1aa7ac7-dafa-45c0-b7d0-4b65b2d28b4b" testListId="8c84fa94-04c1-424b-9868-57a2d4851a1d" />
    <TestEntry testId="64c9bcfb-8fd1-784f-770d-c1c32dd832df" executionId="1f81a3cc-8180-4ba2-8886-d2d1b7ed46d9" testListId="8c84fa94-04c1-424b-9868-57a2d4851a1d" />
    <TestEntry testId="a47f3847-a600-7325-28be-394c5c1b5836" executionId="c165daea-64b4-4640-9b5f-d9d9cb08b6ce" testListId="8c84fa94-04c1-424b-9868-57a2d4851a1d" />
    <TestEntry testId="2db81544-b9d0-9015-7d1c-1e07d48020aa" executionId="48435b44-ae55-49f1-94f6-4b3990298eda" testListId="8c84fa94-04c1-424b-9868-57a2d4851a1d" />
    <TestEntry testId="adce45a1-cec8-46b8-ad60-9a79241001ad" executionId="54b4b05a-fd14-4c4a-8e1a-f4f1b22d0862" testListId="8c84fa94-04c1-424b-9868-57a2d4851a1d" />
    <TestEntry testId="b6f7413e-8219-b637-16d2-5223aea02649" executionId="54586229-8f93-4a0d-899e-7e3b90e7ebf4" testListId="8c84fa94-04c1-424b-9868-57a2d4851a1d" />
    <TestEntry testId="a34c695e-9269-9c3b-f147-a399775a9302" executionId="667dd778-7fd8-4659-a2fd-686de32ca75e" testListId="8c84fa94-04c1-424b-9868-57a2d4851a1d" />
    <TestEntry testId="86d773de-4777-9d3e-a5e9-bbd1dbd1c27c" executionId="031193b3-078e-4e23-b8cb-48adfe54bd67" testListId="8c84fa94-04c1-424b-9868-57a2d4851a1d" />
    <TestEntry testId="f306d423-6052-c1c7-b2f4-5cfd8890a0e7" executionId="45e4208c-c56c-473e-93b5-1a6fefa4cea0" testListId="8c84fa94-04c1-424b-9868-57a2d4851a1d" />
    <TestEntry testId="753673d9-382f-ceb7-2277-e98f4527c115" executionId="d98f6b11-45d6-41a0-8cc9-f1bd029f84a0" testListId="8c84fa94-04c1-424b-9868-57a2d4851a1d" />
    <TestEntry testId="72a46ebc-b863-24f0-e3c9-3b5d362f3400" executionId="0f538791-8f85-4a8d-b585-bcc058abb97e" testListId="8c84fa94-04c1-424b-9868-57a2d4851a1d" />
    <TestEntry testId="e5829357-9b3e-7e02-a4ed-ddced7aeebba" executionId="45d0187d-cc6f-4509-83c8-e40ec02213ae" testListId="8c84fa94-04c1-424b-9868-57a2d4851a1d" />
    <TestEntry testId="104e68a3-86b9-3585-00fc-4fc37459d837" executionId="f4c1cdaf-06e3-4e0a-9472-e7dba6fcdd8b" testListId="8c84fa94-04c1-424b-9868-57a2d4851a1d" />
    <TestEntry testId="59cb2b42-9527-ec48-16f3-186a60af895a" executionId="84fc2b9f-e2fa-4d92-9038-96c94fab2a71" testListId="8c84fa94-04c1-424b-9868-57a2d4851a1d" />
    <TestEntry testId="f746b7ae-b6d9-3f9f-26fe-f53de056a7da" executionId="a09c08d7-73d6-4d77-ac3f-3fbb8ab04b9c" testListId="8c84fa94-04c1-424b-9868-57a2d4851a1d" />
    <TestEntry testId="ad8cb235-aa65-154a-d762-679c93654b79" executionId="75db575c-ff54-4bc8-8152-a9ab69d26d17" testListId="8c84fa94-04c1-424b-9868-57a2d4851a1d" />
    <TestEntry testId="59abe20d-df7d-d8e5-d898-96557d80a75d" executionId="d2375259-eabb-41b5-b791-487c39a66243" testListId="8c84fa94-04c1-424b-9868-57a2d4851a1d" />
    <TestEntry testId="3bd372df-7d48-5714-038c-caf4147c7a03" executionId="f3c5278b-1214-443a-9bb9-e07bd5a22511" testListId="8c84fa94-04c1-424b-9868-57a2d4851a1d" />
    <TestEntry testId="a64b4ec1-ddbd-c65d-ce4a-da005a7bb903" executionId="11cd8f78-f276-47be-aa99-1117b29640b7" testListId="8c84fa94-04c1-424b-9868-57a2d4851a1d" />
    <TestEntry testId="823c6adb-f642-eb86-d83d-cee2635c1f2b" executionId="a4296385-ff26-4a7d-b43f-59289efc2d72" testListId="8c84fa94-04c1-424b-9868-57a2d4851a1d" />
    <TestEntry testId="876fd313-0321-4d8c-3531-352c0691fec5" executionId="a6b07b8c-14ce-4704-a6da-915a66fbfec7" testListId="8c84fa94-04c1-424b-9868-57a2d4851a1d" />
    <TestEntry testId="7f8a84bb-6b79-fe0d-df61-a903845a3892" executionId="80dcabbe-ac52-45e2-9794-7e874cf744f9" testListId="8c84fa94-04c1-424b-9868-57a2d4851a1d" />
    <TestEntry testId="d37602cb-5ec3-5630-400f-83fc756a4ce6" executionId="bdbb2334-a7a4-40aa-acc0-6677cf84a16d" testListId="8c84fa94-04c1-424b-9868-57a2d4851a1d" />
    <TestEntry testId="e8914857-4187-dcc6-d2f6-9b6bf76d800a" executionId="f9df6458-afc0-4225-8d71-5f8e222f96a0" testListId="8c84fa94-04c1-424b-9868-57a2d4851a1d" />
    <TestEntry testId="84715a53-6688-7153-ed38-31b1694ae044" executionId="0cac17cb-f032-4165-9b78-a9ca7a2f2336" testListId="8c84fa94-04c1-424b-9868-57a2d4851a1d" />
    <TestEntry testId="6836fff6-651b-bf88-e3d4-8f053c1a7280" executionId="b79df528-c6b3-4645-89bc-87e96af0b946" testListId="8c84fa94-04c1-424b-9868-57a2d4851a1d" />
    <TestEntry testId="0991ea8a-bed7-8ce4-f8aa-27b52f4366c0" executionId="1c8511e5-2230-40ef-b51e-215fd317f750" testListId="8c84fa94-04c1-424b-9868-57a2d4851a1d" />
    <TestEntry testId="c820201b-5f0b-c756-2d26-ccfd02754114" executionId="4307e9ff-bb20-469f-a16b-da008e90fbc0" testListId="8c84fa94-04c1-424b-9868-57a2d4851a1d" />
    <TestEntry testId="1be3c0dc-b500-e677-3fbf-1c8c59775a99" executionId="e713e866-9271-434e-a97e-67a6c6f27979" testListId="8c84fa94-04c1-424b-9868-57a2d4851a1d" />
    <TestEntry testId="5ad93f45-77fc-ae8e-3285-45406396f061" executionId="13724313-b04e-40bb-8bb0-c6c72b14bac7" testListId="8c84fa94-04c1-424b-9868-57a2d4851a1d" />
    <TestEntry testId="4de98514-ca4f-7869-5a8b-722fa3e35298" executionId="0822e19a-36d8-4427-80cf-caaa76bdce7f" testListId="8c84fa94-04c1-424b-9868-57a2d4851a1d" />
    <TestEntry testId="84199d0c-6557-3dcd-d16d-56aa4c5f1a34" executionId="da9843ca-cd6c-4d52-8cee-ed2cccf37dea" testListId="8c84fa94-04c1-424b-9868-57a2d4851a1d" />
    <TestEntry testId="662b0e8c-0291-e38e-b42e-52aa1f47b937" executionId="26e59826-f6e8-42b2-9a43-e7c6463fe6a6" testListId="8c84fa94-04c1-424b-9868-57a2d4851a1d" />
    <TestEntry testId="c2065182-792c-7406-40fb-77141acb04d6" executionId="a5dbc140-17d4-4c21-b585-57fae7d578c9" testListId="8c84fa94-04c1-424b-9868-57a2d4851a1d" />
    <TestEntry testId="055959f4-1cb8-c151-82bf-1d0e2b3c64e2" executionId="e83d63d6-f141-4140-9b59-7bf1ce0079b1" testListId="8c84fa94-04c1-424b-9868-57a2d4851a1d" />
    <TestEntry testId="e3d374d2-cd47-2ef0-0ac2-bf747333e601" executionId="bc1cd4db-8710-4811-b61c-3a470f0d11ed" testListId="8c84fa94-04c1-424b-9868-57a2d4851a1d" />
    <TestEntry testId="e33cfbdb-7464-c832-6ad8-fcdbb64b9798" executionId="56a7ff4b-442d-499f-affb-06cfc0dddd50" testListId="8c84fa94-04c1-424b-9868-57a2d4851a1d" />
    <TestEntry testId="365b3ad2-8bf9-b0d6-850b-236b66b396fc" executionId="d3947b16-cebf-4fa8-ba19-09fb328dde0a" testListId="8c84fa94-04c1-424b-9868-57a2d4851a1d" />
    <TestEntry testId="1875030b-a644-93c5-dd5c-1f1864df97da" executionId="43377d7c-7fe5-444e-9a43-b22b9acb60c2" testListId="8c84fa94-04c1-424b-9868-57a2d4851a1d" />
    <TestEntry testId="5fbd5095-0f45-557c-e2ee-73d6b4fd745e" executionId="bebc22c4-e00a-4916-8372-c3c5e4dace15" testListId="8c84fa94-04c1-424b-9868-57a2d4851a1d" />
    <TestEntry testId="4daf9d7e-5c63-3492-9547-427dbe50d123" executionId="18924258-a866-46fb-b77b-ab5f5a461617" testListId="8c84fa94-04c1-424b-9868-57a2d4851a1d" />
    <TestEntry testId="844a2f7f-4c3b-403b-a93a-7d4eab1cd22d" executionId="598055d2-b99e-4f8d-aa32-328c0feecb71" testListId="8c84fa94-04c1-424b-9868-57a2d4851a1d" />
    <TestEntry testId="ddb5f9ca-c297-838c-e059-a091b67d7600" executionId="c2f6f1b6-cc21-485a-b6f8-e1de3ea57815" testListId="8c84fa94-04c1-424b-9868-57a2d4851a1d" />
    <TestEntry testId="f476e1ce-c133-427f-4694-25baaf76e570" executionId="0ef87a50-2843-43da-a5a7-0c8d5a1249dc" testListId="8c84fa94-04c1-424b-9868-57a2d4851a1d" />
    <TestEntry testId="4f94acfa-6b9c-5012-0f2c-2426678b02e4" executionId="8c61cd56-c8cf-4866-a30f-d439e8df548b" testListId="8c84fa94-04c1-424b-9868-57a2d4851a1d" />
    <TestEntry testId="4a4dbcc0-4869-c712-7ffd-70e416acd6c1" executionId="d29b80bc-7e46-41a9-bf4e-a8620f98755f" testListId="8c84fa94-04c1-424b-9868-57a2d4851a1d" />
    <TestEntry testId="0c00bc16-e641-5c6e-0db0-dd38726c5dfa" executionId="a8808226-b47a-4ccb-95c3-85b2dfff2232" testListId="8c84fa94-04c1-424b-9868-57a2d4851a1d" />
    <TestEntry testId="360887c9-39e3-b727-7a4b-ead139cae19e" executionId="bdaf4fe6-403d-4d80-ad83-63962f7981a4" testListId="8c84fa94-04c1-424b-9868-57a2d4851a1d" />
    <TestEntry testId="7b74fcaf-7f4c-62c4-2f65-29892b4b2944" executionId="cd9aac4d-f003-4aa1-a320-b424cc9f92bf" testListId="8c84fa94-04c1-424b-9868-57a2d4851a1d" />
    <TestEntry testId="b5bc27a0-2da5-a33f-653a-e35094f2005a" executionId="dc336068-0f58-4800-b389-5a9dea48f898" testListId="8c84fa94-04c1-424b-9868-57a2d4851a1d" />
    <TestEntry testId="f1bf022b-f5b0-a1ba-cc13-2716e28cce69" executionId="e6325fd6-351a-40ad-9ec0-4b172b3172c3" testListId="8c84fa94-04c1-424b-9868-57a2d4851a1d" />
    <TestEntry testId="f86b7eec-ac05-7e58-fe8d-8c52a75d03b0" executionId="43d99c32-c837-453b-b7de-b80584d07cec" testListId="8c84fa94-04c1-424b-9868-57a2d4851a1d" />
    <TestEntry testId="d5e9536a-a173-fa4d-81e0-e9b3af65e505" executionId="377c1b22-b66f-460c-9512-eff9d5d8e783" testListId="8c84fa94-04c1-424b-9868-57a2d4851a1d" />
    <TestEntry testId="29099102-9c80-32fc-d2bd-4ef74367fc45" executionId="61d0b319-417f-4d8c-a34c-1effa91140ce" testListId="8c84fa94-04c1-424b-9868-57a2d4851a1d" />
    <TestEntry testId="0b7ad5b6-820b-593e-7a5e-89af7592b9d2" executionId="9d8e42c4-c754-4179-a6e4-c5b511ecd5ad" testListId="8c84fa94-04c1-424b-9868-57a2d4851a1d" />
    <TestEntry testId="37edd3f8-555b-165d-9815-f413ba7fc025" executionId="55f14913-3b6a-421a-8e8a-480c42e5e9a3" testListId="8c84fa94-04c1-424b-9868-57a2d4851a1d" />
    <TestEntry testId="a09b626d-702c-528d-5c85-c015ebc8a161" executionId="86948d9b-b271-4388-b166-bf48df116a64" testListId="8c84fa94-04c1-424b-9868-57a2d4851a1d" />
    <TestEntry testId="fa0ad4ea-73dd-2e02-a960-45ebddbac465" executionId="d409ff3c-d454-4ee1-b86a-54731cd7cfdb" testListId="8c84fa94-04c1-424b-9868-57a2d4851a1d" />
    <TestEntry testId="79fc8c52-92b4-4e17-3321-6902e919e502" executionId="2a2b8ab0-c46e-4513-8f4a-0baef0e0fc6f" testListId="8c84fa94-04c1-424b-9868-57a2d4851a1d" />
    <TestEntry testId="e01aaa68-e9d9-359e-18ec-8f7765bd5dfa" executionId="72187fd5-a352-4fad-b8fb-5dba180b7ddc" testListId="8c84fa94-04c1-424b-9868-57a2d4851a1d" />
    <TestEntry testId="73d20287-9690-cb3f-a407-9c0b98f24e2f" executionId="b2d31974-a749-4fe1-952a-f39c9f515faa" testListId="8c84fa94-04c1-424b-9868-57a2d4851a1d" />
    <TestEntry testId="9e9f0c3b-ac73-d05f-1e18-2f5f1e5544a7" executionId="36293cf0-907a-40c9-b590-947eec4a71d3" testListId="8c84fa94-04c1-424b-9868-57a2d4851a1d" />
    <TestEntry testId="5cba6cc2-48e3-c9bc-351a-71766bd2ac8e" executionId="9c04df3d-c795-465a-8d07-147680458eac" testListId="8c84fa94-04c1-424b-9868-57a2d4851a1d" />
    <TestEntry testId="16a03f5e-5779-5fc4-1332-cea6097d1a2a" executionId="03db8386-2b98-4ae4-8c82-88c6a7abed4f" testListId="8c84fa94-04c1-424b-9868-57a2d4851a1d" />
    <TestEntry testId="c6ea3166-c8c0-850d-76c1-f496c41899a1" executionId="0987e29e-e3e3-48d3-8b18-ce32de306d4e" testListId="8c84fa94-04c1-424b-9868-57a2d4851a1d" />
    <TestEntry testId="b3585560-dba8-3e63-4b62-9519ea1d16ea" executionId="7b2f2026-efa0-4096-b425-13f9a1cfec59" testListId="8c84fa94-04c1-424b-9868-57a2d4851a1d" />
    <TestEntry testId="1f7c0a01-c9ae-a63a-43c6-95f47615db2d" executionId="5a7b70c3-9860-4d90-8649-b8f4fd99c19a" testListId="8c84fa94-04c1-424b-9868-57a2d4851a1d" />
    <TestEntry testId="c8b8fb04-d77e-572b-dd36-6bcedb1341da" executionId="8e4a25c1-2028-45f8-b628-7bae26218355" testListId="8c84fa94-04c1-424b-9868-57a2d4851a1d" />
    <TestEntry testId="be70d432-c9ac-cd8e-518c-5c50db377600" executionId="dc6af40b-8276-4f1f-bddf-2d279c73db4e" testListId="8c84fa94-04c1-424b-9868-57a2d4851a1d" />
    <TestEntry testId="596f48aa-eb10-0ec3-ec41-22df37da8cf2" executionId="da933f20-389d-43df-9ebc-89c64e1ee92d" testListId="8c84fa94-04c1-424b-9868-57a2d4851a1d" />
    <TestEntry testId="59f9cb74-50bc-9ae8-13aa-dfe6da6c3133" executionId="85ac2d3b-3a36-41da-abaa-b8d1d6a6dc24" testListId="8c84fa94-04c1-424b-9868-57a2d4851a1d" />
    <TestEntry testId="7026a4a3-5256-f830-d3b6-ff9892a100f8" executionId="241c5e26-bb4e-47b3-8d4d-2df5a7f54ddc" testListId="8c84fa94-04c1-424b-9868-57a2d4851a1d" />
    <TestEntry testId="9e6daa56-c080-fa96-1db5-1069fef12ac5" executionId="0d5e7577-ad98-4715-a537-65e000bd1b27" testListId="8c84fa94-04c1-424b-9868-57a2d4851a1d" />
    <TestEntry testId="ac6cbd3b-57b4-99a3-21e4-b6f9a619d755" executionId="f729ba5a-319f-422e-b63d-dbbe151a1550" testListId="8c84fa94-04c1-424b-9868-57a2d4851a1d" />
    <TestEntry testId="0655caad-571b-ad89-afd9-d060d3d0400a" executionId="833c48fc-e6c0-4471-ac09-b7c9a8f41d3b" testListId="8c84fa94-04c1-424b-9868-57a2d4851a1d" />
    <TestEntry testId="49297b9f-bd52-f7e9-b18c-d598f0b2f817" executionId="f29dda46-ce5c-49e6-a564-0a7cc4ee1d25" testListId="8c84fa94-04c1-424b-9868-57a2d4851a1d" />
    <TestEntry testId="44331929-c2df-f7e4-e45a-10f197f82239" executionId="b0d13fd9-3b13-4eaf-ae40-15c017c9b948" testListId="8c84fa94-04c1-424b-9868-57a2d4851a1d" />
    <TestEntry testId="46de6831-ed11-b125-2218-f7e08b352796" executionId="0537b2cd-fe1d-4cda-a0f1-96c1d4254b79" testListId="8c84fa94-04c1-424b-9868-57a2d4851a1d" />
    <TestEntry testId="6732f29f-c992-261e-ca76-cecacf591aee" executionId="3ddbe545-e22a-40e0-af6a-42a5885775d6" testListId="8c84fa94-04c1-424b-9868-57a2d4851a1d" />
    <TestEntry testId="6c485039-6619-3cc8-007e-c2ccfa03b326" executionId="2b8798c0-7b6c-4734-9add-207bc81c156f" testListId="8c84fa94-04c1-424b-9868-57a2d4851a1d" />
    <TestEntry testId="4fbdf399-179e-7d20-49c0-a6e0bed8a19a" executionId="3622609c-459b-4cbb-a1a6-d2b87bb0ae0f" testListId="8c84fa94-04c1-424b-9868-57a2d4851a1d" />
    <TestEntry testId="639a6640-54ae-56e4-ac20-13b13c4724c7" executionId="ff9a5a44-0470-45ca-855d-602e9413f1ad" testListId="8c84fa94-04c1-424b-9868-57a2d4851a1d" />
    <TestEntry testId="49fa6d69-20b2-1b94-dd21-42d1870db3be" executionId="0ca9798f-2ded-47af-9c95-24019369a493" testListId="8c84fa94-04c1-424b-9868-57a2d4851a1d" />
    <TestEntry testId="82912c51-586f-df5d-4d94-952e6917dba6" executionId="1235e3c1-dfb9-443a-83a5-b64463aa0577" testListId="8c84fa94-04c1-424b-9868-57a2d4851a1d" />
    <TestEntry testId="9fd0a134-fee4-84eb-f0ab-ed663948af70" executionId="77193860-efdd-457d-9735-392ad61af506" testListId="8c84fa94-04c1-424b-9868-57a2d4851a1d" />
    <TestEntry testId="cc767c4c-8b8f-e9ec-e082-b7b22e8c1592" executionId="fa3b99a1-779b-477b-a278-2c3f0e0c5a92" testListId="8c84fa94-04c1-424b-9868-57a2d4851a1d" />
    <TestEntry testId="b5a139fa-3b46-30d7-4b73-3a0f6ba6930c" executionId="283a68d1-244d-4b6d-9730-80765cc5ff61" testListId="8c84fa94-04c1-424b-9868-57a2d4851a1d" />
    <TestEntry testId="5f5c51aa-06cd-f6e2-8f96-a0ab1a3cd4e2" executionId="a2f341f6-d4d8-41d4-85a9-55ffcb41c985" testListId="8c84fa94-04c1-424b-9868-57a2d4851a1d" />
    <TestEntry testId="ef822aba-061f-9f81-ea65-076eca6dcf2c" executionId="d0377c17-92c7-4e4f-9b26-98f0b4a76998" testListId="8c84fa94-04c1-424b-9868-57a2d4851a1d" />
    <TestEntry testId="bf96bed2-57c5-f0eb-0fc0-ecfcc361bc1e" executionId="1ca71f4e-9516-4565-853c-7b5f63eed185" testListId="8c84fa94-04c1-424b-9868-57a2d4851a1d" />
    <TestEntry testId="7b29e087-4acb-81d0-d235-3026c9811d03" executionId="f1da76c9-4b0e-4dd9-8322-56aee8ac08da" testListId="8c84fa94-04c1-424b-9868-57a2d4851a1d" />
    <TestEntry testId="c38e6a0d-cc41-6851-d1c0-7d68334871ff" executionId="2cdee13a-2a25-48e8-874d-09132e59843a" testListId="8c84fa94-04c1-424b-9868-57a2d4851a1d" />
    <TestEntry testId="b24fd203-7ffe-f0ec-f29b-4c5d6a05001f" executionId="7b3d4969-0a43-446a-be34-38361c7a2d87" testListId="8c84fa94-04c1-424b-9868-57a2d4851a1d" />
    <TestEntry testId="f9ecfceb-5da9-1c80-07ba-a7ff84970a3e" executionId="61682e30-75db-4377-b907-9fda9970b205" testListId="8c84fa94-04c1-424b-9868-57a2d4851a1d" />
    <TestEntry testId="582b740c-c76a-7964-75ff-d45748e5c0d1" executionId="b03c6e7c-fa6f-4d8c-ae6a-0b2cc36586f9" testListId="8c84fa94-04c1-424b-9868-57a2d4851a1d" />
    <TestEntry testId="57c0dc6d-6a60-db77-cb26-28e935b40039" executionId="bb629a6c-7a74-4ca2-a6d3-afdd924d5e23" testListId="8c84fa94-04c1-424b-9868-57a2d4851a1d" />
    <TestEntry testId="455046f7-77d8-3003-721e-5e241a60e556" executionId="7361e1f0-28eb-4f67-922d-4437114b61b0" testListId="8c84fa94-04c1-424b-9868-57a2d4851a1d" />
    <TestEntry testId="5e261ff7-1116-dc1f-0887-d44bf9232fb2" executionId="f09fcec5-54b5-407f-96a2-55c1927efa5f" testListId="8c84fa94-04c1-424b-9868-57a2d4851a1d" />
  </TestEntries>
  <TestLists>
    <TestList name="Ergebnisse nicht in einer Liste" id="8c84fa94-04c1-424b-9868-57a2d4851a1d" />
    <TestList name="Alle geladenen Ergebnisse" id="19431567-8539-422a-85d7-44ee4e166bda" />
  </TestLists>
  <ResultSummary outcome="Completed">
    <Counters total="134" executed="134" passed="134" failed="0" error="0" timeout="0" aborted="0" inconclusive="0" passedButRunAborted="0" notRunnable="0" notExecuted="0" disconnected="0" warning="0" completed="0" inProgress="0" pending="0" />
    <Output>
      <StdOut>[xUnit.net 00:00:00.00] xUnit.net VSTest Adapter v3.1.5+1b188a7b0a (64-bit .NET 10.0.12)&#xD;
[xUnit.net 00:00:00.80]   Discovering: FinanceManager.Tests.Integration&#xD;
[xUnit.net 00:00:01.03]   Discovered:  FinanceManager.Tests.Integration&#xD;
[xUnit.net 00:00:01.18]   Starting:    FinanceManager.Tests.Integration&#xD;
[xUnit.net 00:03:18.20]   Finished:    FinanceManager.Tests.Integration (ID = 'cd4a725ea9bcf214738cd2d5e63164545cc4a1d2c30bbf855433cbcd673e233a')&#xD;
</StdOut>
    </Output>
    <CollectorDataEntries>
      <Collector agentName="DESKTOP-CM8OBSG" uri="datacollector://microsoft/CoverletCodeCoverage/1.0" collectorDisplayName="XPlat code coverage">
        <UriAttachments>
          <UriAttachment>
            <A href="DESKTOP-CM8OBSG\coverage.cobertura.xml"></A>
          </UriAttachment>
        </UriAttachments>
      </Collector>
    </CollectorDataEntries>
  </ResultSummary>
</TestRun>